#
# There is insufficient memory for the Java Runtime Environment to continue.
# Native memory allocation (malloc) failed to allocate 437136 bytes for Chunk::new
# Possible reasons:
#   The system is out of physical RAM or swap space
#   In 32 bit mode, the process size limit was hit
# Possible solutions:
#   Reduce memory load on the system
#   Increase physical memory or swap space
#   Check if swap backing store is full
#   Use 64 bit Java on a 64 bit OS
#   Decrease Java heap size (-Xmx/-Xms)
#   Decrease number of Java threads
#   Decrease Java thread stack sizes (-Xss)
#   Set larger code cache with -XX:ReservedCodeCacheSize=
# This output file may be truncated or incomplete.
#
#  Out of Memory Error (allocation.cpp:388), pid=9684, tid=7892
#
# JRE version: Java(TM) SE Runtime Environment (8.0_05-b13) (build 1.8.0_05-b13)
# Java VM: Java HotSpot(TM) 64-Bit Server VM (25.5-b02 mixed mode windows-amd64 compressed oops)
# Failed to write core dump. Minidumps are not enabled by default on client versions of Windows
#

---------------  T H R E A D  ---------------

Current thread (0x0000000014b10800):  JavaThread "C2 CompilerThread1" daemon [_thread_in_native, id=7892, stack(0x0000000016180000,0x0000000016280000)]

Stack: [0x0000000016180000,0x0000000016280000]
Native frames: (J=compiled Java code, j=interpreted, Vv=VM code, C=native code)
V  [jvm.dll+0x308dea]


Current CompileTask:
C2:   4628 1223       4       com.android.dx.ssa.LiteralOpUpgrader$1::visitNonMoveInsn (203 bytes)


---------------  P R O C E S S  ---------------

Java Threads: ( => current thread )
  0x0000000014b69800 JavaThread "Service Thread" daemon [_thread_blocked, id=8300, stack(0x0000000016380000,0x0000000016480000)]
  0x0000000014b59000 JavaThread "C1 CompilerThread2" daemon [_thread_blocked, id=6184, stack(0x0000000016280000,0x0000000016380000)]
=>0x0000000014b10800 JavaThread "C2 CompilerThread1" daemon [_thread_in_native, id=7892, stack(0x0000000016180000,0x0000000016280000)]
  0x0000000014b0d800 JavaThread "C2 CompilerThread0" daemon [_thread_in_native, id=8728, stack(0x0000000016080000,0x0000000016180000)]
  0x0000000014b0c000 JavaThread "Attach Listener" daemon [_thread_blocked, id=2236, stack(0x0000000015f80000,0x0000000016080000)]
  0x0000000014b0b000 JavaThread "Signal Dispatcher" daemon [_thread_blocked, id=4208, stack(0x0000000015e80000,0x0000000015f80000)]
  0x000000000242f800 JavaThread "Finalizer" daemon [_thread_blocked, id=6684, stack(0x0000000015d80000,0x0000000015e80000)]
  0x0000000014ad8000 JavaThread "Reference Handler" daemon [_thread_blocked, id=5444, stack(0x0000000015c80000,0x0000000015d80000)]
  0x0000000002342800 JavaThread "main" [_thread_in_Java, id=9308, stack(0x0000000002240000,0x0000000002340000)]

Other Threads:
  0x0000000014ad6000 VMThread [stack: 0x0000000015b80000,0x0000000015c80000] [id=3560]
  0x0000000014b6c000 WatcherThread [stack: 0x0000000016480000,0x0000000016580000] [id=4040]

VM state:not at safepoint (normal execution)

VM Mutex/Monitor currently owned by a thread: None

Heap:
 PSYoungGen      total 7680K, used 3605K [0x00000000eab00000, 0x00000000eb500000, 0x0000000100000000)
  eden space 5120K, 51% used [0x00000000eab00000,0x00000000ead8d5a0,0x00000000eb000000)
  from space 2560K, 38% used [0x00000000eb280000,0x00000000eb378010,0x00000000eb500000)
  to   space 2560K, 0% used [0x00000000eb000000,0x00000000eb000000,0x00000000eb280000)
 ParOldGen       total 55808K, used 4075K [0x00000000c0000000, 0x00000000c3680000, 0x00000000eab00000)
  object space 55808K, 7% used [0x00000000c0000000,0x00000000c03fac50,0x00000000c3680000)
 Metaspace       used 5069K, capacity 6512K, committed 6784K, reserved 1056768K
  class space    used 535K, capacity 616K, committed 640K, reserved 1048576K

Card table byte_map: [0x0000000011800000,0x0000000011a10000] byte_map_base: 0x0000000011200000

Marking Bits: (ParMarkBitMap*) 0x000000005d4c13b0
 Begin Bits: [0x0000000011f70000, 0x0000000012f70000)
 End Bits:   [0x0000000012f70000, 0x0000000013f70000)

Polling page: 0x00000000021a0000

CodeCache: size=245760Kb used=4807Kb max_used=4814Kb free=240952Kb
 bounds [0x0000000002440000, 0x0000000002900000, 0x0000000011440000]
 total_blobs=1480 nmethods=1222 adapters=172
 compilation: enabled

Compilation events (10 events):
Event: 4.495 Thread 0x0000000014b0d800 nmethod 1222 0x00000000028f7690 code [0x00000000028f7940, 0x00000000028f8bd0]
Event: 4.496 Thread 0x0000000014b0d800 1224       4       com.android.dx.ssa.LiteralOpUpgrader::tryReplacingWithConstant (161 bytes)
Event: 4.507 Thread 0x0000000014b59000 1227       3       com.android.dx.rop.code.AccessFlags::isStatic (13 bytes)
Event: 4.507 Thread 0x0000000014b59000 nmethod 1227 0x00000000028f00d0 code [0x00000000028f0220, 0x00000000028f03b0]
Event: 4.518 Thread 0x0000000014b59000 1229       3       com.android.dx.rop.type.Type::internClassName (56 bytes)
Event: 4.520 Thread 0x0000000014b59000 nmethod 1229 0x00000000028f6010 code [0x00000000028f6260, 0x00000000028f6fd8]
Event: 4.524 Thread 0x0000000014b59000 1231       1       com.android.dx.rop.code.Insn$BaseVisitor::visitThrowingCstInsn (1 bytes)
Event: 4.524 Thread 0x0000000014b59000 nmethod 1231 0x00000000028e8d10 code [0x00000000028e8e60, 0x00000000028e8f70]
Event: 4.524 Thread 0x0000000014b59000 1232       3       com.android.dx.rop.cst.CstBaseMethodRef::isClassInit (8 bytes)
Event: 4.524 Thread 0x0000000014b59000 nmethod 1232 0x00000000028e8610 code [0x00000000028e8780, 0x00000000028e8ba8]

GC Heap History (10 events):
Event: 1.071 GC heap before
{Heap before GC invocations=6 (full 0):
 PSYoungGen      total 2560K, used 2550K [0x00000000eab00000, 0x00000000eb200000, 0x0000000100000000)
  eden space 2048K, 100% used [0x00000000eab00000,0x00000000ead00000,0x00000000ead00000)
  from space 512K, 98% used [0x00000000ead00000,0x00000000ead7da00,0x00000000ead80000)
  to   space 1536K, 0% used [0x00000000eb080000,0x00000000eb080000,0x00000000eb200000)
 ParOldGen       total 55808K, used 1512K [0x00000000c0000000, 0x00000000c3680000, 0x00000000eab00000)
  object space 55808K, 2% used [0x00000000c0000000,0x00000000c017a0f8,0x00000000c3680000)
 Metaspace       used 4591K, capacity 6096K, committed 6272K, reserved 1056768K
  class space    used 514K, capacity 584K, committed 640K, reserved 1048576K
Event: 1.136 GC heap after
Heap after GC invocations=6 (full 0):
 PSYoungGen      total 5632K, used 1286K [0x00000000eab00000, 0x00000000eb200000, 0x0000000100000000)
  eden space 4096K, 0% used [0x00000000eab00000,0x00000000eab00000,0x00000000eaf00000)
  from space 1536K, 83% used [0x00000000eb080000,0x00000000eb1c19a0,0x00000000eb200000)
  to   space 1536K, 0% used [0x00000000eaf00000,0x00000000eaf00000,0x00000000eb080000)
 ParOldGen       total 55808K, used 1520K [0x00000000c0000000, 0x00000000c3680000, 0x00000000eab00000)
  object space 55808K, 2% used [0x00000000c0000000,0x00000000c017c0f8,0x00000000c3680000)
 Metaspace       used 4591K, capacity 6096K, committed 6272K, reserved 1056768K
  class space    used 514K, capacity 584K, committed 640K, reserved 1048576K
}
Event: 1.880 GC heap before
{Heap before GC invocations=7 (full 0):
 PSYoungGen      total 5632K, used 5382K [0x00000000eab00000, 0x00000000eb200000, 0x0000000100000000)
  eden space 4096K, 100% used [0x00000000eab00000,0x00000000eaf00000,0x00000000eaf00000)
  from space 1536K, 83% used [0x00000000eb080000,0x00000000eb1c19a0,0x00000000eb200000)
  to   space 1536K, 0% used [0x00000000eaf00000,0x00000000eaf00000,0x00000000eb080000)
 ParOldGen       total 55808K, used 1520K [0x00000000c0000000, 0x00000000c3680000, 0x00000000eab00000)
  object space 55808K, 2% used [0x00000000c0000000,0x00000000c017c0f8,0x00000000c3680000)
 Metaspace       used 4897K, capacity 6384K, committed 6528K, reserved 1056768K
  class space    used 531K, capacity 616K, committed 640K, reserved 1048576K
Event: 1.932 GC heap after
Heap after GC invocations=7 (full 0):
 PSYoungGen      total 5632K, used 1510K [0x00000000eab00000, 0x00000000eb200000, 0x0000000100000000)
  eden space 4096K, 0% used [0x00000000eab00000,0x00000000eab00000,0x00000000eaf00000)
  from space 1536K, 98% used [0x00000000eaf00000,0x00000000eb0799a0,0x00000000eb080000)
  to   space 1536K, 0% used [0x00000000eb080000,0x00000000eb080000,0x00000000eb200000)
 ParOldGen       total 55808K, used 1873K [0x00000000c0000000, 0x00000000c3680000, 0x00000000eab00000)
  object space 55808K, 3% used [0x00000000c0000000,0x00000000c01d4568,0x00000000c3680000)
 Metaspace       used 4897K, capacity 6384K, committed 6528K, reserved 1056768K
  class space    used 531K, capacity 616K, committed 640K, reserved 1048576K
}
Event: 2.541 GC heap before
{Heap before GC invocations=8 (full 0):
 PSYoungGen      total 5632K, used 5606K [0x00000000eab00000, 0x00000000eb200000, 0x0000000100000000)
  eden space 4096K, 100% used [0x00000000eab00000,0x00000000eaf00000,0x00000000eaf00000)
  from space 1536K, 98% used [0x00000000eaf00000,0x00000000eb0799a0,0x00000000eb080000)
  to   space 1536K, 0% used [0x00000000eb080000,0x00000000eb080000,0x00000000eb200000)
 ParOldGen       total 55808K, used 1873K [0x00000000c0000000, 0x00000000c3680000, 0x00000000eab00000)
  object space 55808K, 3% used [0x00000000c0000000,0x00000000c01d4568,0x00000000c3680000)
 Metaspace       used 4976K, capacity 6448K, committed 6528K, reserved 1056768K
  class space    used 534K, capacity 616K, committed 640K, reserved 1048576K
Event: 2.567 GC heap after
Heap after GC invocations=8 (full 0):
 PSYoungGen      total 4608K, used 1522K [0x00000000eab00000, 0x00000000eb800000, 0x0000000100000000)
  eden space 3072K, 0% used [0x00000000eab00000,0x00000000eab00000,0x00000000eae00000)
  from space 1536K, 99% used [0x00000000eb080000,0x00000000eb1fc878,0x00000000eb200000)
  to   space 2560K, 0% used [0x00000000eae00000,0x00000000eae00000,0x00000000eb080000)
 ParOldGen       total 55808K, used 2550K [0x00000000c0000000, 0x00000000c3680000, 0x00000000eab00000)
  object space 55808K, 4% used [0x00000000c0000000,0x00000000c027db80,0x00000000c3680000)
 Metaspace       used 4976K, capacity 6448K, committed 6528K, reserved 1056768K
  class space    used 534K, capacity 616K, committed 640K, reserved 1048576K
}
Event: 3.114 GC heap before
{Heap before GC invocations=9 (full 0):
 PSYoungGen      total 4608K, used 4594K [0x00000000eab00000, 0x00000000eb800000, 0x0000000100000000)
  eden space 3072K, 100% used [0x00000000eab00000,0x00000000eae00000,0x00000000eae00000)
  from space 1536K, 99% used [0x00000000eb080000,0x00000000eb1fc878,0x00000000eb200000)
  to   space 2560K, 0% used [0x00000000eae00000,0x00000000eae00000,0x00000000eb080000)
 ParOldGen       total 55808K, used 2550K [0x00000000c0000000, 0x00000000c3680000, 0x00000000eab00000)
  object space 55808K, 4% used [0x00000000c0000000,0x00000000c027db80,0x00000000c3680000)
 Metaspace       used 5014K, capacity 6448K, committed 6528K, reserved 1056768K
  class space    used 534K, capacity 616K, committed 640K, reserved 1048576K
Event: 3.117 GC heap after
Heap after GC invocations=9 (full 0):
 PSYoungGen      total 5632K, used 1554K [0x00000000eab00000, 0x00000000eb500000, 0x0000000100000000)
  eden space 3072K, 0% used [0x00000000eab00000,0x00000000eab00000,0x00000000eae00000)
  from space 2560K, 60% used [0x00000000eae00000,0x00000000eaf84860,0x00000000eb080000)
  to   space 2560K, 0% used [0x00000000eb280000,0x00000000eb280000,0x00000000eb500000)
 ParOldGen       total 55808K, used 3054K [0x00000000c0000000, 0x00000000c3680000, 0x00000000eab00000)
  object space 55808K, 5% used [0x00000000c0000000,0x00000000c02fbb98,0x00000000c3680000)
 Metaspace       used 5014K, capacity 6448K, committed 6528K, reserved 1056768K
  class space    used 534K, capacity 616K, committed 640K, reserved 1048576K
}
Event: 3.332 GC heap before
{Heap before GC invocations=10 (full 0):
 PSYoungGen      total 5632K, used 4626K [0x00000000eab00000, 0x00000000eb500000, 0x0000000100000000)
  eden space 3072K, 100% used [0x00000000eab00000,0x00000000eae00000,0x00000000eae00000)
  from space 2560K, 60% used [0x00000000eae00000,0x00000000eaf84860,0x00000000eb080000)
  to   space 2560K, 0% used [0x00000000eb280000,0x00000000eb280000,0x00000000eb500000)
 ParOldGen       total 55808K, used 3054K [0x00000000c0000000, 0x00000000c3680000, 0x00000000eab00000)
  object space 55808K, 5% used [0x00000000c0000000,0x00000000c02fbb98,0x00000000c3680000)
 Metaspace       used 5039K, capacity 6512K, committed 6784K, reserved 1056768K
  class space    used 534K, capacity 616K, committed 640K, reserved 1048576K
Event: 3.513 GC heap after
Heap after GC invocations=10 (full 0):
 PSYoungGen      total 7680K, used 992K [0x00000000eab00000, 0x00000000eb500000, 0x0000000100000000)
  eden space 5120K, 0% used [0x00000000eab00000,0x00000000eab00000,0x00000000eb000000)
  from space 2560K, 38% used [0x00000000eb280000,0x00000000eb378010,0x00000000eb500000)
  to   space 2560K, 0% used [0x00000000eb000000,0x00000000eb000000,0x00000000eb280000)
 ParOldGen       total 55808K, used 4075K [0x00000000c0000000, 0x00000000c3680000, 0x00000000eab00000)
  object space 55808K, 7% used [0x00000000c0000000,0x00000000c03fac50,0x00000000c3680000)
 Metaspace       used 5039K, capacity 6512K, committed 6784K, reserved 1056768K
  class space    used 534K, capacity 616K, committed 640K, reserved 1048576K
}

Deoptimization events (10 events):
Event: 2.280 Thread 0x0000000002342800 Uncommon trap: reason=unreached action=reinterpret pc=0x00000000027ac320 method=com.android.dx.rop.code.RegisterSpec.equals(ILcom/android/dx/rop/type/TypeBearer;Lcom/android/dx/rop/code/LocalItem;)Z @ 24
Event: 2.281 Thread 0x0000000002342800 Uncommon trap: reason=null_assert action=make_not_entrant pc=0x00000000026984a8 method=com.android.dx.rop.code.RegisterSpec$ForComparison.equals(Ljava/lang/Object;)Z @ 27
Event: 2.317 Thread 0x0000000002342800 Uncommon trap: reason=unreached action=reinterpret pc=0x00000000027994b0 method=com.android.dx.rop.code.RegisterSpec.equals(ILcom/android/dx/rop/type/TypeBearer;Lcom/android/dx/rop/code/LocalItem;)Z @ 24
Event: 2.539 Thread 0x0000000002342800 Uncommon trap: reason=unreached action=reinterpret pc=0x000000000275fb94 method=com.android.dx.rop.code.RegisterSpec.equals(ILcom/android/dx/rop/type/TypeBearer;Lcom/android/dx/rop/code/LocalItem;)Z @ 24
Event: 3.121 Thread 0x0000000002342800 Uncommon trap: reason=null_check action=make_not_entrant pc=0x00000000027a97e0 method=com.android.dx.rop.type.Type.equals(Ljava/lang/Object;)Z @ 8
Event: 3.718 Thread 0x0000000002342800 Uncommon trap: reason=class_check action=maybe_recompile pc=0x0000000002851804 method=com.android.dx.ssa.NormalSsaInsn.accept(Lcom/android/dx/ssa/SsaInsn$Visitor;)V @ 9
Event: 3.731 Thread 0x0000000002342800 Uncommon trap: reason=class_check action=maybe_recompile pc=0x0000000002851804 method=com.android.dx.ssa.NormalSsaInsn.accept(Lcom/android/dx/ssa/SsaInsn$Visitor;)V @ 9
Event: 3.738 Thread 0x0000000002342800 Uncommon trap: reason=class_check action=maybe_recompile pc=0x0000000002851804 method=com.android.dx.ssa.NormalSsaInsn.accept(Lcom/android/dx/ssa/SsaInsn$Visitor;)V @ 9
Event: 3.738 Thread 0x0000000002342800 Uncommon trap: reason=class_check action=maybe_recompile pc=0x00000000026a6170 method=com.android.dx.ssa.NormalSsaInsn.accept(Lcom/android/dx/ssa/SsaInsn$Visitor;)V @ 9
Event: 3.765 Thread 0x0000000002342800 Uncommon trap: reason=unreached action=reinterpret pc=0x00000000028203dc method=com.android.dx.ssa.SsaMethod.updateOneDefinition(Lcom/android/dx/ssa/SsaInsn;Lcom/android/dx/rop/code/RegisterSpec;)V @ 4

Internal exceptions (3 events):
Event: 0.049 Thread 0x0000000002342800 Exception <a 'java/lang/NoSuchMethodError': Method sun.misc.Unsafe.defineClass(Ljava/lang/String;[BII)Ljava/lang/Class; name or signature does not match> (0x00000000eab0ef50) thrown at [D:\re\workspace\8-2-build-windows-amd64-cygwin\jdk8u5\2488\hotspot\src-¹`–zD©?
Event: 0.049 Thread 0x0000000002342800 Exception <a 'java/lang/NoSuchMethodError': Method sun.misc.Unsafe.prefetchRead(Ljava/lang/Object;J)V name or signature does not match> (0x00000000eab0f1e0) thrown at [D:\re\workspace\8-2-build-windows-amd64-cygwin\jdk8u5\2488\hotspot\src\share\vm\prims\jnÄ8suÀø@
Event: 3.121 Thread 0x0000000002342800 Implicit null exception at 0x00000000027a96e2 to 0x00000000027a97d2

Events (10 events):
Event: 3.738 Thread 0x0000000002342800 DEOPT PACKING pc=0x0000000002851804 sp=0x000000000233e960
Event: 3.738 Thread 0x0000000002342800 DEOPT UNPACKING pc=0x00000000024855af sp=0x000000000233e840 mode 2
Event: 3.738 Thread 0x0000000002342800 Uncommon trap: trap_request=0xffffffde fr.pc=0x00000000026a6170
Event: 3.738 Thread 0x0000000002342800 DEOPT PACKING pc=0x00000000026a6170 sp=0x000000000233e890
Event: 3.738 Thread 0x0000000002342800 DEOPT UNPACKING pc=0x00000000024855af sp=0x000000000233e830 mode 2
Event: 3.765 Thread 0x0000000002342800 Uncommon trap: trap_request=0xffffffad fr.pc=0x00000000028203dc
Event: 3.765 Thread 0x0000000002342800 DEOPT PACKING pc=0x00000000028203dc sp=0x000000000233e6a0
Event: 3.765 Thread 0x0000000002342800 DEOPT UNPACKING pc=0x00000000024855af sp=0x000000000233e648 mode 2
Event: 4.137 Executing VM operation: EnableBiasedLocking
Event: 4.312 Executing VM operation: EnableBiasedLocking done


Dynamic libraries:
0x00007ff711e90000 - 0x00007ff711ec4000 	C:\PROGRA~1\Java\JDK18~1.0_0\bin\java.exe
0x00007ffcf8410000 - 0x00007ffcf85ba000 	C:\WINDOWS\SYSTEM32\ntdll.dll
0x00007ffcf62d0000 - 0x00007ffcf640a000 	C:\WINDOWS\system32\KERNEL32.DLL
0x00007ffcf5950000 - 0x00007ffcf5a5f000 	C:\WINDOWS\system32\KERNELBASE.dll
0x00007ffcf4210000 - 0x00007ffcf4298000 	C:\WINDOWS\system32\apphelp.dll
0x00007ffcecf80000 - 0x00007ffcecfcf000 	C:\WINDOWS\AppPatch\AppPatch64\AcGenral.DLL
0x00007ffcf7e70000 - 0x00007ffcf7f17000 	C:\WINDOWS\system32\msvcrt.dll
0x00007ffcf55c0000 - 0x00007ffcf55eb000 	C:\WINDOWS\SYSTEM32\SspiCli.dll
0x00007ffcf7f20000 - 0x00007ffcf7f71000 	C:\WINDOWS\system32\SHLWAPI.dll
0x00007ffcf5d00000 - 0x00007ffcf5e71000 	C:\WINDOWS\system32\USER32.dll
0x00007ffcf7f80000 - 0x00007ffcf80f8000 	C:\WINDOWS\system32\ole32.dll
0x00007ffcf69b0000 - 0x00007ffcf7dd0000 	C:\WINDOWS\system32\SHELL32.dll
0x00007ffcf4df0000 - 0x00007ffcf4e0e000 	C:\WINDOWS\SYSTEM32\USERENV.dll
0x00007ffcf82b0000 - 0x00007ffcf8355000 	C:\WINDOWS\system32\ADVAPI32.dll
0x00007ffce65b0000 - 0x00007ffce65cb000 	C:\WINDOWS\SYSTEM32\MPR.dll
0x00007ffcf8170000 - 0x00007ffcf82a7000 	C:\WINDOWS\system32\RPCRT4.dll
0x00007ffcf6040000 - 0x00007ffcf6097000 	C:\WINDOWS\SYSTEM32\sechost.dll
0x00007ffcf6480000 - 0x00007ffcf6656000 	C:\WINDOWS\SYSTEM32\combase.dll
0x00007ffcf6660000 - 0x00007ffcf67a4000 	C:\WINDOWS\system32\GDI32.dll
0x00007ffcf5780000 - 0x00007ffcf5794000 	C:\WINDOWS\SYSTEM32\profapi.dll
0x00007ffcf39f0000 - 0x00007ffcf3a8f000 	C:\WINDOWS\SYSTEM32\SHCORE.dll
0x00007ffcf6290000 - 0x00007ffcf62c4000 	C:\WINDOWS\system32\IMM32.DLL
0x00007ffcf6870000 - 0x00007ffcf69a9000 	C:\WINDOWS\system32\MSCTF.dll
0x00007ffcf32a0000 - 0x00007ffcf34fa000 	C:\WINDOWS\WinSxS\amd64_microsoft.windows.common-controls_6595b64144ccf1df_6.0.9600.17031_none_6242a4b3ecbb55a1\COMCTL32.dll
0x000000005c890000 - 0x000000005c962000 	C:\PROGRA~1\Java\JDK18~1.0_0\jre\bin\msvcr100.dll
0x000000005cd10000 - 0x000000005d53a000 	C:\PROGRA~1\Java\JDK18~1.0_0\jre\bin\server\jvm.dll
0x00007ffcee330000 - 0x00007ffcee339000 	C:\WINDOWS\SYSTEM32\WSOCK32.dll
0x00007ffcef430000 - 0x00007ffcef44f000 	C:\WINDOWS\SYSTEM32\WINMM.dll
0x00007ffcf6470000 - 0x00007ffcf6477000 	C:\WINDOWS\system32\PSAPI.DLL
0x00007ffcf8100000 - 0x00007ffcf8158000 	C:\WINDOWS\system32\WS2_32.dll
0x00007ffcef400000 - 0x00007ffcef42a000 	C:\WINDOWS\SYSTEM32\WINMMBASE.dll
0x00007ffcf60a0000 - 0x00007ffcf60a9000 	C:\WINDOWS\system32\NSI.dll
0x00007ffcf5c40000 - 0x00007ffcf5c8a000 	C:\WINDOWS\SYSTEM32\cfgmgr32.dll
0x00007ffcf4610000 - 0x00007ffcf4636000 	C:\WINDOWS\SYSTEM32\DEVOBJ.dll
0x000000005cd00000 - 0x000000005cd0f000 	C:\PROGRA~1\Java\JDK18~1.0_0\jre\bin\verify.dll
0x000000005ccd0000 - 0x000000005ccf8000 	C:\PROGRA~1\Java\JDK18~1.0_0\jre\bin\java.dll
0x000000005ccb0000 - 0x000000005ccc6000 	C:\PROGRA~1\Java\JDK18~1.0_0\jre\bin\zip.dll
0x00007ffcdf550000 - 0x00007ffcdf6d8000 	C:\WINDOWS\SYSTEM32\dbghelp.dll

VM Arguments:
jvm_args: -Xmx1024M -Xss1m -Djava.ext.dirs=C:\Users\Tanmay\AppData\Local\Android\android-sdk\build-tools\20.0.0\lib 
java_command: C:\Users\Tanmay\AppData\Local\Android\android-sdk\build-tools\20.0.0\lib\dx.jar --dex --output C:\Users\Tanmay\Desktop\Code\Projects\InforMeRyerson\app\build\intermediates\pre-dexed\debug\crashlytics-1.1.11-6e5a443edb7a3ae428e8e550f1d6e8e5e02c536f.jar C:\Users\Tanmay\.gradle\caches\modules-2\files-2.1\com.crashlytics.android\crashlytics\1.1.11\b8189e9eef2f07fae743e05d7fe7e69daebe98d1\crashlytics-1.1.11.jar
java_class_path (initial): C:\Users\Tanmay\AppData\Local\Android\android-sdk\build-tools\20.0.0\lib\dx.jar
Launcher Type: SUN_STANDARD

Environment Variables:
JAVA_HOME=C:\Program Files\Java\jdk1.8.0_05
CLASSPATH=.;C:\Program Files (x86)\Java\jre7\lib\ext\QTJava.zip
PATH=C:\WINDOWS\system32;C:\WINDOWS;C:\WINDOWS\System32\Wbem;C:\WINDOWS\System32\WindowsPowerShell\v1.0\;C:\Program Files\Intel\WiFi\bin\;C:\Program Files\Common Files\Intel\WirelessCommon\;C:\Program Files (x86)\QuickTime\QTSystem\;C:\Program Files\Java\jdk1.8.0_05\bin
USERNAME=Tanmay
OS=Windows_NT
PROCESSOR_IDENTIFIER=Intel64 Family 6 Model 58 Stepping 9, GenuineIntel



---------------  S Y S T E M  ---------------

OS: Windows 8.1 , 64 bit Build 9600 

CPU:total 4 (2 cores per cpu, 2 threads per core) family 6 model 58 stepping 9, cmov, cx8, fxsr, mmx, sse, sse2, sse3, ssse3, sse4.1, sse4.2, popcnt, avx, aes, clmul, erms, ht, tsc, tscinvbit

Memory: 4k page, physical 3618732k(105692k free), swap 7813036k(5064k free)

vm_info: Java HotSpot(TM) 64-Bit Server VM (25.5-b02) for windows-amd64 JRE (1.8.0_05-b13), built on Mar 18 2014 01:08:39 by "java_re" with MS VC++ 10.0 (VS2010)

time: Wed Aug 27 01:52:30 2014
elapsed time: 4 seconds

