#
# There is insufficient memory for the Java Runtime Environment to continue.
# Native memory allocation (malloc) failed to allocate 65552 bytes for Chunk::new
# Possible reasons:
#   The system is out of physical RAM or swap space
#   In 32 bit mode, the process size limit was hit
# Possible solutions:
#   Reduce memory load on the system
#   Increase physical memory or swap space
#   Check if swap backing store is full
#   Use 64 bit Java on a 64 bit OS
#   Decrease Java heap size (-Xmx/-Xms)
#   Decrease number of Java threads
#   Decrease Java thread stack sizes (-Xss)
#   Set larger code cache with -XX:ReservedCodeCacheSize=
# This output file may be truncated or incomplete.
#
#  Out of Memory Error (allocation.cpp:388), pid=8000, tid=1244
#
# JRE version: Java(TM) SE Runtime Environment (8.0_05-b13) (build 1.8.0_05-b13)
# Java VM: Java HotSpot(TM) 64-Bit Server VM (25.5-b02 mixed mode windows-amd64 compressed oops)
# Failed to write core dump. Minidumps are not enabled by default on client versions of Windows
#

---------------  T H R E A D  ---------------

Current thread (0x0000000014c7c000):  JavaThread "C2 CompilerThread0" daemon [_thread_in_native, id=1244, stack(0x00000000161f0000,0x00000000162f0000)]

Stack: [0x00000000161f0000,0x00000000162f0000]
Native frames: (J=compiled Java code, j=interpreted, Vv=VM code, C=native code)
V  [jvm.dll+0x308dea]


Current CompileTask:
C2:   4797 1232       4       com.android.dx.ssa.SCCP::simulateBranch (666 bytes)


---------------  P R O C E S S  ---------------

Java Threads: ( => current thread )
  0x0000000014cde800 JavaThread "Service Thread" daemon [_thread_blocked, id=2588, stack(0x00000000168f0000,0x00000000169f0000)]
  0x0000000014cad800 JavaThread "C1 CompilerThread2" daemon [_thread_blocked, id=9696, stack(0x00000000163f0000,0x00000000164f0000)]
  0x0000000014c7f000 JavaThread "C2 CompilerThread1" daemon [_thread_in_native, id=8648, stack(0x00000000162f0000,0x00000000163f0000)]
=>0x0000000014c7c000 JavaThread "C2 CompilerThread0" daemon [_thread_in_native, id=1244, stack(0x00000000161f0000,0x00000000162f0000)]
  0x0000000014c7a800 JavaThread "Attach Listener" daemon [_thread_blocked, id=9784, stack(0x00000000160f0000,0x00000000161f0000)]
  0x0000000014c79800 JavaThread "Signal Dispatcher" daemon [_thread_blocked, id=9376, stack(0x0000000015ff0000,0x00000000160f0000)]
  0x000000000259f800 JavaThread "Finalizer" daemon [_thread_blocked, id=8584, stack(0x0000000015ef0000,0x0000000015ff0000)]
  0x0000000014c48000 JavaThread "Reference Handler" daemon [_thread_blocked, id=10172, stack(0x0000000015df0000,0x0000000015ef0000)]
  0x00000000024b0800 JavaThread "main" [_thread_in_vm, id=8096, stack(0x00000000023b0000,0x00000000024b0000)]

Other Threads:
  0x0000000014c46000 VMThread [stack: 0x0000000015cf0000,0x0000000015df0000] [id=2072]
  0x000000001650d000 WatcherThread [stack: 0x00000000169f0000,0x0000000016af0000] [id=8516]

VM state:not at safepoint (normal execution)

VM Mutex/Monitor currently owned by a thread: None

Heap:
 PSYoungGen      total 8192K, used 666K [0x00000000eab00000, 0x00000000eb500000, 0x0000000100000000)
  eden space 6144K, 1% used [0x00000000eab00000,0x00000000eab1e9a8,0x00000000eb100000)
  from space 2048K, 26% used [0x00000000eb300000,0x00000000eb388000,0x00000000eb500000)
  to   space 2048K, 0% used [0x00000000eb100000,0x00000000eb100000,0x00000000eb300000)
 ParOldGen       total 55808K, used 4078K [0x00000000c0000000, 0x00000000c3680000, 0x00000000eab00000)
  object space 55808K, 7% used [0x00000000c0000000,0x00000000c03fb820,0x00000000c3680000)
 Metaspace       used 5113K, capacity 6576K, committed 6784K, reserved 1056768K
  class space    used 536K, capacity 616K, committed 640K, reserved 1048576K

Card table byte_map: [0x0000000011970000,0x0000000011b80000] byte_map_base: 0x0000000011370000

Marking Bits: (ParMarkBitMap*) 0x000000005d4c13b0
 Begin Bits: [0x00000000120e0000, 0x00000000130e0000)
 End Bits:   [0x00000000130e0000, 0x00000000140e0000)

Polling page: 0x00000000008e0000

CodeCache: size=245760Kb used=5148Kb max_used=5159Kb free=240611Kb
 bounds [0x00000000025b0000, 0x0000000002ac0000, 0x00000000115b0000]
 total_blobs=1503 nmethods=1245 adapters=172
 compilation: enabled

Compilation events (10 events):
Event: 4.282 Thread 0x0000000014cad800 nmethod 1243 0x0000000002abab90 code [0x0000000002abad60, 0x0000000002abb5b8]
Event: 4.285 Thread 0x0000000014cad800 1244       3       com.android.dx.cf.code.Frame::mergeWith (80 bytes)
Event: 4.286 Thread 0x0000000014cad800 nmethod 1244 0x0000000002ab94d0 code [0x0000000002ab9700, 0x0000000002aba6e8]
Event: 4.287 Thread 0x0000000014cad800 1245       3       com.android.dx.rop.type.Prototype::withFirstParameter (68 bytes)
Event: 4.288 Thread 0x0000000014cad800 nmethod 1245 0x0000000002aa92d0 code [0x0000000002aa9500, 0x0000000002aaa078]
Event: 4.781 Thread 0x0000000014c7f000 1246       4       java.util.ArrayList::subListRangeCheck (110 bytes)
Event: 4.781 Thread 0x0000000014c7f000 nmethod 1246 0x0000000002aa63d0 code [0x0000000002aa6500, 0x0000000002aa6578]
Event: 4.782 Thread 0x0000000014c7f000 1247       4       java.util.ArrayList$SubList::<init> (46 bytes)
Event: 4.783 Thread 0x0000000014c7f000 nmethod 1247 0x0000000002a95510 code [0x0000000002a95640, 0x0000000002a956d8]
Event: 4.784 Thread 0x0000000014c7f000 1248       4       com.android.dx.rop.code.RopMethod::labelToPredecessors (54 bytes)

GC Heap History (10 events):
Event: 1.208 GC heap before
{Heap before GC invocations=8 (full 0):
 PSYoungGen      total 3072K, used 3059K [0x00000000eab00000, 0x00000000eb200000, 0x0000000100000000)
  eden space 2048K, 100% used [0x00000000eab00000,0x00000000ead00000,0x00000000ead00000)
  from space 1024K, 98% used [0x00000000ead00000,0x00000000eadfce48,0x00000000eae00000)
  to   space 1536K, 0% used [0x00000000eb080000,0x00000000eb080000,0x00000000eb200000)
 ParOldGen       total 55808K, used 1205K [0x00000000c0000000, 0x00000000c3680000, 0x00000000eab00000)
  object space 55808K, 2% used [0x00000000c0000000,0x00000000c012d5d0,0x00000000c3680000)
 Metaspace       used 4771K, capacity 6256K, committed 6528K, reserved 1056768K
  class space    used 530K, capacity 616K, committed 640K, reserved 1048576K
Event: 1.314 GC heap after
Heap after GC invocations=8 (full 0):
 PSYoungGen      total 5632K, used 992K [0x00000000eab00000, 0x00000000eb200000, 0x0000000100000000)
  eden space 4096K, 0% used [0x00000000eab00000,0x00000000eab00000,0x00000000eaf00000)
  from space 1536K, 64% used [0x00000000eb080000,0x00000000eb178018,0x00000000eb200000)
  to   space 1536K, 0% used [0x00000000eaf00000,0x00000000eaf00000,0x00000000eb080000)
 ParOldGen       total 55808K, used 1332K [0x00000000c0000000, 0x00000000c3680000, 0x00000000eab00000)
  object space 55808K, 2% used [0x00000000c0000000,0x00000000c014d070,0x00000000c3680000)
 Metaspace       used 4771K, capacity 6256K, committed 6528K, reserved 1056768K
  class space    used 530K, capacity 616K, committed 640K, reserved 1048576K
}
Event: 1.921 GC heap before
{Heap before GC invocations=9 (full 0):
 PSYoungGen      total 5632K, used 5088K [0x00000000eab00000, 0x00000000eb200000, 0x0000000100000000)
  eden space 4096K, 100% used [0x00000000eab00000,0x00000000eaf00000,0x00000000eaf00000)
  from space 1536K, 64% used [0x00000000eb080000,0x00000000eb178018,0x00000000eb200000)
  to   space 1536K, 0% used [0x00000000eaf00000,0x00000000eaf00000,0x00000000eb080000)
 ParOldGen       total 55808K, used 1332K [0x00000000c0000000, 0x00000000c3680000, 0x00000000eab00000)
  object space 55808K, 2% used [0x00000000c0000000,0x00000000c014d070,0x00000000c3680000)
 Metaspace       used 4971K, capacity 6448K, committed 6528K, reserved 1056768K
  class space    used 534K, capacity 616K, committed 640K, reserved 1048576K
Event: 1.929 GC heap after
Heap after GC invocations=9 (full 0):
 PSYoungGen      total 5632K, used 1519K [0x00000000eab00000, 0x00000000eb200000, 0x0000000100000000)
  eden space 4096K, 0% used [0x00000000eab00000,0x00000000eab00000,0x00000000eaf00000)
  from space 1536K, 98% used [0x00000000eaf00000,0x00000000eb07bd10,0x00000000eb080000)
  to   space 1536K, 0% used [0x00000000eb080000,0x00000000eb080000,0x00000000eb200000)
 ParOldGen       total 55808K, used 1591K [0x00000000c0000000, 0x00000000c3680000, 0x00000000eab00000)
  object space 55808K, 2% used [0x00000000c0000000,0x00000000c018df90,0x00000000c3680000)
 Metaspace       used 4971K, capacity 6448K, committed 6528K, reserved 1056768K
  class space    used 534K, capacity 616K, committed 640K, reserved 1048576K
}
Event: 2.463 GC heap before
{Heap before GC invocations=10 (full 0):
 PSYoungGen      total 5632K, used 5615K [0x00000000eab00000, 0x00000000eb200000, 0x0000000100000000)
  eden space 4096K, 100% used [0x00000000eab00000,0x00000000eaf00000,0x00000000eaf00000)
  from space 1536K, 98% used [0x00000000eaf00000,0x00000000eb07bd10,0x00000000eb080000)
  to   space 1536K, 0% used [0x00000000eb080000,0x00000000eb080000,0x00000000eb200000)
 ParOldGen       total 55808K, used 1591K [0x00000000c0000000, 0x00000000c3680000, 0x00000000eab00000)
  object space 55808K, 2% used [0x00000000c0000000,0x00000000c018df90,0x00000000c3680000)
 Metaspace       used 5025K, capacity 6512K, committed 6784K, reserved 1056768K
  class space    used 534K, capacity 616K, committed 640K, reserved 1048576K
Event: 2.477 GC heap after
Heap after GC invocations=10 (full 0):
 PSYoungGen      total 5120K, used 1423K [0x00000000eab00000, 0x00000000eb580000, 0x0000000100000000)
  eden space 3584K, 0% used [0x00000000eab00000,0x00000000eab00000,0x00000000eae80000)
  from space 1536K, 92% used [0x00000000eb080000,0x00000000eb1e3cf8,0x00000000eb200000)
  to   space 2048K, 0% used [0x00000000eae80000,0x00000000eae80000,0x00000000eb080000)
 ParOldGen       total 55808K, used 2230K [0x00000000c0000000, 0x00000000c3680000, 0x00000000eab00000)
  object space 55808K, 3% used [0x00000000c0000000,0x00000000c022db18,0x00000000c3680000)
 Metaspace       used 5025K, capacity 6512K, committed 6784K, reserved 1056768K
  class space    used 534K, capacity 616K, committed 640K, reserved 1048576K
}
Event: 3.277 GC heap before
{Heap before GC invocations=11 (full 0):
 PSYoungGen      total 5120K, used 5007K [0x00000000eab00000, 0x00000000eb580000, 0x0000000100000000)
  eden space 3584K, 100% used [0x00000000eab00000,0x00000000eae80000,0x00000000eae80000)
  from space 1536K, 92% used [0x00000000eb080000,0x00000000eb1e3cf8,0x00000000eb200000)
  to   space 2048K, 0% used [0x00000000eae80000,0x00000000eae80000,0x00000000eb080000)
 ParOldGen       total 55808K, used 2230K [0x00000000c0000000, 0x00000000c3680000, 0x00000000eab00000)
  object space 55808K, 3% used [0x00000000c0000000,0x00000000c022db18,0x00000000c3680000)
 Metaspace       used 5099K, capacity 6576K, committed 6784K, reserved 1056768K
  class space    used 536K, capacity 616K, committed 640K, reserved 1048576K
Event: 3.456 GC heap after
Heap after GC invocations=11 (full 0):
 PSYoungGen      total 5632K, used 480K [0x00000000eab00000, 0x00000000eb500000, 0x0000000100000000)
  eden space 3584K, 0% used [0x00000000eab00000,0x00000000eab00000,0x00000000eae80000)
  from space 2048K, 23% used [0x00000000eae80000,0x00000000eaef8000,0x00000000eb080000)
  to   space 2048K, 0% used [0x00000000eb300000,0x00000000eb300000,0x00000000eb500000)
 ParOldGen       total 55808K, used 3638K [0x00000000c0000000, 0x00000000c3680000, 0x00000000eab00000)
  object space 55808K, 6% used [0x00000000c0000000,0x00000000c038d820,0x00000000c3680000)
 Metaspace       used 5099K, capacity 6576K, committed 6784K, reserved 1056768K
  class space    used 536K, capacity 616K, committed 640K, reserved 1048576K
}
Event: 4.291 GC heap before
{Heap before GC invocations=12 (full 0):
 PSYoungGen      total 5632K, used 4064K [0x00000000eab00000, 0x00000000eb500000, 0x0000000100000000)
  eden space 3584K, 100% used [0x00000000eab00000,0x00000000eae80000,0x00000000eae80000)
  from space 2048K, 23% used [0x00000000eae80000,0x00000000eaef8000,0x00000000eb080000)
  to   space 2048K, 0% used [0x00000000eb300000,0x00000000eb300000,0x00000000eb500000)
 ParOldGen       total 55808K, used 3638K [0x00000000c0000000, 0x00000000c3680000, 0x00000000eab00000)
  object space 55808K, 6% used [0x00000000c0000000,0x00000000c038d820,0x00000000c3680000)
 Metaspace       used 5113K, capacity 6576K, committed 6784K, reserved 1056768K
  class space    used 536K, capacity 616K, committed 640K, reserved 1048576K
Event: 4.771 GC heap after
Heap after GC invocations=12 (full 0):
 PSYoungGen      total 8192K, used 544K [0x00000000eab00000, 0x00000000eb500000, 0x0000000100000000)
  eden space 6144K, 0% used [0x00000000eab00000,0x00000000eab00000,0x00000000eb100000)
  from space 2048K, 26% used [0x00000000eb300000,0x00000000eb388000,0x00000000eb500000)
  to   space 2048K, 0% used [0x00000000eb100000,0x00000000eb100000,0x00000000eb300000)
 ParOldGen       total 55808K, used 4078K [0x00000000c0000000, 0x00000000c3680000, 0x00000000eab00000)
  object space 55808K, 7% used [0x00000000c0000000,0x00000000c03fb820,0x00000000c3680000)
 Metaspace       used 5113K, capacity 6576K, committed 6784K, reserved 1056768K
  class space    used 536K, capacity 616K, committed 640K, reserved 1048576K
}

Deoptimization events (4 events):
Event: 3.223 Thread 0x00000000024b0800 Uncommon trap: reason=bimorphic action=maybe_recompile pc=0x0000000002a79edc method=com.android.dx.cf.code.BytecodeArray.parseInstruction(ILcom/android/dx/cf/code/BytecodeArray$Visitor;)I @ 2281
Event: 3.224 Thread 0x00000000024b0800 Uncommon trap: reason=bimorphic action=maybe_recompile pc=0x0000000002a79edc method=com.android.dx.cf.code.BytecodeArray.parseInstruction(ILcom/android/dx/cf/code/BytecodeArray$Visitor;)I @ 2281
Event: 3.247 Thread 0x00000000024b0800 Uncommon trap: reason=bimorphic action=maybe_recompile pc=0x0000000002a79edc method=com.android.dx.cf.code.BytecodeArray.parseInstruction(ILcom/android/dx/cf/code/BytecodeArray$Visitor;)I @ 2281
Event: 3.247 Thread 0x00000000024b0800 Uncommon trap: reason=bimorphic action=maybe_recompile pc=0x0000000002a79edc method=com.android.dx.cf.code.BytecodeArray.parseInstruction(ILcom/android/dx/cf/code/BytecodeArray$Visitor;)I @ 2281

Internal exceptions (2 events):
Event: 0.057 Thread 0x00000000024b0800 Exception <a 'java/lang/NoSuchMethodError': Method sun.misc.Unsafe.defineClass(Ljava/lang/String;[BII)Ljava/lang/Class; name or signature does not match> (0x00000000eab0ef50) thrown at [D:\re\workspace\8-2-build-windows-amd64-cygwin\jdk8u5\2488\hotspot\srcê8¹¯q­?
Event: 0.057 Thread 0x00000000024b0800 Exception <a 'java/lang/NoSuchMethodError': Method sun.misc.Unsafe.prefetchRead(Ljava/lang/Object;J)V name or signature does not match> (0x00000000eab0f1e0) thrown at [D:\re\workspace\8-2-build-windows-amd64-cygwin\jdk8u5\2488\hotspot\src\share\vm\prims\jn

Events (10 events):
Event: 3.247 Thread 0x00000000024b0800 DEOPT UNPACKING pc=0x00000000025f55af sp=0x00000000024ae740 mode 2
Event: 3.247 Thread 0x00000000024b0800 Uncommon trap: trap_request=0xffffffc6 fr.pc=0x0000000002a79edc
Event: 3.247 Thread 0x00000000024b0800 DEOPT PACKING pc=0x0000000002a79edc sp=0x00000000024ae570
Event: 3.247 Thread 0x00000000024b0800 DEOPT UNPACKING pc=0x00000000025f55af sp=0x00000000024ae520 mode 2
Event: 3.277 Executing VM operation: ParallelGCFailedAllocation
Event: 3.456 Executing VM operation: ParallelGCFailedAllocation done
Event: 4.140 Executing VM operation: EnableBiasedLocking
Event: 4.146 Executing VM operation: EnableBiasedLocking done
Event: 4.291 Executing VM operation: ParallelGCFailedAllocation
Event: 4.772 Executing VM operation: ParallelGCFailedAllocation done


Dynamic libraries:
0x00007ff711e90000 - 0x00007ff711ec4000 	C:\PROGRA~1\Java\JDK18~1.0_0\bin\java.exe
0x00007ffcf8410000 - 0x00007ffcf85ba000 	C:\WINDOWS\SYSTEM32\ntdll.dll
0x00007ffcf62d0000 - 0x00007ffcf640a000 	C:\WINDOWS\system32\KERNEL32.DLL
0x00007ffcf5950000 - 0x00007ffcf5a5f000 	C:\WINDOWS\system32\KERNELBASE.dll
0x00007ffcf4210000 - 0x00007ffcf4298000 	C:\WINDOWS\system32\apphelp.dll
0x00007ffcecf80000 - 0x00007ffcecfcf000 	C:\WINDOWS\AppPatch\AppPatch64\AcGenral.DLL
0x00007ffcf7e70000 - 0x00007ffcf7f17000 	C:\WINDOWS\system32\msvcrt.dll
0x00007ffcf55c0000 - 0x00007ffcf55eb000 	C:\WINDOWS\SYSTEM32\SspiCli.dll
0x00007ffcf7f20000 - 0x00007ffcf7f71000 	C:\WINDOWS\system32\SHLWAPI.dll
0x00007ffcf5d00000 - 0x00007ffcf5e71000 	C:\WINDOWS\system32\USER32.dll
0x00007ffcf7f80000 - 0x00007ffcf80f8000 	C:\WINDOWS\system32\ole32.dll
0x00007ffcf69b0000 - 0x00007ffcf7dd0000 	C:\WINDOWS\system32\SHELL32.dll
0x00007ffcf4df0000 - 0x00007ffcf4e0e000 	C:\WINDOWS\SYSTEM32\USERENV.dll
0x00007ffcf82b0000 - 0x00007ffcf8355000 	C:\WINDOWS\system32\ADVAPI32.dll
0x00007ffce65b0000 - 0x00007ffce65cb000 	C:\WINDOWS\SYSTEM32\MPR.dll
0x00007ffcf8170000 - 0x00007ffcf82a7000 	C:\WINDOWS\system32\RPCRT4.dll
0x00007ffcf6040000 - 0x00007ffcf6097000 	C:\WINDOWS\SYSTEM32\sechost.dll
0x00007ffcf6480000 - 0x00007ffcf6656000 	C:\WINDOWS\SYSTEM32\combase.dll
0x00007ffcf6660000 - 0x00007ffcf67a4000 	C:\WINDOWS\system32\GDI32.dll
0x00007ffcf5780000 - 0x00007ffcf5794000 	C:\WINDOWS\SYSTEM32\profapi.dll
0x00007ffcf39f0000 - 0x00007ffcf3a8f000 	C:\WINDOWS\SYSTEM32\SHCORE.dll
0x00007ffcf6290000 - 0x00007ffcf62c4000 	C:\WINDOWS\system32\IMM32.DLL
0x00007ffcf6870000 - 0x00007ffcf69a9000 	C:\WINDOWS\system32\MSCTF.dll
0x00007ffcf32a0000 - 0x00007ffcf34fa000 	C:\WINDOWS\WinSxS\amd64_microsoft.windows.common-controls_6595b64144ccf1df_6.0.9600.17031_none_6242a4b3ecbb55a1\COMCTL32.dll
0x000000005c890000 - 0x000000005c962000 	C:\PROGRA~1\Java\JDK18~1.0_0\jre\bin\msvcr100.dll
0x000000005cd10000 - 0x000000005d53a000 	C:\PROGRA~1\Java\JDK18~1.0_0\jre\bin\server\jvm.dll
0x00007ffcee330000 - 0x00007ffcee339000 	C:\WINDOWS\SYSTEM32\WSOCK32.dll
0x00007ffcef430000 - 0x00007ffcef44f000 	C:\WINDOWS\SYSTEM32\WINMM.dll
0x00007ffcf6470000 - 0x00007ffcf6477000 	C:\WINDOWS\system32\PSAPI.DLL
0x00007ffcf8100000 - 0x00007ffcf8158000 	C:\WINDOWS\system32\WS2_32.dll
0x00007ffcef400000 - 0x00007ffcef42a000 	C:\WINDOWS\SYSTEM32\WINMMBASE.dll
0x00007ffcf60a0000 - 0x00007ffcf60a9000 	C:\WINDOWS\system32\NSI.dll
0x00007ffcf5c40000 - 0x00007ffcf5c8a000 	C:\WINDOWS\SYSTEM32\cfgmgr32.dll
0x00007ffcf4610000 - 0x00007ffcf4636000 	C:\WINDOWS\SYSTEM32\DEVOBJ.dll
0x000000005cd00000 - 0x000000005cd0f000 	C:\PROGRA~1\Java\JDK18~1.0_0\jre\bin\verify.dll
0x000000005ccd0000 - 0x000000005ccf8000 	C:\PROGRA~1\Java\JDK18~1.0_0\jre\bin\java.dll
0x000000005ccb0000 - 0x000000005ccc6000 	C:\PROGRA~1\Java\JDK18~1.0_0\jre\bin\zip.dll
0x00007ffcdf550000 - 0x00007ffcdf6d8000 	C:\WINDOWS\SYSTEM32\dbghelp.dll

VM Arguments:
jvm_args: -Xmx1024M -Xss1m -Djava.ext.dirs=C:\Users\Tanmay\AppData\Local\Android\android-sdk\build-tools\20.0.0\lib 
java_command: C:\Users\Tanmay\AppData\Local\Android\android-sdk\build-tools\20.0.0\lib\dx.jar --dex --output C:\Users\Tanmay\Desktop\Code\Projects\InforMeRyerson\app\build\intermediates\pre-dexed\debug\commons-lang3-3.3.2-f5ab6dc532aab8aa7e96231eaf02924f84e0aedf.jar C:\Users\Tanmay\.gradle\caches\modules-2\files-2.1\org.apache.commons\commons-lang3\3.3.2\90a3822c38ec8c996e84c16a3477ef632cbc87a3\commons-lang3-3.3.2.jar
java_class_path (initial): C:\Users\Tanmay\AppData\Local\Android\android-sdk\build-tools\20.0.0\lib\dx.jar
Launcher Type: SUN_STANDARD

Environment Variables:
JAVA_HOME=C:\Program Files\Java\jdk1.8.0_05
CLASSPATH=.;C:\Program Files (x86)\Java\jre7\lib\ext\QTJava.zip
PATH=C:\WINDOWS\system32;C:\WINDOWS;C:\WINDOWS\System32\Wbem;C:\WINDOWS\System32\WindowsPowerShell\v1.0\;C:\Program Files\Intel\WiFi\bin\;C:\Program Files\Common Files\Intel\WirelessCommon\;C:\Program Files (x86)\QuickTime\QTSystem\;C:\Program Files\Java\jdk1.8.0_05\bin
USERNAME=Tanmay
OS=Windows_NT
PROCESSOR_IDENTIFIER=Intel64 Family 6 Model 58 Stepping 9, GenuineIntel



---------------  S Y S T E M  ---------------

OS: Windows 8.1 , 64 bit Build 9600 

CPU:total 4 (2 cores per cpu, 2 threads per core) family 6 model 58 stepping 9, cmov, cx8, fxsr, mmx, sse, sse2, sse3, ssse3, sse4.1, sse4.2, popcnt, avx, aes, clmul, erms, ht, tsc, tscinvbit

Memory: 4k page, physical 3618732k(103764k free), swap 7813036k(4972k free)

vm_info: Java HotSpot(TM) 64-Bit Server VM (25.5-b02) for windows-amd64 JRE (1.8.0_05-b13), built on Mar 18 2014 01:08:39 by "java_re" with MS VC++ 10.0 (VS2010)

time: Wed Aug 27 01:52:30 2014
elapsed time: 4 seconds

