#
# There is insufficient memory for the Java Runtime Environment to continue.
# Native memory allocation (malloc) failed to allocate 1048576 bytes for AllocateHeap
# Possible reasons:
#   The system is out of physical RAM or swap space
#   In 32 bit mode, the process size limit was hit
# Possible solutions:
#   Reduce memory load on the system
#   Increase physical memory or swap space
#   Check if swap backing store is full
#   Use 64 bit Java on a 64 bit OS
#   Decrease Java heap size (-Xmx/-Xms)
#   Decrease number of Java threads
#   Decrease Java thread stack sizes (-Xss)
#   Set larger code cache with -XX:ReservedCodeCacheSize=
# This output file may be truncated or incomplete.
#
#  Out of Memory Error (memory/allocation.inline.hpp:62), pid=1808, tid=6828
#
# JRE version:  (8.0_05-b13) (build )
# Java VM: Java HotSpot(TM) 64-Bit Server VM (25.5-b02 mixed mode windows-amd64 compressed oops)
# Failed to write core dump. Minidumps are not enabled by default on client versions of Windows
#

---------------  T H R E A D  ---------------

Current thread (0x0000000001db2800):  JavaThread "Unknown thread" [_thread_in_vm, id=6828, stack(0x0000000001cb0000,0x0000000001db0000)]

Stack: [0x0000000001cb0000,0x0000000001db0000]
Native frames: (J=compiled Java code, j=interpreted, Vv=VM code, C=native code)
V  [jvm.dll+0x308dea]
V  [jvm.dll+0x25def1]
V  [jvm.dll+0x25eb0f]
V  [jvm.dll+0x2564e5]
V  [jvm.dll+0x3d020f]
V  [jvm.dll+0x3d0bff]
V  [jvm.dll+0x3d0e64]
V  [jvm.dll+0x3d1033]
V  [jvm.dll+0xe2142]
V  [jvm.dll+0x1f1419]
V  [jvm.dll+0x2227c4]
V  [jvm.dll+0x149f71]
C  [java.exe+0x207a]
C  [java.exe+0xc99b]
C  [java.exe+0xca2f]
C  [KERNEL32.DLL+0x16ad]
C  [ntdll.dll+0x734a5]


---------------  P R O C E S S  ---------------

Java Threads: ( => current thread )

Other Threads:

=>0x0000000001db2800 (exited) JavaThread "Unknown thread" [_thread_in_vm, id=6828, stack(0x0000000001cb0000,0x0000000001db0000)]

VM state:not at safepoint (normal execution)

VM Mutex/Monitor currently owned by a thread: None

Heap:
 PSYoungGen      total 1024K, used 20K [0x00000000eab00000, 0x00000000eac80000, 0x0000000100000000)
  eden space 512K, 4% used [0x00000000eab00000,0x00000000eab05288,0x00000000eab80000)
  from space 512K, 0% used [0x00000000eac00000,0x00000000eac00000,0x00000000eac80000)
  to   space 512K, 0% used [0x00000000eab80000,0x00000000eab80000,0x00000000eac00000)
 ParOldGen       total 55808K, used 0K [0x00000000c0000000, 0x00000000c3680000, 0x00000000eab00000)
  object space 55808K, 0% used [0x00000000c0000000,0x00000000c0000000,0x00000000c3680000)
 Metaspace       used 673K, capacity 4480K, committed 4480K, reserved 1056768K
  class space    used 66K, capacity 384K, committed 384K, reserved 1048576K

Card table byte_map: [0x0000000011270000,0x0000000011480000] byte_map_base: 0x0000000010c70000

Marking Bits: (ParMarkBitMap*) 0x000000005cb113b0
 Begin Bits: [0x00000000119e0000, 0x00000000129e0000)
 End Bits:   [0x00000000129e0000, 0x00000000139e0000)

Polling page: 0x0000000001af0000

CodeCache: size=245760Kb used=327Kb max_used=327Kb free=245432Kb
 bounds [0x0000000001eb0000, 0x0000000002120000, 0x0000000010eb0000]
 total_blobs=56 nmethods=0 adapters=37
 compilation: enabled

Compilation events (0 events):
No events

GC Heap History (0 events):
No events

Deoptimization events (0 events):
No events

Internal exceptions (0 events):
No events

Events (10 events):
Event: 0.017 loading class java/lang/Short
Event: 0.017 loading class java/lang/Short done
Event: 0.017 loading class java/lang/Integer
Event: 0.017 loading class java/lang/Integer done
Event: 0.017 loading class java/lang/Long
Event: 0.018 loading class java/lang/Long done
Event: 0.018 loading class java/lang/NullPointerException
Event: 0.018 loading class java/lang/NullPointerException done
Event: 0.018 loading class java/lang/ArithmeticException
Event: 0.018 loading class java/lang/ArithmeticException done


Dynamic libraries:
0x00007ff711e90000 - 0x00007ff711ec4000 	C:\PROGRA~1\Java\JDK18~1.0_0\bin\java.exe
0x00007ffcf8410000 - 0x00007ffcf85ba000 	C:\WINDOWS\SYSTEM32\ntdll.dll
0x00007ffcf62d0000 - 0x00007ffcf640a000 	C:\WINDOWS\system32\KERNEL32.DLL
0x00007ffcf5950000 - 0x00007ffcf5a5f000 	C:\WINDOWS\system32\KERNELBASE.dll
0x00007ffcf4210000 - 0x00007ffcf4298000 	C:\WINDOWS\system32\apphelp.dll
0x00007ffcecf80000 - 0x00007ffcecfcf000 	C:\WINDOWS\AppPatch\AppPatch64\AcGenral.DLL
0x00007ffcf7e70000 - 0x00007ffcf7f17000 	C:\WINDOWS\system32\msvcrt.dll
0x00007ffcf55c0000 - 0x00007ffcf55eb000 	C:\WINDOWS\SYSTEM32\SspiCli.dll
0x00007ffcf7f20000 - 0x00007ffcf7f71000 	C:\WINDOWS\system32\SHLWAPI.dll
0x00007ffcf5d00000 - 0x00007ffcf5e71000 	C:\WINDOWS\system32\USER32.dll
0x00007ffcf7f80000 - 0x00007ffcf80f8000 	C:\WINDOWS\system32\ole32.dll
0x00007ffcf69b0000 - 0x00007ffcf7dd0000 	C:\WINDOWS\system32\SHELL32.dll
0x00007ffcf4df0000 - 0x00007ffcf4e0e000 	C:\WINDOWS\SYSTEM32\USERENV.dll
0x00007ffcf82b0000 - 0x00007ffcf8355000 	C:\WINDOWS\system32\ADVAPI32.dll
0x00007ffce65b0000 - 0x00007ffce65cb000 	C:\WINDOWS\SYSTEM32\MPR.dll
0x00007ffcf8170000 - 0x00007ffcf82a7000 	C:\WINDOWS\system32\RPCRT4.dll
0x00007ffcf6040000 - 0x00007ffcf6097000 	C:\WINDOWS\SYSTEM32\sechost.dll
0x00007ffcf6480000 - 0x00007ffcf6656000 	C:\WINDOWS\SYSTEM32\combase.dll
0x00007ffcf6660000 - 0x00007ffcf67a4000 	C:\WINDOWS\system32\GDI32.dll
0x00007ffcf5780000 - 0x00007ffcf5794000 	C:\WINDOWS\SYSTEM32\profapi.dll
0x00007ffcf39f0000 - 0x00007ffcf3a8f000 	C:\WINDOWS\SYSTEM32\SHCORE.dll
0x00007ffcf6290000 - 0x00007ffcf62c4000 	C:\WINDOWS\system32\IMM32.DLL
0x00007ffcf6870000 - 0x00007ffcf69a9000 	C:\WINDOWS\system32\MSCTF.dll
0x00007ffcf32a0000 - 0x00007ffcf34fa000 	C:\WINDOWS\WinSxS\amd64_microsoft.windows.common-controls_6595b64144ccf1df_6.0.9600.17031_none_6242a4b3ecbb55a1\COMCTL32.dll
0x000000005bee0000 - 0x000000005bfb2000 	C:\PROGRA~1\Java\JDK18~1.0_0\jre\bin\msvcr100.dll
0x000000005c360000 - 0x000000005cb8a000 	C:\PROGRA~1\Java\JDK18~1.0_0\jre\bin\server\jvm.dll
0x00007ffcee330000 - 0x00007ffcee339000 	C:\WINDOWS\SYSTEM32\WSOCK32.dll
0x00007ffcef430000 - 0x00007ffcef44f000 	C:\WINDOWS\SYSTEM32\WINMM.dll
0x00007ffcf6470000 - 0x00007ffcf6477000 	C:\WINDOWS\system32\PSAPI.DLL
0x00007ffcf8100000 - 0x00007ffcf8158000 	C:\WINDOWS\system32\WS2_32.dll
0x00007ffcef400000 - 0x00007ffcef42a000 	C:\WINDOWS\SYSTEM32\WINMMBASE.dll
0x00007ffcf60a0000 - 0x00007ffcf60a9000 	C:\WINDOWS\system32\NSI.dll
0x00007ffcf5c40000 - 0x00007ffcf5c8a000 	C:\WINDOWS\SYSTEM32\cfgmgr32.dll
0x00007ffcf4610000 - 0x00007ffcf4636000 	C:\WINDOWS\SYSTEM32\DEVOBJ.dll
0x000000005c350000 - 0x000000005c35f000 	C:\PROGRA~1\Java\JDK18~1.0_0\jre\bin\verify.dll
0x000000005c320000 - 0x000000005c348000 	C:\PROGRA~1\Java\JDK18~1.0_0\jre\bin\java.dll
0x000000005c300000 - 0x000000005c316000 	C:\PROGRA~1\Java\JDK18~1.0_0\jre\bin\zip.dll
0x00007ffcdf550000 - 0x00007ffcdf6d8000 	C:\WINDOWS\SYSTEM32\dbghelp.dll

VM Arguments:
jvm_args: -Xmx1024M -Xss1m -Djava.ext.dirs=C:\Users\Tanmay\AppData\Local\Android\android-sdk\build-tools\20.0.0\lib 
java_command: C:\Users\Tanmay\AppData\Local\Android\android-sdk\build-tools\20.0.0\lib\dx.jar --dex --num-threads 4 --output C:\Users\Tanmay\Desktop\Code\Projects\InforMeRyerson\app\build\intermediates\dex\debug C:\Users\Tanmay\Desktop\Code\Projects\InforMeRyerson\app\build\intermediates\classes\debug C:\Users\Tanmay\Desktop\Code\Projects\InforMeRyerson\app\build\intermediates\dependency-cache\debug C:\Users\Tanmay\Desktop\Code\Projects\InforMeRyerson\app\build\intermediates\pre-dexed\debug\classes-485821b5435eec6d42e0b897c618a06c6a2f6a2f.jar C:\Users\Tanmay\Desktop\Code\Projects\InforMeRyerson\app\build\intermediates\pre-dexed\debug\classes-8c4ef2b59f391a6f1cc47c943b2f926463fa4036.jar C:\Users\Tanmay\Desktop\Code\Projects\InforMeRyerson\app\build\intermediates\pre-dexed\debug\classes-98be5d32cc206bd4cbd59c451a9944d2d12bf80d.jar C:\Users\Tanmay\Desktop\Code\Projects\InforMeRyerson\app\build\intermediates\pre-dexed\debug\classes-9fd957a62bbd26e9c7566eb43f449c1e4ef4d3f6.jar C:\Users\Tanmay\Desktop\Code\Projects\InforMeRyerson\app\build\intermediates\pre-dexed\debug\classes-eb92cc5d571ad4b72dace4e51752421470e88ed8.jar C:\Users\Tanmay\Desktop\Code\Projects\InforMeRyerson\app\build\intermediates\pre-dexed\debug\commons-lang3-3.3.2-f5ab6dc532aab8aa7e96231eaf02924f84e0aedf.jar C:\Users\Tanmay\Desktop\Code\Projects\InforMeRyerson\app\build\intermediates\pre-dexed\debug\crashlytics-1.1.11-6e5a443edb7a3ae428e8e550f1d6e8e5e02c536f.jar C:\Users\Tanmay\Desktop\Code\Projects\InforMeRyerson\app\build\intermediates\pre-dexed\debug\internal_impl-20.0.0-c96ec0b8db7a895e90284744f9d52813cb83073a.jar C:\Users\Tanmay\Desktop\Code\Projects\InforMeRyerson\app\build\intermediates\pre-dexed\debug\jsoup-1.7.3-5c581ed64160a3a22edb70d5fe1b99df5b42c57c.jar C:\Users\Tanmay\Desktop\Code\Projects\InforMeRyerson\app\build\intermediates\pre-dexed\debug\library-2.4.0-60e11feff915b84a9999b5c30a7867e204b54407.jar C:\Users\Tanmay\Desktop\Code\Projects\InforMeRyerson\app\build\intermediates\pre-dexed\de
java_class_path (initial): C:\Users\Tanmay\AppData\Local\Android\android-sdk\build-tools\20.0.0\lib\dx.jar
Launcher Type: SUN_STANDARD

Environment Variables:
JAVA_HOME=C:\Program Files\Java\jdk1.8.0_05
CLASSPATH=.;C:\Program Files (x86)\Java\jre7\lib\ext\QTJava.zip
PATH=C:\WINDOWS\system32;C:\WINDOWS;C:\WINDOWS\System32\Wbem;C:\WINDOWS\System32\WindowsPowerShell\v1.0\;C:\Program Files\Intel\WiFi\bin\;C:\Program Files\Common Files\Intel\WirelessCommon\;C:\Program Files (x86)\QuickTime\QTSystem\;C:\Program Files\Java\jdk1.8.0_05\bin
USERNAME=Tanmay
OS=Windows_NT
PROCESSOR_IDENTIFIER=Intel64 Family 6 Model 58 Stepping 9, GenuineIntel



---------------  S Y S T E M  ---------------

OS: Windows 8.1 , 64 bit Build 9600 

CPU:total 4 (2 cores per cpu, 2 threads per core) family 6 model 58 stepping 9, cmov, cx8, fxsr, mmx, sse, sse2, sse3, ssse3, sse4.1, sse4.2, popcnt, avx, aes, clmul, erms, ht, tsc, tscinvbit

Memory: 4k page, physical 3618732k(114388k free), swap 7813036k(4124k free)

vm_info: Java HotSpot(TM) 64-Bit Server VM (25.5-b02) for windows-amd64 JRE (1.8.0_05-b13), built on Mar 18 2014 01:08:39 by "java_re" with MS VC++ 10.0 (VS2010)

time: Wed Aug 27 00:20:49 2014
elapsed time: 0 seconds

