#
# There is insufficient memory for the Java Runtime Environment to continue.
# Native memory allocation (malloc) failed to allocate 349856 bytes for Chunk::new
# Possible reasons:
#   The system is out of physical RAM or swap space
#   In 32 bit mode, the process size limit was hit
# Possible solutions:
#   Reduce memory load on the system
#   Increase physical memory or swap space
#   Check if swap backing store is full
#   Use 64 bit Java on a 64 bit OS
#   Decrease Java heap size (-Xmx/-Xms)
#   Decrease number of Java threads
#   Decrease Java thread stack sizes (-Xss)
#   Set larger code cache with -XX:ReservedCodeCacheSize=
# This output file may be truncated or incomplete.
#
#  Out of Memory Error (allocation.cpp:388), pid=9580, tid=8892
#
# JRE version: Java(TM) SE Runtime Environment (8.0_05-b13) (build 1.8.0_05-b13)
# Java VM: Java HotSpot(TM) 64-Bit Server VM (25.5-b02 mixed mode windows-amd64 compressed oops)
# Failed to write core dump. Minidumps are not enabled by default on client versions of Windows
#

---------------  T H R E A D  ---------------

Current thread (0x0000000014c42000):  JavaThread "C2 CompilerThread1" daemon [_thread_in_native, id=8892, stack(0x00000000162b0000,0x00000000163b0000)]

Stack: [0x00000000162b0000,0x00000000163b0000]
Native frames: (J=compiled Java code, j=interpreted, Vv=VM code, C=native code)
V  [jvm.dll+0x308dea]


Current CompileTask:
C2:   2483  912       4       com.android.dx.ssa.SsaBasicBlock::forEachInsn (37 bytes)


---------------  P R O C E S S  ---------------

Java Threads: ( => current thread )
  0x0000000014c99000 JavaThread "Service Thread" daemon [_thread_blocked, id=8376, stack(0x00000000164b0000,0x00000000165b0000)]
  0x0000000014c94000 JavaThread "C1 CompilerThread2" daemon [_thread_in_vm, id=4840, stack(0x00000000163b0000,0x00000000164b0000)]
=>0x0000000014c42000 JavaThread "C2 CompilerThread1" daemon [_thread_in_native, id=8892, stack(0x00000000162b0000,0x00000000163b0000)]
  0x0000000014c3c800 JavaThread "C2 CompilerThread0" daemon [_thread_in_native, id=7648, stack(0x00000000161b0000,0x00000000162b0000)]
  0x0000000014c3b800 JavaThread "Attach Listener" daemon [_thread_blocked, id=1072, stack(0x00000000160b0000,0x00000000161b0000)]
  0x0000000014c3a000 JavaThread "Signal Dispatcher" daemon [_thread_blocked, id=2876, stack(0x0000000015fb0000,0x00000000160b0000)]
  0x0000000014c08800 JavaThread "Finalizer" daemon [_thread_blocked, id=6736, stack(0x0000000015eb0000,0x0000000015fb0000)]
  0x0000000014c07800 JavaThread "Reference Handler" daemon [_thread_blocked, id=8408, stack(0x0000000015db0000,0x0000000015eb0000)]
  0x0000000002470800 JavaThread "main" [_thread_in_Java, id=9588, stack(0x00000000022e0000,0x00000000023e0000)]

Other Threads:
  0x0000000014c05800 VMThread [stack: 0x0000000015cb0000,0x0000000015db0000] [id=7576]
  0x0000000014c9c000 WatcherThread [stack: 0x00000000165b0000,0x00000000166b0000] [id=6856]

VM state:not at safepoint (normal execution)

VM Mutex/Monitor currently owned by a thread: None

Heap:
 PSYoungGen      total 5632K, used 4833K [0x00000000eab00000, 0x00000000eb200000, 0x0000000100000000)
  eden space 4096K, 89% used [0x00000000eab00000,0x00000000eae978a0,0x00000000eaf00000)
  from space 1536K, 75% used [0x00000000eb080000,0x00000000eb1a0e58,0x00000000eb200000)
  to   space 1536K, 0% used [0x00000000eaf00000,0x00000000eaf00000,0x00000000eb080000)
 ParOldGen       total 55808K, used 1471K [0x00000000c0000000, 0x00000000c3680000, 0x00000000eab00000)
  object space 55808K, 2% used [0x00000000c0000000,0x00000000c016fee8,0x00000000c3680000)
 Metaspace       used 4914K, capacity 6384K, committed 6528K, reserved 1056768K
  class space    used 534K, capacity 616K, committed 640K, reserved 1048576K

Card table byte_map: [0x0000000011930000,0x0000000011b40000] byte_map_base: 0x0000000011330000

Marking Bits: (ParMarkBitMap*) 0x000000005d4c13b0
 Begin Bits: [0x00000000120a0000, 0x00000000130a0000)
 End Bits:   [0x00000000130a0000, 0x00000000140a0000)

Polling page: 0x0000000000950000

CodeCache: size=245760Kb used=3651Kb max_used=3651Kb free=242108Kb
 bounds [0x0000000002570000, 0x0000000002910000, 0x0000000011570000]
 total_blobs=1171 nmethods=912 adapters=173
 compilation: enabled

Compilation events (10 events):
Event: 2.395 Thread 0x0000000014c94000  908       3       com.android.dx.util.ByteArray::<init> (81 bytes)
Event: 2.395 Thread 0x0000000014c94000 nmethod 908 0x00000000028f6990 code [0x00000000028f6b40, 0x00000000028f7078]
Event: 2.395 Thread 0x0000000014c94000  909       1       com.android.dx.util.MutabilityControl::isMutable (5 bytes)
Event: 2.396 Thread 0x0000000014c94000 nmethod 909 0x00000000028f2710 code [0x00000000028f2860, 0x00000000028f2970]
Event: 2.397 Thread 0x0000000014c94000  910       3       com.android.dx.cf.direct.DirectClassFile::getConstantPool (9 bytes)
Event: 2.397 Thread 0x0000000014c94000 nmethod 910 0x00000000028fb150 code [0x00000000028fb2c0, 0x00000000028fb4e8]
Event: 2.397 Thread 0x0000000014c94000  911       3       com.android.dx.util.ByteArray::getInt (47 bytes)
Event: 2.398 Thread 0x0000000014c94000 nmethod 911 0x0000000002903610 code [0x00000000029037a0, 0x0000000002903b68]
Event: 2.457 Thread 0x0000000014c42000  912       4       com.android.dx.ssa.SsaBasicBlock::forEachInsn (37 bytes)
Event: 2.467 Thread 0x0000000014c3c800  913       4       com.android.dx.ssa.NormalSsaInsn::mapSourceRegisters (48 bytes)

GC Heap History (10 events):
Event: 0.229 GC heap before
{Heap before GC invocations=2 (full 0):
 PSYoungGen      total 1024K, used 1024K [0x00000000eab00000, 0x00000000ead00000, 0x0000000100000000)
  eden space 512K, 100% used [0x00000000eab00000,0x00000000eab80000,0x00000000eab80000)
  from space 512K, 100% used [0x00000000eab80000,0x00000000eac00000,0x00000000eac00000)
  to   space 512K, 0% used [0x00000000eac80000,0x00000000eac80000,0x00000000ead00000)
 ParOldGen       total 55808K, used 8K [0x00000000c0000000, 0x00000000c3680000, 0x00000000eab00000)
  object space 55808K, 0% used [0x00000000c0000000,0x00000000c0002000,0x00000000c3680000)
 Metaspace       used 2873K, capacity 4656K, committed 4864K, reserved 1056768K
  class space    used 317K, capacity 424K, committed 512K, reserved 1048576K
Event: 0.234 GC heap after
Heap after GC invocations=2 (full 0):
 PSYoungGen      total 1536K, used 496K [0x00000000eab00000, 0x00000000ead00000, 0x0000000100000000)
  eden space 1024K, 0% used [0x00000000eab00000,0x00000000eab00000,0x00000000eac00000)
  from space 512K, 96% used [0x00000000eac80000,0x00000000eacfc010,0x00000000ead00000)
  to   space 512K, 0% used [0x00000000eac00000,0x00000000eac00000,0x00000000eac80000)
 ParOldGen       total 55808K, used 146K [0x00000000c0000000, 0x00000000c3680000, 0x00000000eab00000)
  object space 55808K, 0% used [0x00000000c0000000,0x00000000c0024920,0x00000000c3680000)
 Metaspace       used 2873K, capacity 4656K, committed 4864K, reserved 1056768K
  class space    used 317K, capacity 424K, committed 512K, reserved 1048576K
}
Event: 0.356 GC heap before
{Heap before GC invocations=3 (full 0):
 PSYoungGen      total 1536K, used 1520K [0x00000000eab00000, 0x00000000ead00000, 0x0000000100000000)
  eden space 1024K, 100% used [0x00000000eab00000,0x00000000eac00000,0x00000000eac00000)
  from space 512K, 96% used [0x00000000eac80000,0x00000000eacfc010,0x00000000ead00000)
  to   space 512K, 0% used [0x00000000eac00000,0x00000000eac00000,0x00000000eac80000)
 ParOldGen       total 55808K, used 146K [0x00000000c0000000, 0x00000000c3680000, 0x00000000eab00000)
  object space 55808K, 0% used [0x00000000c0000000,0x00000000c0024920,0x00000000c3680000)
 Metaspace       used 3236K, capacity 4944K, committed 5120K, reserved 1056768K
  class space    used 372K, capacity 456K, committed 512K, reserved 1048576K
Event: 0.374 GC heap after
Heap after GC invocations=3 (full 0):
 PSYoungGen      total 1536K, used 487K [0x00000000eab00000, 0x00000000eae00000, 0x0000000100000000)
  eden space 1024K, 0% used [0x00000000eab00000,0x00000000eab00000,0x00000000eac00000)
  from space 512K, 95% used [0x00000000eac00000,0x00000000eac79c50,0x00000000eac80000)
  to   space 512K, 0% used [0x00000000ead80000,0x00000000ead80000,0x00000000eae00000)
 ParOldGen       total 55808K, used 481K [0x00000000c0000000, 0x00000000c3680000, 0x00000000eab00000)
  object space 55808K, 0% used [0x00000000c0000000,0x00000000c00784c8,0x00000000c3680000)
 Metaspace       used 3236K, capacity 4944K, committed 5120K, reserved 1056768K
  class space    used 372K, capacity 456K, committed 512K, reserved 1048576K
}
Event: 0.511 GC heap before
{Heap before GC invocations=4 (full 0):
 PSYoungGen      total 1536K, used 1511K [0x00000000eab00000, 0x00000000eae00000, 0x0000000100000000)
  eden space 1024K, 100% used [0x00000000eab00000,0x00000000eac00000,0x00000000eac00000)
  from space 512K, 95% used [0x00000000eac00000,0x00000000eac79c50,0x00000000eac80000)
  to   space 512K, 0% used [0x00000000ead80000,0x00000000ead80000,0x00000000eae00000)
 ParOldGen       total 55808K, used 481K [0x00000000c0000000, 0x00000000c3680000, 0x00000000eab00000)
  object space 55808K, 0% used [0x00000000c0000000,0x00000000c00784c8,0x00000000c3680000)
 Metaspace       used 3560K, capacity 5168K, committed 5376K, reserved 1056768K
  class space    used 414K, capacity 488K, committed 512K, reserved 1048576K
Event: 0.514 GC heap after
Heap after GC invocations=4 (full 0):
 PSYoungGen      total 2560K, used 506K [0x00000000eab00000, 0x00000000eae00000, 0x0000000100000000)
  eden space 2048K, 0% used [0x00000000eab00000,0x00000000eab00000,0x00000000ead00000)
  from space 512K, 98% used [0x00000000ead80000,0x00000000eadfea80,0x00000000eae00000)
  to   space 512K, 0% used [0x00000000ead00000,0x00000000ead00000,0x00000000ead80000)
 ParOldGen       total 55808K, used 808K [0x00000000c0000000, 0x00000000c3680000, 0x00000000eab00000)
  object space 55808K, 1% used [0x00000000c0000000,0x00000000c00ca338,0x00000000c3680000)
 Metaspace       used 3560K, capacity 5168K, committed 5376K, reserved 1056768K
  class space    used 414K, capacity 488K, committed 512K, reserved 1048576K
}
Event: 0.871 GC heap before
{Heap before GC invocations=5 (full 0):
 PSYoungGen      total 2560K, used 2554K [0x00000000eab00000, 0x00000000eae00000, 0x0000000100000000)
  eden space 2048K, 100% used [0x00000000eab00000,0x00000000ead00000,0x00000000ead00000)
  from space 512K, 98% used [0x00000000ead80000,0x00000000eadfea80,0x00000000eae00000)
  to   space 512K, 0% used [0x00000000ead00000,0x00000000ead00000,0x00000000ead80000)
 ParOldGen       total 55808K, used 808K [0x00000000c0000000, 0x00000000c3680000, 0x00000000eab00000)
  object space 55808K, 1% used [0x00000000c0000000,0x00000000c00ca338,0x00000000c3680000)
 Metaspace       used 4333K, capacity 5904K, committed 6016K, reserved 1056768K
  class space    used 505K, capacity 584K, committed 640K, reserved 1048576K
Event: 0.899 GC heap after
Heap after GC invocations=5 (full 0):
 PSYoungGen      total 2560K, used 480K [0x00000000eab00000, 0x00000000eb200000, 0x0000000100000000)
  eden space 2048K, 0% used [0x00000000eab00000,0x00000000eab00000,0x00000000ead00000)
  from space 512K, 93% used [0x00000000ead00000,0x00000000ead78020,0x00000000ead80000)
  to   space 1536K, 0% used [0x00000000eb080000,0x00000000eb080000,0x00000000eb200000)
 ParOldGen       total 55808K, used 1471K [0x00000000c0000000, 0x00000000c3680000, 0x00000000eab00000)
  object space 55808K, 2% used [0x00000000c0000000,0x00000000c016fee8,0x00000000c3680000)
 Metaspace       used 4333K, capacity 5904K, committed 6016K, reserved 1056768K
  class space    used 505K, capacity 584K, committed 640K, reserved 1048576K
}
Event: 1.317 GC heap before
{Heap before GC invocations=6 (full 0):
 PSYoungGen      total 2560K, used 2528K [0x00000000eab00000, 0x00000000eb200000, 0x0000000100000000)
  eden space 2048K, 100% used [0x00000000eab00000,0x00000000ead00000,0x00000000ead00000)
  from space 512K, 93% used [0x00000000ead00000,0x00000000ead78020,0x00000000ead80000)
  to   space 1536K, 0% used [0x00000000eb080000,0x00000000eb080000,0x00000000eb200000)
 ParOldGen       total 55808K, used 1471K [0x00000000c0000000, 0x00000000c3680000, 0x00000000eab00000)
  object space 55808K, 2% used [0x00000000c0000000,0x00000000c016fee8,0x00000000c3680000)
 Metaspace       used 4676K, capacity 6192K, committed 6272K, reserved 1056768K
  class space    used 532K, capacity 616K, committed 640K, reserved 1048576K
Event: 1.340 GC heap after
Heap after GC invocations=6 (full 0):
 PSYoungGen      total 5632K, used 1155K [0x00000000eab00000, 0x00000000eb200000, 0x0000000100000000)
  eden space 4096K, 0% used [0x00000000eab00000,0x00000000eab00000,0x00000000eaf00000)
  from space 1536K, 75% used [0x00000000eb080000,0x00000000eb1a0e58,0x00000000eb200000)
  to   space 1536K, 0% used [0x00000000eaf00000,0x00000000eaf00000,0x00000000eb080000)
 ParOldGen       total 55808K, used 1471K [0x00000000c0000000, 0x00000000c3680000, 0x00000000eab00000)
  object space 55808K, 2% used [0x00000000c0000000,0x00000000c016fee8,0x00000000c3680000)
 Metaspace       used 4676K, capacity 6192K, committed 6272K, reserved 1056768K
  class space    used 532K, capacity 616K, committed 640K, reserved 1048576K
}

Deoptimization events (3 events):
Event: 1.375 Thread 0x0000000002470800 Uncommon trap: reason=class_check action=maybe_recompile pc=0x00000000027a70f0 method=com.android.dx.ssa.NormalSsaInsn.accept(Lcom/android/dx/ssa/SsaInsn$Visitor;)V @ 9
Event: 1.532 Thread 0x0000000002470800 Uncommon trap: reason=class_check action=maybe_recompile pc=0x00000000027a70f0 method=com.android.dx.ssa.NormalSsaInsn.accept(Lcom/android/dx/ssa/SsaInsn$Visitor;)V @ 9
Event: 2.402 Thread 0x0000000002470800 Uncommon trap: reason=null_check action=make_not_entrant pc=0x00000000028b9dbc method=com.android.dx.ssa.SsaRenamer.getLocalForNewReg(I)Lcom/android/dx/rop/code/LocalItem; @ 19

Internal exceptions (3 events):
Event: 0.044 Thread 0x0000000002470800 Exception <a 'java/lang/NoSuchMethodError': Method sun.misc.Unsafe.defineClass(Ljava/lang/String;[BII)Ljava/lang/Class; name or signature does not match> (0x00000000eab0ef50) thrown at [D:\re\workspace\8-2-build-windows-amd64-cygwin\jdk8u5\2488\hotspot\src¾á8w¦?
Event: 0.044 Thread 0x0000000002470800 Exception <a 'java/lang/NoSuchMethodError': Method sun.misc.Unsafe.prefetchRead(Ljava/lang/Object;J)V name or signature does not match> (0x00000000eab0f1e0) thrown at [D:\re\workspace\8-2-build-windows-amd64-cygwin\jdk8u5\2488\hotspot\src\share\vm\prims\jnéø]
ù6@
Event: 2.402 Thread 0x0000000002470800 Implicit null exception at 0x00000000028b82e9 to 0x00000000028b9d95

Events (10 events):
Event: 1.709 loading class com/android/dx/cf/code/BytecodeArray$ConstantParserVisitor done
Event: 1.882 loading class java/util/ArrayList$1
Event: 1.882 loading class java/util/ArrayList$1 done
Event: 2.244 Executing VM operation: ForceSafepoint
Event: 2.244 Executing VM operation: ForceSafepoint done
Event: 2.325 loading class com/android/dx/cf/attrib/AttEnclosingMethod
Event: 2.325 loading class com/android/dx/cf/attrib/AttEnclosingMethod done
Event: 2.402 Thread 0x0000000002470800 Uncommon trap: trap_request=0xfffffff4 fr.pc=0x00000000028b9dbc
Event: 2.402 Thread 0x0000000002470800 DEOPT PACKING pc=0x00000000028b9dbc sp=0x00000000023de9f0
Event: 2.402 Thread 0x0000000002470800 DEOPT UNPACKING pc=0x00000000025b55af sp=0x00000000023de828 mode 2


Dynamic libraries:
0x00007ff711e90000 - 0x00007ff711ec4000 	C:\PROGRA~1\Java\JDK18~1.0_0\bin\java.exe
0x00007ffcf8410000 - 0x00007ffcf85ba000 	C:\WINDOWS\SYSTEM32\ntdll.dll
0x00007ffcf62d0000 - 0x00007ffcf640a000 	C:\WINDOWS\system32\KERNEL32.DLL
0x00007ffcf5950000 - 0x00007ffcf5a5f000 	C:\WINDOWS\system32\KERNELBASE.dll
0x00007ffcf4210000 - 0x00007ffcf4298000 	C:\WINDOWS\system32\apphelp.dll
0x00007ffcecf80000 - 0x00007ffcecfcf000 	C:\WINDOWS\AppPatch\AppPatch64\AcGenral.DLL
0x00007ffcf7e70000 - 0x00007ffcf7f17000 	C:\WINDOWS\system32\msvcrt.dll
0x00007ffcf55c0000 - 0x00007ffcf55eb000 	C:\WINDOWS\SYSTEM32\SspiCli.dll
0x00007ffcf7f20000 - 0x00007ffcf7f71000 	C:\WINDOWS\system32\SHLWAPI.dll
0x00007ffcf5d00000 - 0x00007ffcf5e71000 	C:\WINDOWS\system32\USER32.dll
0x00007ffcf7f80000 - 0x00007ffcf80f8000 	C:\WINDOWS\system32\ole32.dll
0x00007ffcf69b0000 - 0x00007ffcf7dd0000 	C:\WINDOWS\system32\SHELL32.dll
0x00007ffcf4df0000 - 0x00007ffcf4e0e000 	C:\WINDOWS\SYSTEM32\USERENV.dll
0x00007ffcf82b0000 - 0x00007ffcf8355000 	C:\WINDOWS\system32\ADVAPI32.dll
0x00007ffce65b0000 - 0x00007ffce65cb000 	C:\WINDOWS\SYSTEM32\MPR.dll
0x00007ffcf8170000 - 0x00007ffcf82a7000 	C:\WINDOWS\system32\RPCRT4.dll
0x00007ffcf6040000 - 0x00007ffcf6097000 	C:\WINDOWS\SYSTEM32\sechost.dll
0x00007ffcf6480000 - 0x00007ffcf6656000 	C:\WINDOWS\SYSTEM32\combase.dll
0x00007ffcf6660000 - 0x00007ffcf67a4000 	C:\WINDOWS\system32\GDI32.dll
0x00007ffcf5780000 - 0x00007ffcf5794000 	C:\WINDOWS\SYSTEM32\profapi.dll
0x00007ffcf39f0000 - 0x00007ffcf3a8f000 	C:\WINDOWS\SYSTEM32\SHCORE.dll
0x00007ffcf6290000 - 0x00007ffcf62c4000 	C:\WINDOWS\system32\IMM32.DLL
0x00007ffcf6870000 - 0x00007ffcf69a9000 	C:\WINDOWS\system32\MSCTF.dll
0x00007ffcf32a0000 - 0x00007ffcf34fa000 	C:\WINDOWS\WinSxS\amd64_microsoft.windows.common-controls_6595b64144ccf1df_6.0.9600.17031_none_6242a4b3ecbb55a1\COMCTL32.dll
0x000000005c890000 - 0x000000005c962000 	C:\PROGRA~1\Java\JDK18~1.0_0\jre\bin\msvcr100.dll
0x000000005cd10000 - 0x000000005d53a000 	C:\PROGRA~1\Java\JDK18~1.0_0\jre\bin\server\jvm.dll
0x00007ffcee330000 - 0x00007ffcee339000 	C:\WINDOWS\SYSTEM32\WSOCK32.dll
0x00007ffcef430000 - 0x00007ffcef44f000 	C:\WINDOWS\SYSTEM32\WINMM.dll
0x00007ffcf6470000 - 0x00007ffcf6477000 	C:\WINDOWS\system32\PSAPI.DLL
0x00007ffcf8100000 - 0x00007ffcf8158000 	C:\WINDOWS\system32\WS2_32.dll
0x00007ffcef400000 - 0x00007ffcef42a000 	C:\WINDOWS\SYSTEM32\WINMMBASE.dll
0x00007ffcf60a0000 - 0x00007ffcf60a9000 	C:\WINDOWS\system32\NSI.dll
0x00007ffcf5c40000 - 0x00007ffcf5c8a000 	C:\WINDOWS\SYSTEM32\cfgmgr32.dll
0x00007ffcf4610000 - 0x00007ffcf4636000 	C:\WINDOWS\SYSTEM32\DEVOBJ.dll
0x000000005cd00000 - 0x000000005cd0f000 	C:\PROGRA~1\Java\JDK18~1.0_0\jre\bin\verify.dll
0x000000005ccd0000 - 0x000000005ccf8000 	C:\PROGRA~1\Java\JDK18~1.0_0\jre\bin\java.dll
0x000000005ccb0000 - 0x000000005ccc6000 	C:\PROGRA~1\Java\JDK18~1.0_0\jre\bin\zip.dll

VM Arguments:
jvm_args: -Xmx1024M -Xss1m -Djava.ext.dirs=C:\Users\Tanmay\AppData\Local\Android\android-sdk\build-tools\20.0.0\lib 
java_command: C:\Users\Tanmay\AppData\Local\Android\android-sdk\build-tools\20.0.0\lib\dx.jar --dex --output C:\Users\Tanmay\Desktop\Code\Projects\InforMeRyerson\app\build\intermediates\pre-dexed\debug\library-2.4.0-60e11feff915b84a9999b5c30a7867e204b54407.jar C:\Users\Tanmay\.gradle\caches\modules-2\files-2.1\com.nineoldandroids\library\2.4.0\e9b63380f3a242dbdbf103a2355ad7e43bad17cb\library-2.4.0.jar
java_class_path (initial): C:\Users\Tanmay\AppData\Local\Android\android-sdk\build-tools\20.0.0\lib\dx.jar
Launcher Type: SUN_STANDARD

Environment Variables:
JAVA_HOME=C:\Program Files\Java\jdk1.8.0_05
CLASSPATH=.;C:\Program Files (x86)\Java\jre7\lib\ext\QTJava.zip
PATH=C:\WINDOWS\system32;C:\WINDOWS;C:\WINDOWS\System32\Wbem;C:\WINDOWS\System32\WindowsPowerShell\v1.0\;C:\Program Files\Intel\WiFi\bin\;C:\Program Files\Common Files\Intel\WirelessCommon\;C:\Program Files (x86)\QuickTime\QTSystem\;C:\Program Files\Java\jdk1.8.0_05\bin
USERNAME=Tanmay
OS=Windows_NT
PROCESSOR_IDENTIFIER=Intel64 Family 6 Model 58 Stepping 9, GenuineIntel



---------------  S Y S T E M  ---------------

OS: Windows 8.1 , 64 bit Build 9600 

CPU:total 4 (2 cores per cpu, 2 threads per core) family 6 model 58 stepping 9, cmov, cx8, fxsr, mmx, sse, sse2, sse3, ssse3, sse4.1, sse4.2, popcnt, avx, aes, clmul, erms, ht, tsc, tscinvbit

Memory: 4k page, physical 3618732k(75544k free), swap 7813036k(5172k free)

vm_info: Java HotSpot(TM) 64-Bit Server VM (25.5-b02) for windows-amd64 JRE (1.8.0_05-b13), built on Mar 18 2014 01:08:39 by "java_re" with MS VC++ 10.0 (VS2010)

time: Wed Aug 27 01:52:23 2014
elapsed time: 2 seconds

