#
# There is insufficient memory for the Java Runtime Environment to continue.
# Native memory allocation (malloc) failed to allocate 470496 bytes for Chunk::new
# Possible reasons:
#   The system is out of physical RAM or swap space
#   In 32 bit mode, the process size limit was hit
# Possible solutions:
#   Reduce memory load on the system
#   Increase physical memory or swap space
#   Check if swap backing store is full
#   Use 64 bit Java on a 64 bit OS
#   Decrease Java heap size (-Xmx/-Xms)
#   Decrease number of Java threads
#   Decrease Java thread stack sizes (-Xss)
#   Set larger code cache with -XX:ReservedCodeCacheSize=
# This output file may be truncated or incomplete.
#
#  Out of Memory Error (allocation.cpp:388), pid=6976, tid=10116
#
# JRE version: Java(TM) SE Runtime Environment (8.0_05-b13) (build 1.8.0_05-b13)
# Java VM: Java HotSpot(TM) 64-Bit Server VM (25.5-b02 mixed mode windows-amd64 compressed oops)
# Failed to write core dump. Minidumps are not enabled by default on client versions of Windows
#

---------------  T H R E A D  ---------------

Current thread (0x00000000151fb000):  JavaThread "C2 CompilerThread0" daemon [_thread_in_native, id=10116, stack(0x0000000016760000,0x0000000016860000)]

Stack: [0x0000000016760000,0x0000000016860000]
Native frames: (J=compiled Java code, j=interpreted, Vv=VM code, C=native code)
V  [jvm.dll+0x308dea]
V  [jvm.dll+0x25def1]
V  [jvm.dll+0x25eb0f]
V  [jvm.dll+0x2564e5]
V  [jvm.dll+0xbcfc5]
V  [jvm.dll+0xbd45c]
V  [jvm.dll+0x44d422]
V  [jvm.dll+0x48e13f]
V  [jvm.dll+0x442075]
V  [jvm.dll+0x44366b]
V  [jvm.dll+0x427532]
V  [jvm.dll+0x96702]
V  [jvm.dll+0x96ef3]
V  [jvm.dll+0x2232c4]
V  [jvm.dll+0x27baca]
C  [msvcr100.dll+0x21d9f]
C  [msvcr100.dll+0x21e3b]
C  [KERNEL32.DLL+0x16ad]
C  [ntdll.dll+0x734a5]


Current CompileTask:
C2:   2444 1018       4       com.android.dx.ssa.SsaBasicBlock::forEachInsn (37 bytes)


---------------  P R O C E S S  ---------------

Java Threads: ( => current thread )
  0x0000000015259800 JavaThread "Service Thread" daemon [_thread_blocked, id=5944, stack(0x0000000016a60000,0x0000000016b60000)]
  0x0000000015254800 JavaThread "C1 CompilerThread2" daemon [_thread_blocked, id=6272, stack(0x0000000016960000,0x0000000016a60000)]
  0x000000001523e800 JavaThread "C2 CompilerThread1" daemon [_thread_blocked, id=7512, stack(0x0000000016860000,0x0000000016960000)]
=>0x00000000151fb000 JavaThread "C2 CompilerThread0" daemon [_thread_in_native, id=10116, stack(0x0000000016760000,0x0000000016860000)]
  0x00000000151f9800 JavaThread "Attach Listener" daemon [_thread_blocked, id=8884, stack(0x0000000016660000,0x0000000016760000)]
  0x00000000151f9000 JavaThread "Signal Dispatcher" daemon [_thread_blocked, id=3908, stack(0x0000000016560000,0x0000000016660000)]
  0x00000000151c8800 JavaThread "Finalizer" daemon [_thread_blocked, id=1220, stack(0x0000000016460000,0x0000000016560000)]
  0x00000000151c7800 JavaThread "Reference Handler" daemon [_thread_blocked, id=9184, stack(0x0000000016360000,0x0000000016460000)]
  0x0000000002a30800 JavaThread "main" [_thread_in_Java, id=7792, stack(0x0000000002930000,0x0000000002a30000)]

Other Threads:
  0x00000000151c6800 VMThread [stack: 0x0000000016260000,0x0000000016360000] [id=8464]
  0x000000001525c800 WatcherThread [stack: 0x0000000016b60000,0x0000000016c60000] [id=9508]

VM state:not at safepoint (normal execution)

VM Mutex/Monitor currently owned by a thread: None

Heap:
 PSYoungGen      total 5632K, used 5603K [0x00000000eab00000, 0x00000000eb200000, 0x0000000100000000)
  eden space 4096K, 99% used [0x00000000eab00000,0x00000000eaefbf98,0x00000000eaf00000)
  from space 1536K, 99% used [0x00000000eaf00000,0x00000000eb07ce48,0x00000000eb080000)
  to   space 1536K, 0% used [0x00000000eb080000,0x00000000eb080000,0x00000000eb200000)
 ParOldGen       total 55808K, used 1931K [0x00000000c0000000, 0x00000000c3680000, 0x00000000eab00000)
  object space 55808K, 3% used [0x00000000c0000000,0x00000000c01e2ee8,0x00000000c3680000)
 Metaspace       used 4919K, capacity 6448K, committed 6528K, reserved 1056768K
  class space    used 533K, capacity 616K, committed 640K, reserved 1048576K

Card table byte_map: [0x0000000011ef0000,0x0000000012100000] byte_map_base: 0x00000000118f0000

Marking Bits: (ParMarkBitMap*) 0x000000005d4c13b0
 Begin Bits: [0x0000000012660000, 0x0000000013660000)
 End Bits:   [0x0000000013660000, 0x0000000014660000)

Polling page: 0x00000000027f0000

CodeCache: size=245760Kb used=3987Kb max_used=3998Kb free=241772Kb
 bounds [0x0000000002b30000, 0x0000000002f20000, 0x0000000011b30000]
 total_blobs=1285 nmethods=1026 adapters=173
 compilation: enabled

Compilation events (10 events):
Event: 2.369 Thread 0x0000000015254800 nmethod 1021 0x0000000002f14e10 code [0x0000000002f15080, 0x0000000002f15e98]
Event: 2.369 Thread 0x000000001523e800 1022       4       com.android.dx.rop.code.PlainInsn::<init> (73 bytes)
Event: 2.371 Thread 0x000000001523e800 nmethod 1022 0x0000000002f0c450 code [0x0000000002f0c5a0, 0x0000000002f0c6f8]
Event: 2.371 Thread 0x000000001523e800 1023       4       com.android.dx.rop.code.BasicBlockList::labelToBlock (46 bytes)
Event: 2.371 Thread 0x0000000015254800 1024       3       com.android.dx.rop.code.BasicBlockList::forEachInsn (39 bytes)
Event: 2.372 Thread 0x0000000015254800 nmethod 1024 0x0000000002f18250 code [0x0000000002f18440, 0x0000000002f18fe8]
Event: 2.373 Thread 0x000000001523e800 nmethod 1023 0x0000000002f16790 code [0x0000000002f168e0, 0x0000000002f16a18]
Event: 2.373 Thread 0x000000001523e800 1025       4       com.android.dx.rop.code.BasicBlockList$RegCountVisitor::visit (52 bytes)
Event: 2.374 Thread 0x0000000015254800 1026       3       com.android.dx.rop.code.RegisterSpecSet::equals (106 bytes)
Event: 2.375 Thread 0x0000000015254800 nmethod 1026 0x0000000002f0e010 code [0x0000000002f0e1e0, 0x0000000002f0ea08]

GC Heap History (10 events):
Event: 0.342 GC heap before
{Heap before GC invocations=3 (full 0):
 PSYoungGen      total 1536K, used 1535K [0x00000000eab00000, 0x00000000ead00000, 0x0000000100000000)
  eden space 1024K, 99% used [0x00000000eab00000,0x00000000eabffd18,0x00000000eac00000)
  from space 512K, 100% used [0x00000000eac80000,0x00000000ead00000,0x00000000ead00000)
  to   space 512K, 0% used [0x00000000eac00000,0x00000000eac00000,0x00000000eac80000)
 ParOldGen       total 55808K, used 134K [0x00000000c0000000, 0x00000000c3680000, 0x00000000eab00000)
  object space 55808K, 0% used [0x00000000c0000000,0x00000000c0021998,0x00000000c3680000)
 Metaspace       used 3249K, capacity 4944K, committed 5120K, reserved 1056768K
  class space    used 372K, capacity 456K, committed 512K, reserved 1048576K
Event: 0.344 GC heap after
Heap after GC invocations=3 (full 0):
 PSYoungGen      total 1536K, used 512K [0x00000000eab00000, 0x00000000eae00000, 0x0000000100000000)
  eden space 1024K, 0% used [0x00000000eab00000,0x00000000eab00000,0x00000000eac00000)
  from space 512K, 100% used [0x00000000eac00000,0x00000000eac80000,0x00000000eac80000)
  to   space 512K, 0% used [0x00000000ead80000,0x00000000ead80000,0x00000000eae00000)
 ParOldGen       total 55808K, used 478K [0x00000000c0000000, 0x00000000c3680000, 0x00000000eab00000)
  object space 55808K, 0% used [0x00000000c0000000,0x00000000c00778c8,0x00000000c3680000)
 Metaspace       used 3249K, capacity 4944K, committed 5120K, reserved 1056768K
  class space    used 372K, capacity 456K, committed 512K, reserved 1048576K
}
Event: 0.481 GC heap before
{Heap before GC invocations=4 (full 0):
 PSYoungGen      total 1536K, used 1536K [0x00000000eab00000, 0x00000000eae00000, 0x0000000100000000)
  eden space 1024K, 100% used [0x00000000eab00000,0x00000000eac00000,0x00000000eac00000)
  from space 512K, 100% used [0x00000000eac00000,0x00000000eac80000,0x00000000eac80000)
  to   space 512K, 0% used [0x00000000ead80000,0x00000000ead80000,0x00000000eae00000)
 ParOldGen       total 55808K, used 478K [0x00000000c0000000, 0x00000000c3680000, 0x00000000eab00000)
  object space 55808K, 0% used [0x00000000c0000000,0x00000000c00778c8,0x00000000c3680000)
 Metaspace       used 3576K, capacity 5232K, committed 5376K, reserved 1056768K
  class space    used 411K, capacity 488K, committed 512K, reserved 1048576K
Event: 0.483 GC heap after
Heap after GC invocations=4 (full 0):
 PSYoungGen      total 2560K, used 512K [0x00000000eab00000, 0x00000000eae00000, 0x0000000100000000)
  eden space 2048K, 0% used [0x00000000eab00000,0x00000000eab00000,0x00000000ead00000)
  from space 512K, 100% used [0x00000000ead80000,0x00000000eae00000,0x00000000eae00000)
  to   space 512K, 0% used [0x00000000ead00000,0x00000000ead00000,0x00000000ead80000)
 ParOldGen       total 55808K, used 829K [0x00000000c0000000, 0x00000000c3680000, 0x00000000eab00000)
  object space 55808K, 1% used [0x00000000c0000000,0x00000000c00cf5d0,0x00000000c3680000)
 Metaspace       used 3576K, capacity 5232K, committed 5376K, reserved 1056768K
  class space    used 411K, capacity 488K, committed 512K, reserved 1048576K
}
Event: 0.742 GC heap before
{Heap before GC invocations=5 (full 0):
 PSYoungGen      total 2560K, used 2560K [0x00000000eab00000, 0x00000000eae00000, 0x0000000100000000)
  eden space 2048K, 100% used [0x00000000eab00000,0x00000000ead00000,0x00000000ead00000)
  from space 512K, 100% used [0x00000000ead80000,0x00000000eae00000,0x00000000eae00000)
  to   space 512K, 0% used [0x00000000ead00000,0x00000000ead00000,0x00000000ead80000)
 ParOldGen       total 55808K, used 829K [0x00000000c0000000, 0x00000000c3680000, 0x00000000eab00000)
  object space 55808K, 1% used [0x00000000c0000000,0x00000000c00cf5d0,0x00000000c3680000)
 Metaspace       used 4335K, capacity 5904K, committed 6016K, reserved 1056768K
  class space    used 503K, capacity 584K, committed 640K, reserved 1048576K
Event: 0.763 GC heap after
Heap after GC invocations=5 (full 0):
 PSYoungGen      total 2560K, used 480K [0x00000000eab00000, 0x00000000eb200000, 0x0000000100000000)
  eden space 2048K, 0% used [0x00000000eab00000,0x00000000eab00000,0x00000000ead00000)
  from space 512K, 93% used [0x00000000ead00000,0x00000000ead78020,0x00000000ead80000)
  to   space 1536K, 0% used [0x00000000eb080000,0x00000000eb080000,0x00000000eb200000)
 ParOldGen       total 55808K, used 1465K [0x00000000c0000000, 0x00000000c3680000, 0x00000000eab00000)
  object space 55808K, 2% used [0x00000000c0000000,0x00000000c016e590,0x00000000c3680000)
 Metaspace       used 4335K, capacity 5904K, committed 6016K, reserved 1056768K
  class space    used 503K, capacity 584K, committed 640K, reserved 1048576K
}
Event: 1.077 GC heap before
{Heap before GC invocations=6 (full 0):
 PSYoungGen      total 2560K, used 2528K [0x00000000eab00000, 0x00000000eb200000, 0x0000000100000000)
  eden space 2048K, 100% used [0x00000000eab00000,0x00000000ead00000,0x00000000ead00000)
  from space 512K, 93% used [0x00000000ead00000,0x00000000ead78020,0x00000000ead80000)
  to   space 1536K, 0% used [0x00000000eb080000,0x00000000eb080000,0x00000000eb200000)
 ParOldGen       total 55808K, used 1465K [0x00000000c0000000, 0x00000000c3680000, 0x00000000eab00000)
  object space 55808K, 2% used [0x00000000c0000000,0x00000000c016e590,0x00000000c3680000)
 Metaspace       used 4629K, capacity 6160K, committed 6272K, reserved 1056768K
  class space    used 523K, capacity 584K, committed 640K, reserved 1048576K
Event: 1.121 GC heap after
Heap after GC invocations=6 (full 0):
 PSYoungGen      total 5632K, used 1120K [0x00000000eab00000, 0x00000000eb200000, 0x0000000100000000)
  eden space 4096K, 0% used [0x00000000eab00000,0x00000000eab00000,0x00000000eaf00000)
  from space 1536K, 72% used [0x00000000eb080000,0x00000000eb198018,0x00000000eb200000)
  to   space 1536K, 0% used [0x00000000eaf00000,0x00000000eaf00000,0x00000000eb080000)
 ParOldGen       total 55808K, used 1473K [0x00000000c0000000, 0x00000000c3680000, 0x00000000eab00000)
  object space 55808K, 2% used [0x00000000c0000000,0x00000000c0170590,0x00000000c3680000)
 Metaspace       used 4629K, capacity 6160K, committed 6272K, reserved 1056768K
  class space    used 523K, capacity 584K, committed 640K, reserved 1048576K
}
Event: 1.823 GC heap before
{Heap before GC invocations=7 (full 0):
 PSYoungGen      total 5632K, used 5216K [0x00000000eab00000, 0x00000000eb200000, 0x0000000100000000)
  eden space 4096K, 100% used [0x00000000eab00000,0x00000000eaf00000,0x00000000eaf00000)
  from space 1536K, 72% used [0x00000000eb080000,0x00000000eb198018,0x00000000eb200000)
  to   space 1536K, 0% used [0x00000000eaf00000,0x00000000eaf00000,0x00000000eb080000)
 ParOldGen       total 55808K, used 1473K [0x00000000c0000000, 0x00000000c3680000, 0x00000000eab00000)
  object space 55808K, 2% used [0x00000000c0000000,0x00000000c0170590,0x00000000c3680000)
 Metaspace       used 4875K, capacity 6384K, committed 6528K, reserved 1056768K
  class space    used 531K, capacity 616K, committed 640K, reserved 1048576K
Event: 1.904 GC heap after
Heap after GC invocations=7 (full 0):
 PSYoungGen      total 5632K, used 1523K [0x00000000eab00000, 0x00000000eb200000, 0x0000000100000000)
  eden space 4096K, 0% used [0x00000000eab00000,0x00000000eab00000,0x00000000eaf00000)
  from space 1536K, 99% used [0x00000000eaf00000,0x00000000eb07ce48,0x00000000eb080000)
  to   space 1536K, 0% used [0x00000000eb080000,0x00000000eb080000,0x00000000eb200000)
 ParOldGen       total 55808K, used 1931K [0x00000000c0000000, 0x00000000c3680000, 0x00000000eab00000)
  object space 55808K, 3% used [0x00000000c0000000,0x00000000c01e2ee8,0x00000000c3680000)
 Metaspace       used 4875K, capacity 6384K, committed 6528K, reserved 1056768K
  class space    used 531K, capacity 616K, committed 640K, reserved 1048576K
}

Deoptimization events (9 events):
Event: 1.536 Thread 0x0000000002a30800 Uncommon trap: reason=null_check action=make_not_entrant pc=0x0000000002e4d46c method=com.android.dx.ssa.SsaRenamer.getLocalForNewReg(I)Lcom/android/dx/rop/code/LocalItem; @ 19
Event: 1.672 Thread 0x0000000002a30800 Uncommon trap: reason=class_check action=maybe_recompile pc=0x0000000002e6373c method=com.android.dx.ssa.NormalSsaInsn.accept(Lcom/android/dx/ssa/SsaInsn$Visitor;)V @ 9
Event: 1.803 Thread 0x0000000002a30800 Uncommon trap: reason=unreached action=reinterpret pc=0x0000000002eae2c4 method=java.util.HashMap.putVal(ILjava/lang/Object;Ljava/lang/Object;ZZ)Ljava/lang/Object; @ 193
Event: 2.177 Thread 0x0000000002a30800 Uncommon trap: reason=unreached action=reinterpret pc=0x0000000002e35898 method=com.android.dx.rop.code.LocalItem.hashCode()I @ 25
Event: 2.310 Thread 0x0000000002a30800 Uncommon trap: reason=bimorphic action=maybe_recompile pc=0x0000000002d3a694 method=java.util.HashMap.getNode(ILjava/lang/Object;)Ljava/util/HashMap$Node; @ 126
Event: 2.356 Thread 0x0000000002a30800 Uncommon trap: reason=class_check action=maybe_recompile pc=0x0000000002e6373c method=com.android.dx.ssa.NormalSsaInsn.accept(Lcom/android/dx/ssa/SsaInsn$Visitor;)V @ 9
Event: 2.359 Thread 0x0000000002a30800 Uncommon trap: reason=class_check action=maybe_recompile pc=0x0000000002e6373c method=com.android.dx.ssa.NormalSsaInsn.accept(Lcom/android/dx/ssa/SsaInsn$Visitor;)V @ 9
Event: 2.359 Thread 0x0000000002a30800 Uncommon trap: reason=class_check action=maybe_recompile pc=0x0000000002e6373c method=com.android.dx.ssa.NormalSsaInsn.accept(Lcom/android/dx/ssa/SsaInsn$Visitor;)V @ 9
Event: 2.361 Thread 0x0000000002a30800 Uncommon trap: reason=unreached action=reinterpret pc=0x0000000002ef1050 method=com.android.dx.rop.code.LocalItem.hashCode()I @ 25

Internal exceptions (3 events):
Event: 0.047 Thread 0x0000000002a30800 Exception <a 'java/lang/NoSuchMethodError': Method sun.misc.Unsafe.defineClass(Ljava/lang/String;[BII)Ljava/lang/Class; name or signature does not match> (0x00000000eab0eef0) thrown at [D:\re\workspace\8-2-build-windows-amd64-cygwin\jdk8u5\2488\hotspot\src÷Áð€ï§?
Event: 0.047 Thread 0x0000000002a30800 Exception <a 'java/lang/NoSuchMethodError': Method sun.misc.Unsafe.prefetchRead(Ljava/lang/Object;J)V name or signature does not match> (0x00000000eab0f180) thrown at [D:\re\workspace\8-2-build-windows-amd64-cygwin\jdk8u5\2488\hotspot\src\share\vm\prims\jnË1_
Event: 1.536 Thread 0x0000000002a30800 Implicit null exception at 0x0000000002e4b3da to 0x0000000002e4d445

Events (10 events):
Event: 2.357 Thread 0x0000000002a30800 DEOPT UNPACKING pc=0x0000000002b755af sp=0x0000000002a2e0b0 mode 2
Event: 2.359 Thread 0x0000000002a30800 Uncommon trap: trap_request=0xffffffde fr.pc=0x0000000002e6373c
Event: 2.359 Thread 0x0000000002a30800 DEOPT PACKING pc=0x0000000002e6373c sp=0x0000000002a2e380
Event: 2.359 Thread 0x0000000002a30800 DEOPT UNPACKING pc=0x0000000002b755af sp=0x0000000002a2e330 mode 2
Event: 2.359 Thread 0x0000000002a30800 Uncommon trap: trap_request=0xffffffde fr.pc=0x0000000002e6373c
Event: 2.359 Thread 0x0000000002a30800 DEOPT PACKING pc=0x0000000002e6373c sp=0x0000000002a2e380
Event: 2.359 Thread 0x0000000002a30800 DEOPT UNPACKING pc=0x0000000002b755af sp=0x0000000002a2e330 mode 2
Event: 2.361 Thread 0x0000000002a30800 Uncommon trap: trap_request=0xffffffad fr.pc=0x0000000002ef1050
Event: 2.361 Thread 0x0000000002a30800 DEOPT PACKING pc=0x0000000002ef1050 sp=0x0000000002a2e4e0
Event: 2.361 Thread 0x0000000002a30800 DEOPT UNPACKING pc=0x0000000002b755af sp=0x0000000002a2e168 mode 2


Dynamic libraries:
0x00007ff711e90000 - 0x00007ff711ec4000 	C:\PROGRA~1\Java\JDK18~1.0_0\bin\java.exe
0x00007ffcf8410000 - 0x00007ffcf85ba000 	C:\WINDOWS\SYSTEM32\ntdll.dll
0x00007ffcf62d0000 - 0x00007ffcf640a000 	C:\WINDOWS\system32\KERNEL32.DLL
0x00007ffcf5950000 - 0x00007ffcf5a5f000 	C:\WINDOWS\system32\KERNELBASE.dll
0x00007ffcf4210000 - 0x00007ffcf4298000 	C:\WINDOWS\system32\apphelp.dll
0x00007ffcecf80000 - 0x00007ffcecfcf000 	C:\WINDOWS\AppPatch\AppPatch64\AcGenral.DLL
0x00007ffcf7e70000 - 0x00007ffcf7f17000 	C:\WINDOWS\system32\msvcrt.dll
0x00007ffcf55c0000 - 0x00007ffcf55eb000 	C:\WINDOWS\SYSTEM32\SspiCli.dll
0x00007ffcf7f20000 - 0x00007ffcf7f71000 	C:\WINDOWS\system32\SHLWAPI.dll
0x00007ffcf5d00000 - 0x00007ffcf5e71000 	C:\WINDOWS\system32\USER32.dll
0x00007ffcf7f80000 - 0x00007ffcf80f8000 	C:\WINDOWS\system32\ole32.dll
0x00007ffcf69b0000 - 0x00007ffcf7dd0000 	C:\WINDOWS\system32\SHELL32.dll
0x00007ffcf4df0000 - 0x00007ffcf4e0e000 	C:\WINDOWS\SYSTEM32\USERENV.dll
0x00007ffcf82b0000 - 0x00007ffcf8355000 	C:\WINDOWS\system32\ADVAPI32.dll
0x00007ffce65b0000 - 0x00007ffce65cb000 	C:\WINDOWS\SYSTEM32\MPR.dll
0x00007ffcf8170000 - 0x00007ffcf82a7000 	C:\WINDOWS\system32\RPCRT4.dll
0x00007ffcf6040000 - 0x00007ffcf6097000 	C:\WINDOWS\SYSTEM32\sechost.dll
0x00007ffcf6480000 - 0x00007ffcf6656000 	C:\WINDOWS\SYSTEM32\combase.dll
0x00007ffcf6660000 - 0x00007ffcf67a4000 	C:\WINDOWS\system32\GDI32.dll
0x00007ffcf5780000 - 0x00007ffcf5794000 	C:\WINDOWS\SYSTEM32\profapi.dll
0x00007ffcf39f0000 - 0x00007ffcf3a8f000 	C:\WINDOWS\SYSTEM32\SHCORE.dll
0x00007ffcf6290000 - 0x00007ffcf62c4000 	C:\WINDOWS\system32\IMM32.DLL
0x00007ffcf6870000 - 0x00007ffcf69a9000 	C:\WINDOWS\system32\MSCTF.dll
0x00007ffcf32a0000 - 0x00007ffcf34fa000 	C:\WINDOWS\WinSxS\amd64_microsoft.windows.common-controls_6595b64144ccf1df_6.0.9600.17031_none_6242a4b3ecbb55a1\COMCTL32.dll
0x000000005c890000 - 0x000000005c962000 	C:\PROGRA~1\Java\JDK18~1.0_0\jre\bin\msvcr100.dll
0x000000005cd10000 - 0x000000005d53a000 	C:\PROGRA~1\Java\JDK18~1.0_0\jre\bin\server\jvm.dll
0x00007ffcee330000 - 0x00007ffcee339000 	C:\WINDOWS\SYSTEM32\WSOCK32.dll
0x00007ffcef430000 - 0x00007ffcef44f000 	C:\WINDOWS\SYSTEM32\WINMM.dll
0x00007ffcf6470000 - 0x00007ffcf6477000 	C:\WINDOWS\system32\PSAPI.DLL
0x00007ffcf8100000 - 0x00007ffcf8158000 	C:\WINDOWS\system32\WS2_32.dll
0x00007ffcef400000 - 0x00007ffcef42a000 	C:\WINDOWS\SYSTEM32\WINMMBASE.dll
0x00007ffcf60a0000 - 0x00007ffcf60a9000 	C:\WINDOWS\system32\NSI.dll
0x00007ffcf5c40000 - 0x00007ffcf5c8a000 	C:\WINDOWS\SYSTEM32\cfgmgr32.dll
0x00007ffcf4610000 - 0x00007ffcf4636000 	C:\WINDOWS\SYSTEM32\DEVOBJ.dll
0x000000005cd00000 - 0x000000005cd0f000 	C:\PROGRA~1\Java\JDK18~1.0_0\jre\bin\verify.dll
0x000000005ccd0000 - 0x000000005ccf8000 	C:\PROGRA~1\Java\JDK18~1.0_0\jre\bin\java.dll
0x000000005ccb0000 - 0x000000005ccc6000 	C:\PROGRA~1\Java\JDK18~1.0_0\jre\bin\zip.dll
0x00007ffcdf550000 - 0x00007ffcdf6d8000 	C:\WINDOWS\SYSTEM32\dbghelp.dll

VM Arguments:
jvm_args: -Xmx1024M -Xss1m -Djava.ext.dirs=C:\Users\Tanmay\AppData\Local\Android\android-sdk\build-tools\20.0.0\lib 
java_command: C:\Users\Tanmay\AppData\Local\Android\android-sdk\build-tools\20.0.0\lib\dx.jar --dex --output C:\Users\Tanmay\Desktop\Code\Projects\InforMeRyerson\app\build\intermediates\pre-dexed\debug\classes-485821b5435eec6d42e0b897c618a06c6a2f6a2f.jar C:\Users\Tanmay\Desktop\Code\Projects\InforMeRyerson\app\build\intermediates\exploded-aar\com.viewpagerindicator\library\2.4.1\classes.jar
java_class_path (initial): C:\Users\Tanmay\AppData\Local\Android\android-sdk\build-tools\20.0.0\lib\dx.jar
Launcher Type: SUN_STANDARD

Environment Variables:
JAVA_HOME=C:\Program Files\Java\jdk1.8.0_05
CLASSPATH=.;C:\Program Files (x86)\Java\jre7\lib\ext\QTJava.zip
PATH=C:\WINDOWS\system32;C:\WINDOWS;C:\WINDOWS\System32\Wbem;C:\WINDOWS\System32\WindowsPowerShell\v1.0\;C:\Program Files\Intel\WiFi\bin\;C:\Program Files\Common Files\Intel\WirelessCommon\;C:\Program Files (x86)\QuickTime\QTSystem\;C:\Program Files\Java\jdk1.8.0_05\bin
USERNAME=Tanmay
OS=Windows_NT
PROCESSOR_IDENTIFIER=Intel64 Family 6 Model 58 Stepping 9, GenuineIntel



---------------  S Y S T E M  ---------------

OS: Windows 8.1 , 64 bit Build 9600 

CPU:total 4 (2 cores per cpu, 2 threads per core) family 6 model 58 stepping 9, cmov, cx8, fxsr, mmx, sse, sse2, sse3, ssse3, sse4.1, sse4.2, popcnt, avx, aes, clmul, erms, ht, tsc, tscinvbit

Memory: 4k page, physical 3618732k(78200k free), swap 7813036k(4728k free)

vm_info: Java HotSpot(TM) 64-Bit Server VM (25.5-b02) for windows-amd64 JRE (1.8.0_05-b13), built on Mar 18 2014 01:08:39 by "java_re" with MS VC++ 10.0 (VS2010)

time: Wed Aug 27 01:52:23 2014
elapsed time: 2 seconds

