#
# There is insufficient memory for the Java Runtime Environment to continue.
# Native memory allocation (malloc) failed to allocate 548816 bytes for Chunk::new
# Possible reasons:
#   The system is out of physical RAM or swap space
#   In 32 bit mode, the process size limit was hit
# Possible solutions:
#   Reduce memory load on the system
#   Increase physical memory or swap space
#   Check if swap backing store is full
#   Use 64 bit Java on a 64 bit OS
#   Decrease Java heap size (-Xmx/-Xms)
#   Decrease number of Java threads
#   Decrease Java thread stack sizes (-Xss)
#   Set larger code cache with -XX:ReservedCodeCacheSize=
# This output file may be truncated or incomplete.
#
#  Out of Memory Error (allocation.cpp:388), pid=2620, tid=1460
#
# JRE version: Java(TM) SE Runtime Environment (8.0_05-b13) (build 1.8.0_05-b13)
# Java VM: Java HotSpot(TM) 64-Bit Server VM (25.5-b02 mixed mode windows-amd64 compressed oops)
# Failed to write core dump. Minidumps are not enabled by default on client versions of Windows
#

---------------  T H R E A D  ---------------

Current thread (0x00000000149af000):  JavaThread "C2 CompilerThread1" daemon [_thread_in_native, id=1460, stack(0x0000000015fc0000,0x00000000160c0000)]

Stack: [0x0000000015fc0000,0x00000000160c0000]
Native frames: (J=compiled Java code, j=interpreted, Vv=VM code, C=native code)
V  [jvm.dll+0x308dea]


Current CompileTask:
C2:   4627 1198       4       com.android.dx.ssa.SCCP::simulateBranch (666 bytes)


---------------  P R O C E S S  ---------------

Java Threads: ( => current thread )
  0x00000000149c0000 JavaThread "Service Thread" daemon [_thread_blocked, id=4752, stack(0x00000000161c0000,0x00000000162c0000)]
  0x00000000149bb800 JavaThread "C1 CompilerThread2" daemon [_thread_blocked, id=5576, stack(0x00000000160c0000,0x00000000161c0000)]
=>0x00000000149af000 JavaThread "C2 CompilerThread1" daemon [_thread_in_native, id=1460, stack(0x0000000015fc0000,0x00000000160c0000)]
  0x000000001496b800 JavaThread "C2 CompilerThread0" daemon [_thread_blocked, id=2044, stack(0x0000000015ec0000,0x0000000015fc0000)]
  0x000000001496a800 JavaThread "Attach Listener" daemon [_thread_blocked, id=7944, stack(0x0000000015dc0000,0x0000000015ec0000)]
  0x0000000014969000 JavaThread "Signal Dispatcher" daemon [_thread_blocked, id=8456, stack(0x0000000015cc0000,0x0000000015dc0000)]
  0x0000000014938800 JavaThread "Finalizer" daemon [_thread_blocked, id=7000, stack(0x0000000015bc0000,0x0000000015cc0000)]
  0x0000000014937800 JavaThread "Reference Handler" daemon [_thread_blocked, id=3792, stack(0x0000000015ac0000,0x0000000015bc0000)]
  0x00000000021a0800 JavaThread "main" [_thread_in_Java, id=4932, stack(0x0000000001fa0000,0x00000000020a0000)]

Other Threads:
  0x0000000014936800 VMThread [stack: 0x00000000159c0000,0x0000000015ac0000] [id=2668]
  0x00000000149c3000 WatcherThread [stack: 0x00000000162c0000,0x00000000163c0000] [id=8172]

VM state:not at safepoint (normal execution)

VM Mutex/Monitor currently owned by a thread: None

Heap:
 PSYoungGen      total 9728K, used 9551K [0x00000000eab00000, 0x00000000eb800000, 0x0000000100000000)
  eden space 7680K, 97% used [0x00000000eab00000,0x00000000eb254a28,0x00000000eb280000)
  from space 2048K, 99% used [0x00000000eb500000,0x00000000eb6ff378,0x00000000eb700000)
  to   space 2560K, 0% used [0x00000000eb280000,0x00000000eb280000,0x00000000eb500000)
 ParOldGen       total 55808K, used 2247K [0x00000000c0000000, 0x00000000c3680000, 0x00000000eab00000)
  object space 55808K, 4% used [0x00000000c0000000,0x00000000c0231cc8,0x00000000c3680000)
 Metaspace       used 5074K, capacity 6576K, committed 6784K, reserved 1056768K
  class space    used 537K, capacity 616K, committed 640K, reserved 1048576K

Card table byte_map: [0x0000000011660000,0x0000000011870000] byte_map_base: 0x0000000011060000

Marking Bits: (ParMarkBitMap*) 0x000000005d4c13b0
 Begin Bits: [0x0000000011dd0000, 0x0000000012dd0000)
 End Bits:   [0x0000000012dd0000, 0x0000000013dd0000)

Polling page: 0x00000000005a0000

CodeCache: size=245760Kb used=4934Kb max_used=4949Kb free=240825Kb
 bounds [0x00000000022a0000, 0x0000000002780000, 0x00000000112a0000]
 total_blobs=1458 nmethods=1199 adapters=173
 compilation: enabled

Compilation events (10 events):
Event: 4.382 Thread 0x00000000149bb800 1196       3       java.util.HashMap::<init> (98 bytes)
Event: 4.383 Thread 0x00000000149bb800 nmethod 1196 0x0000000002756c50 code [0x0000000002756ee0, 0x0000000002758048]
Event: 4.386 Thread 0x00000000149bb800 1197       3       java.util.HashMap$HashIterator::hasNext (13 bytes)
Event: 4.386 Thread 0x00000000149bb800 nmethod 1197 0x00000000027568d0 code [0x0000000002756a20, 0x0000000002756bd0]
Event: 4.387 Thread 0x00000000149af000 1198       4       com.android.dx.ssa.SCCP::simulateBranch (666 bytes)
Event: 4.413 Thread 0x00000000149bb800 1199       1       com.android.dx.rop.code.LocalItem::getName (5 bytes)
Event: 4.413 Thread 0x00000000149bb800 nmethod 1199 0x000000000273d010 code [0x000000000273d160, 0x000000000273d270]
Event: 4.414 Thread 0x00000000149bb800 1200       3       com.android.dx.ssa.SsaConverter::edgeSplitPredecessors (44 bytes)
Event: 4.415 Thread 0x00000000149bb800 nmethod 1200 0x0000000002755810 code [0x0000000002755a00, 0x0000000002756388]
Event: 4.418 Thread 0x000000001496b800 nmethod 1194% 0x0000000002777c10 code [0x0000000002777e00, 0x0000000002778c18]

GC Heap History (10 events):
Event: 0.691 GC heap before
{Heap before GC invocations=4 (full 0):
 PSYoungGen      total 1536K, used 1511K [0x00000000eab00000, 0x00000000eae00000, 0x0000000100000000)
  eden space 1024K, 100% used [0x00000000eab00000,0x00000000eac00000,0x00000000eac00000)
  from space 512K, 95% used [0x00000000eac00000,0x00000000eac79c50,0x00000000eac80000)
  to   space 512K, 0% used [0x00000000ead80000,0x00000000ead80000,0x00000000eae00000)
 ParOldGen       total 55808K, used 475K [0x00000000c0000000, 0x00000000c3680000, 0x00000000eab00000)
  object space 55808K, 0% used [0x00000000c0000000,0x00000000c0076e78,0x00000000c3680000)
 Metaspace       used 3578K, capacity 5264K, committed 5504K, reserved 1056768K
  class space    used 416K, capacity 520K, committed 640K, reserved 1048576K
Event: 0.694 GC heap after
Heap after GC invocations=4 (full 0):
 PSYoungGen      total 2560K, used 506K [0x00000000eab00000, 0x00000000eae00000, 0x0000000100000000)
  eden space 2048K, 0% used [0x00000000eab00000,0x00000000eab00000,0x00000000ead00000)
  from space 512K, 98% used [0x00000000ead80000,0x00000000eadfea80,0x00000000eae00000)
  to   space 512K, 0% used [0x00000000ead00000,0x00000000ead00000,0x00000000ead80000)
 ParOldGen       total 55808K, used 804K [0x00000000c0000000, 0x00000000c3680000, 0x00000000eab00000)
  object space 55808K, 1% used [0x00000000c0000000,0x00000000c00c92d8,0x00000000c3680000)
 Metaspace       used 3578K, capacity 5264K, committed 5504K, reserved 1056768K
  class space    used 416K, capacity 520K, committed 640K, reserved 1048576K
}
Event: 0.897 GC heap before
{Heap before GC invocations=5 (full 0):
 PSYoungGen      total 2560K, used 2554K [0x00000000eab00000, 0x00000000eae00000, 0x0000000100000000)
  eden space 2048K, 100% used [0x00000000eab00000,0x00000000ead00000,0x00000000ead00000)
  from space 512K, 98% used [0x00000000ead80000,0x00000000eadfea80,0x00000000eae00000)
  to   space 512K, 0% used [0x00000000ead00000,0x00000000ead00000,0x00000000ead80000)
 ParOldGen       total 55808K, used 804K [0x00000000c0000000, 0x00000000c3680000, 0x00000000eab00000)
  object space 55808K, 1% used [0x00000000c0000000,0x00000000c00c92d8,0x00000000c3680000)
 Metaspace       used 4354K, capacity 5904K, committed 6016K, reserved 1056768K
  class space    used 508K, capacity 584K, committed 640K, reserved 1048576K
Event: 0.930 GC heap after
Heap after GC invocations=5 (full 0):
 PSYoungGen      total 2560K, used 490K [0x00000000eab00000, 0x00000000eb200000, 0x0000000100000000)
  eden space 2048K, 0% used [0x00000000eab00000,0x00000000eab00000,0x00000000ead00000)
  from space 512K, 95% used [0x00000000ead00000,0x00000000ead7aa90,0x00000000ead80000)
  to   space 1536K, 0% used [0x00000000eb080000,0x00000000eb080000,0x00000000eb200000)
 ParOldGen       total 55808K, used 1420K [0x00000000c0000000, 0x00000000c3680000, 0x00000000eab00000)
  object space 55808K, 2% used [0x00000000c0000000,0x00000000c0163150,0x00000000c3680000)
 Metaspace       used 4354K, capacity 5904K, committed 6016K, reserved 1056768K
  class space    used 508K, capacity 584K, committed 640K, reserved 1048576K
}
Event: 1.383 GC heap before
{Heap before GC invocations=6 (full 0):
 PSYoungGen      total 2560K, used 2538K [0x00000000eab00000, 0x00000000eb200000, 0x0000000100000000)
  eden space 2048K, 100% used [0x00000000eab00000,0x00000000ead00000,0x00000000ead00000)
  from space 512K, 95% used [0x00000000ead00000,0x00000000ead7aa90,0x00000000ead80000)
  to   space 1536K, 0% used [0x00000000eb080000,0x00000000eb080000,0x00000000eb200000)
 ParOldGen       total 55808K, used 1420K [0x00000000c0000000, 0x00000000c3680000, 0x00000000eab00000)
  object space 55808K, 2% used [0x00000000c0000000,0x00000000c0163150,0x00000000c3680000)
 Metaspace       used 4666K, capacity 6192K, committed 6272K, reserved 1056768K
  class space    used 528K, capacity 616K, committed 640K, reserved 1048576K
Event: 1.386 GC heap after
Heap after GC invocations=6 (full 0):
 PSYoungGen      total 5632K, used 1258K [0x00000000eab00000, 0x00000000eb200000, 0x0000000100000000)
  eden space 4096K, 0% used [0x00000000eab00000,0x00000000eab00000,0x00000000eaf00000)
  from space 1536K, 81% used [0x00000000eb080000,0x00000000eb1baaa8,0x00000000eb200000)
  to   space 1536K, 0% used [0x00000000eaf00000,0x00000000eaf00000,0x00000000eb080000)
 ParOldGen       total 55808K, used 1428K [0x00000000c0000000, 0x00000000c3680000, 0x00000000eab00000)
  object space 55808K, 2% used [0x00000000c0000000,0x00000000c0165150,0x00000000c3680000)
 Metaspace       used 4666K, capacity 6192K, committed 6272K, reserved 1056768K
  class space    used 528K, capacity 616K, committed 640K, reserved 1048576K
}
Event: 2.305 GC heap before
{Heap before GC invocations=7 (full 0):
 PSYoungGen      total 5632K, used 5354K [0x00000000eab00000, 0x00000000eb200000, 0x0000000100000000)
  eden space 4096K, 100% used [0x00000000eab00000,0x00000000eaf00000,0x00000000eaf00000)
  from space 1536K, 81% used [0x00000000eb080000,0x00000000eb1baaa8,0x00000000eb200000)
  to   space 1536K, 0% used [0x00000000eaf00000,0x00000000eaf00000,0x00000000eb080000)
 ParOldGen       total 55808K, used 1428K [0x00000000c0000000, 0x00000000c3680000, 0x00000000eab00000)
  object space 55808K, 2% used [0x00000000c0000000,0x00000000c0165150,0x00000000c3680000)
 Metaspace       used 4879K, capacity 6384K, committed 6528K, reserved 1056768K
  class space    used 530K, capacity 616K, committed 640K, reserved 1048576K
Event: 2.342 GC heap after
Heap after GC invocations=7 (full 0):
 PSYoungGen      total 5632K, used 1511K [0x00000000eab00000, 0x00000000eb700000, 0x0000000100000000)
  eden space 4096K, 0% used [0x00000000eab00000,0x00000000eab00000,0x00000000eaf00000)
  from space 1536K, 98% used [0x00000000eaf00000,0x00000000eb079c68,0x00000000eb080000)
  to   space 2048K, 0% used [0x00000000eb500000,0x00000000eb500000,0x00000000eb700000)
 ParOldGen       total 55808K, used 1712K [0x00000000c0000000, 0x00000000c3680000, 0x00000000eab00000)
  object space 55808K, 3% used [0x00000000c0000000,0x00000000c01ac208,0x00000000c3680000)
 Metaspace       used 4879K, capacity 6384K, committed 6528K, reserved 1056768K
  class space    used 530K, capacity 616K, committed 640K, reserved 1048576K
}
Event: 2.680 GC heap before
{Heap before GC invocations=8 (full 0):
 PSYoungGen      total 5632K, used 5607K [0x00000000eab00000, 0x00000000eb700000, 0x0000000100000000)
  eden space 4096K, 100% used [0x00000000eab00000,0x00000000eaf00000,0x00000000eaf00000)
  from space 1536K, 98% used [0x00000000eaf00000,0x00000000eb079c68,0x00000000eb080000)
  to   space 2048K, 0% used [0x00000000eb500000,0x00000000eb500000,0x00000000eb700000)
 ParOldGen       total 55808K, used 1712K [0x00000000c0000000, 0x00000000c3680000, 0x00000000eab00000)
  object space 55808K, 3% used [0x00000000c0000000,0x00000000c01ac208,0x00000000c3680000)
 Metaspace       used 4997K, capacity 6448K, committed 6528K, reserved 1056768K
  class space    used 537K, capacity 616K, committed 640K, reserved 1048576K
Event: 2.858 GC heap after
Heap after GC invocations=8 (full 0):
 PSYoungGen      total 9728K, used 2044K [0x00000000eab00000, 0x00000000eb800000, 0x0000000100000000)
  eden space 7680K, 0% used [0x00000000eab00000,0x00000000eab00000,0x00000000eb280000)
  from space 2048K, 99% used [0x00000000eb500000,0x00000000eb6ff378,0x00000000eb700000)
  to   space 2560K, 0% used [0x00000000eb280000,0x00000000eb280000,0x00000000eb500000)
 ParOldGen       total 55808K, used 2247K [0x00000000c0000000, 0x00000000c3680000, 0x00000000eab00000)
  object space 55808K, 4% used [0x00000000c0000000,0x00000000c0231cc8,0x00000000c3680000)
 Metaspace       used 4997K, capacity 6448K, committed 6528K, reserved 1056768K
  class space    used 537K, capacity 616K, committed 640K, reserved 1048576K
}

Deoptimization events (10 events):
Event: 2.507 Thread 0x00000000021a0800 Uncommon trap: reason=class_check action=maybe_recompile pc=0x0000000002513130 method=com.android.dx.ssa.NormalSsaInsn.accept(Lcom/android/dx/ssa/SsaInsn$Visitor;)V @ 9
Event: 2.507 Thread 0x00000000021a0800 Uncommon trap: reason=class_check action=maybe_recompile pc=0x0000000002513130 method=com.android.dx.ssa.NormalSsaInsn.accept(Lcom/android/dx/ssa/SsaInsn$Visitor;)V @ 9
Event: 2.565 Thread 0x00000000021a0800 Uncommon trap: reason=unreached action=reinterpret pc=0x0000000002650f34 method=com.android.dx.ssa.SsaMethod.onSourcesChanged(Lcom/android/dx/ssa/SsaInsn;Lcom/android/dx/rop/code/RegisterSpecList;)V @ 4
Event: 2.646 Thread 0x00000000021a0800 Uncommon trap: reason=class_check action=maybe_recompile pc=0x00000000025efdac method=com.android.dx.rop.type.Type.equals(Ljava/lang/Object;)Z @ 8
Event: 2.646 Thread 0x00000000021a0800 Uncommon trap: reason=class_check action=maybe_recompile pc=0x00000000025efdac method=com.android.dx.rop.type.Type.equals(Ljava/lang/Object;)Z @ 8
Event: 2.646 Thread 0x00000000021a0800 Uncommon trap: reason=class_check action=maybe_recompile pc=0x00000000025efdac method=com.android.dx.rop.type.Type.equals(Ljava/lang/Object;)Z @ 8
Event: 2.646 Thread 0x00000000021a0800 Uncommon trap: reason=class_check action=maybe_recompile pc=0x00000000025efdac method=com.android.dx.rop.type.Type.equals(Ljava/lang/Object;)Z @ 8
Event: 2.646 Thread 0x00000000021a0800 Uncommon trap: reason=class_check action=maybe_recompile pc=0x00000000025c4430 method=com.android.dx.rop.type.Type.equals(Ljava/lang/Object;)Z @ 8
Event: 2.863 Thread 0x00000000021a0800 Uncommon trap: reason=unreached action=reinterpret pc=0x00000000026c4298 method=java.util.HashMap.putVal(ILjava/lang/Object;Ljava/lang/Object;ZZ)Ljava/lang/Object; @ 193
Event: 2.908 Thread 0x00000000021a0800 Uncommon trap: reason=unreached action=reinterpret pc=0x000000000260479c method=com.android.dx.rop.cst.Constant.compareTo(Lcom/android/dx/rop/cst/Constant;)I @ 12

Internal exceptions (2 events):
Event: 0.045 Thread 0x00000000021a0800 Exception <a 'java/lang/NoSuchMethodError': Method sun.misc.Unsafe.defineClass(Ljava/lang/String;[BII)Ljava/lang/Class; name or signature does not match> (0x00000000eab0ed68) thrown at [D:\re\workspace\8-2-build-windows-amd64-cygwin\jdk8u5\2488\hotspot\src?seäß?
Event: 0.045 Thread 0x00000000021a0800 Exception <a 'java/lang/NoSuchMethodError': Method sun.misc.Unsafe.prefetchRead(Ljava/lang/Object;J)V name or signature does not match> (0x00000000eab0eff8) thrown at [D:\re\workspace\8-2-build-windows-amd64-cygwin\jdk8u5\2488\hotspot\src\share\vm\prims\jn

Events (10 events):
Event: 2.680 Executing VM operation: ParallelGCFailedAllocation
Event: 2.858 Executing VM operation: ParallelGCFailedAllocation done
Event: 2.863 Thread 0x00000000021a0800 Uncommon trap: trap_request=0xffffffad fr.pc=0x00000000026c4298
Event: 2.863 Thread 0x00000000021a0800 DEOPT PACKING pc=0x00000000026c4298 sp=0x000000000209ea90
Event: 2.863 Thread 0x00000000021a0800 DEOPT UNPACKING pc=0x00000000022e55af sp=0x000000000209e920 mode 2
Event: 2.908 Thread 0x00000000021a0800 Uncommon trap: trap_request=0xffffffad fr.pc=0x000000000260479c
Event: 2.908 Thread 0x00000000021a0800 DEOPT PACKING pc=0x000000000260479c sp=0x000000000209e9a0
Event: 2.908 Thread 0x00000000021a0800 DEOPT UNPACKING pc=0x00000000022e55af sp=0x000000000209e940 mode 2
Event: 4.127 Executing VM operation: EnableBiasedLocking
Event: 4.307 Executing VM operation: EnableBiasedLocking done


Dynamic libraries:
0x00007ff711e90000 - 0x00007ff711ec4000 	C:\PROGRA~1\Java\JDK18~1.0_0\bin\java.exe
0x00007ffcf8410000 - 0x00007ffcf85ba000 	C:\WINDOWS\SYSTEM32\ntdll.dll
0x00007ffcf62d0000 - 0x00007ffcf640a000 	C:\WINDOWS\system32\KERNEL32.DLL
0x00007ffcf5950000 - 0x00007ffcf5a5f000 	C:\WINDOWS\system32\KERNELBASE.dll
0x00007ffcf4210000 - 0x00007ffcf4298000 	C:\WINDOWS\system32\apphelp.dll
0x00007ffcecf80000 - 0x00007ffcecfcf000 	C:\WINDOWS\AppPatch\AppPatch64\AcGenral.DLL
0x00007ffcf7e70000 - 0x00007ffcf7f17000 	C:\WINDOWS\system32\msvcrt.dll
0x00007ffcf55c0000 - 0x00007ffcf55eb000 	C:\WINDOWS\SYSTEM32\SspiCli.dll
0x00007ffcf7f20000 - 0x00007ffcf7f71000 	C:\WINDOWS\system32\SHLWAPI.dll
0x00007ffcf5d00000 - 0x00007ffcf5e71000 	C:\WINDOWS\system32\USER32.dll
0x00007ffcf7f80000 - 0x00007ffcf80f8000 	C:\WINDOWS\system32\ole32.dll
0x00007ffcf69b0000 - 0x00007ffcf7dd0000 	C:\WINDOWS\system32\SHELL32.dll
0x00007ffcf4df0000 - 0x00007ffcf4e0e000 	C:\WINDOWS\SYSTEM32\USERENV.dll
0x00007ffcf82b0000 - 0x00007ffcf8355000 	C:\WINDOWS\system32\ADVAPI32.dll
0x00007ffce65b0000 - 0x00007ffce65cb000 	C:\WINDOWS\SYSTEM32\MPR.dll
0x00007ffcf8170000 - 0x00007ffcf82a7000 	C:\WINDOWS\system32\RPCRT4.dll
0x00007ffcf6040000 - 0x00007ffcf6097000 	C:\WINDOWS\SYSTEM32\sechost.dll
0x00007ffcf6480000 - 0x00007ffcf6656000 	C:\WINDOWS\SYSTEM32\combase.dll
0x00007ffcf6660000 - 0x00007ffcf67a4000 	C:\WINDOWS\system32\GDI32.dll
0x00007ffcf5780000 - 0x00007ffcf5794000 	C:\WINDOWS\SYSTEM32\profapi.dll
0x00007ffcf39f0000 - 0x00007ffcf3a8f000 	C:\WINDOWS\SYSTEM32\SHCORE.dll
0x00007ffcf6290000 - 0x00007ffcf62c4000 	C:\WINDOWS\system32\IMM32.DLL
0x00007ffcf6870000 - 0x00007ffcf69a9000 	C:\WINDOWS\system32\MSCTF.dll
0x00007ffcf32a0000 - 0x00007ffcf34fa000 	C:\WINDOWS\WinSxS\amd64_microsoft.windows.common-controls_6595b64144ccf1df_6.0.9600.17031_none_6242a4b3ecbb55a1\COMCTL32.dll
0x000000005c890000 - 0x000000005c962000 	C:\PROGRA~1\Java\JDK18~1.0_0\jre\bin\msvcr100.dll
0x000000005cd10000 - 0x000000005d53a000 	C:\PROGRA~1\Java\JDK18~1.0_0\jre\bin\server\jvm.dll
0x00007ffcee330000 - 0x00007ffcee339000 	C:\WINDOWS\SYSTEM32\WSOCK32.dll
0x00007ffcef430000 - 0x00007ffcef44f000 	C:\WINDOWS\SYSTEM32\WINMM.dll
0x00007ffcf6470000 - 0x00007ffcf6477000 	C:\WINDOWS\system32\PSAPI.DLL
0x00007ffcf8100000 - 0x00007ffcf8158000 	C:\WINDOWS\system32\WS2_32.dll
0x00007ffcef400000 - 0x00007ffcef42a000 	C:\WINDOWS\SYSTEM32\WINMMBASE.dll
0x00007ffcf60a0000 - 0x00007ffcf60a9000 	C:\WINDOWS\system32\NSI.dll
0x00007ffcf5c40000 - 0x00007ffcf5c8a000 	C:\WINDOWS\SYSTEM32\cfgmgr32.dll
0x00007ffcf4610000 - 0x00007ffcf4636000 	C:\WINDOWS\SYSTEM32\DEVOBJ.dll
0x000000005cd00000 - 0x000000005cd0f000 	C:\PROGRA~1\Java\JDK18~1.0_0\jre\bin\verify.dll
0x000000005ccd0000 - 0x000000005ccf8000 	C:\PROGRA~1\Java\JDK18~1.0_0\jre\bin\java.dll
0x000000005ccb0000 - 0x000000005ccc6000 	C:\PROGRA~1\Java\JDK18~1.0_0\jre\bin\zip.dll

VM Arguments:
jvm_args: -Xmx1024M -Xss1m -Djava.ext.dirs=C:\Users\Tanmay\AppData\Local\Android\android-sdk\build-tools\20.0.0\lib 
java_command: C:\Users\Tanmay\AppData\Local\Android\android-sdk\build-tools\20.0.0\lib\dx.jar --dex --output C:\Users\Tanmay\Desktop\Code\Projects\InforMeRyerson\app\build\intermediates\pre-dexed\debug\classes-8c4ef2b59f391a6f1cc47c943b2f926463fa4036.jar C:\Users\Tanmay\Desktop\Code\Projects\InforMeRyerson\app\build\intermediates\exploded-aar\se.emilsjolander\stickylistheaders\2.5.0\classes.jar
java_class_path (initial): C:\Users\Tanmay\AppData\Local\Android\android-sdk\build-tools\20.0.0\lib\dx.jar
Launcher Type: SUN_STANDARD

Environment Variables:
JAVA_HOME=C:\Program Files\Java\jdk1.8.0_05
CLASSPATH=.;C:\Program Files (x86)\Java\jre7\lib\ext\QTJava.zip
PATH=C:\WINDOWS\system32;C:\WINDOWS;C:\WINDOWS\System32\Wbem;C:\WINDOWS\System32\WindowsPowerShell\v1.0\;C:\Program Files\Intel\WiFi\bin\;C:\Program Files\Common Files\Intel\WirelessCommon\;C:\Program Files (x86)\QuickTime\QTSystem\;C:\Program Files\Java\jdk1.8.0_05\bin
USERNAME=Tanmay
OS=Windows_NT
PROCESSOR_IDENTIFIER=Intel64 Family 6 Model 58 Stepping 9, GenuineIntel



---------------  S Y S T E M  ---------------

OS: Windows 8.1 , 64 bit Build 9600 

CPU:total 4 (2 cores per cpu, 2 threads per core) family 6 model 58 stepping 9, cmov, cx8, fxsr, mmx, sse, sse2, sse3, ssse3, sse4.1, sse4.2, popcnt, avx, aes, clmul, erms, ht, tsc, tscinvbit

Memory: 4k page, physical 3618732k(105952k free), swap 7813036k(5780k free)

vm_info: Java HotSpot(TM) 64-Bit Server VM (25.5-b02) for windows-amd64 JRE (1.8.0_05-b13), built on Mar 18 2014 01:08:39 by "java_re" with MS VC++ 10.0 (VS2010)

time: Wed Aug 27 01:52:30 2014
elapsed time: 4 seconds

