#
# There is insufficient memory for the Java Runtime Environment to continue.
# Native memory allocation (malloc) failed to allocate 42176 bytes for Chunk::new
# Possible reasons:
#   The system is out of physical RAM or swap space
#   In 32 bit mode, the process size limit was hit
# Possible solutions:
#   Reduce memory load on the system
#   Increase physical memory or swap space
#   Check if swap backing store is full
#   Use 64 bit Java on a 64 bit OS
#   Decrease Java heap size (-Xmx/-Xms)
#   Decrease number of Java threads
#   Decrease Java thread stack sizes (-Xss)
#   Set larger code cache with -XX:ReservedCodeCacheSize=
# This output file may be truncated or incomplete.
#
#  Out of Memory Error (allocation.cpp:388), pid=6680, tid=9536
#
# JRE version: Java(TM) SE Runtime Environment (8.0_05-b13) (build 1.8.0_05-b13)
# Java VM: Java HotSpot(TM) 64-Bit Server VM (25.5-b02 mixed mode windows-amd64 compressed oops)
# Failed to write core dump. Minidumps are not enabled by default on client versions of Windows
#

---------------  T H R E A D  ---------------

Current thread (0x000000001509c000):  JavaThread "C2 CompilerThread0" daemon [_thread_in_native, id=9536, stack(0x00000000165f0000,0x00000000166f0000)]

Stack: [0x00000000165f0000,0x00000000166f0000]
Native frames: (J=compiled Java code, j=interpreted, Vv=VM code, C=native code)
V  [jvm.dll+0x308dea]


Current CompileTask:
C2:   2557 1092       4       com.android.dx.rop.cst.CstBaseMethodRef::compareTo0 (29 bytes)


---------------  P R O C E S S  ---------------

Java Threads: ( => current thread )
  0x00000000150f0800 JavaThread "Service Thread" daemon [_thread_blocked, id=8712, stack(0x00000000168f0000,0x00000000169f0000)]
  0x00000000150e8000 JavaThread "C1 CompilerThread2" daemon [_thread_blocked, id=7140, stack(0x00000000167f0000,0x00000000168f0000)]
  0x000000001509f000 JavaThread "C2 CompilerThread1" daemon [_thread_blocked, id=8216, stack(0x00000000166f0000,0x00000000167f0000)]
=>0x000000001509c000 JavaThread "C2 CompilerThread0" daemon [_thread_in_native, id=9536, stack(0x00000000165f0000,0x00000000166f0000)]
  0x000000001509a800 JavaThread "Attach Listener" daemon [_thread_blocked, id=3860, stack(0x00000000164f0000,0x00000000165f0000)]
  0x0000000015099800 JavaThread "Signal Dispatcher" daemon [_thread_blocked, id=520, stack(0x00000000163f0000,0x00000000164f0000)]
  0x00000000029c5000 JavaThread "Finalizer" daemon [_thread_blocked, id=7552, stack(0x00000000162f0000,0x00000000163f0000)]
  0x0000000015068000 JavaThread "Reference Handler" daemon [_thread_blocked, id=2612, stack(0x00000000161f0000,0x00000000162f0000)]
  0x00000000028d2800 JavaThread "main" [_thread_in_Java, id=6956, stack(0x0000000002770000,0x0000000002870000)]

Other Threads:
  0x0000000015066000 VMThread [stack: 0x00000000160f0000,0x00000000161f0000] [id=4656]
  0x00000000150f3000 WatcherThread [stack: 0x00000000169f0000,0x0000000016af0000] [id=9808]

VM state:not at safepoint (normal execution)

VM Mutex/Monitor currently owned by a thread: None

Heap:
 PSYoungGen      total 5632K, used 5472K [0x00000000eab00000, 0x00000000eb200000, 0x0000000100000000)
  eden space 4096K, 100% used [0x00000000eab00000,0x00000000eaf00000,0x00000000eaf00000)
  from space 1536K, 89% used [0x00000000eaf00000,0x00000000eb058018,0x00000000eb080000)
  to   space 1536K, 0% used [0x00000000eb080000,0x00000000eb080000,0x00000000eb200000)
 ParOldGen       total 55808K, used 1741K [0x00000000c0000000, 0x00000000c3680000, 0x00000000eab00000)
  object space 55808K, 3% used [0x00000000c0000000,0x00000000c01b36e8,0x00000000c3680000)
 Metaspace       used 5000K, capacity 6448K, committed 6528K, reserved 1056768K
  class space    used 536K, capacity 616K, committed 640K, reserved 1048576K

Card table byte_map: [0x0000000011d90000,0x0000000011fa0000] byte_map_base: 0x0000000011790000

Marking Bits: (ParMarkBitMap*) 0x000000005d4c13b0
 Begin Bits: [0x0000000012500000, 0x0000000013500000)
 End Bits:   [0x0000000013500000, 0x0000000014500000)

Polling page: 0x0000000002720000

CodeCache: size=245760Kb used=4379Kb max_used=4379Kb free=241380Kb
 bounds [0x00000000029d0000, 0x0000000002e20000, 0x00000000119d0000]
 total_blobs=1350 nmethods=1091 adapters=173
 compilation: enabled

Compilation events (10 events):
Event: 2.545 Thread 0x00000000150e8000 nmethod 1086 0x0000000002e12e10 code [0x0000000002e13020, 0x0000000002e13ab8]
Event: 2.545 Thread 0x00000000150e8000 1087       3       com.android.dx.dex.code.RopTranslator$TranslationVisitor::visitThrowingCstInsn (225 bytes)
Event: 2.547 Thread 0x00000000150e8000 nmethod 1087 0x0000000002e14110 code [0x0000000002e144a0, 0x0000000002e163e8]
Event: 2.547 Thread 0x00000000150e8000 1091       3       com.android.dx.ssa.back.FirstFitLocalCombiningAllocator::canMapRegs (60 bytes)
Event: 2.549 Thread 0x00000000150e8000 nmethod 1091 0x0000000002e17590 code [0x0000000002e17800, 0x0000000002e187e8]
Event: 2.549 Thread 0x00000000150e8000 1089       3       com.android.dx.rop.cst.CstBaseMethodRef::isInstanceInit (8 bytes)
Event: 2.549 Thread 0x00000000150e8000 nmethod 1089 0x0000000002e0a810 code [0x0000000002e0a980, 0x0000000002e0ada8]
Event: 2.549 Thread 0x00000000150e8000 1090       3       java.util.HashMap::<init> (98 bytes)
Event: 2.551 Thread 0x00000000150e8000 nmethod 1090 0x0000000002e19090 code [0x0000000002e19320, 0x0000000002e1a488]
Event: 2.553 Thread 0x000000001509c000 1092       4       com.android.dx.rop.cst.CstBaseMethodRef::compareTo0 (29 bytes)

GC Heap History (10 events):
Event: 0.364 GC heap before
{Heap before GC invocations=3 (full 0):
 PSYoungGen      total 1536K, used 1520K [0x00000000eab00000, 0x00000000ead00000, 0x0000000100000000)
  eden space 1024K, 100% used [0x00000000eab00000,0x00000000eac00000,0x00000000eac00000)
  from space 512K, 96% used [0x00000000eac80000,0x00000000eacfc010,0x00000000ead00000)
  to   space 512K, 0% used [0x00000000eac00000,0x00000000eac00000,0x00000000eac80000)
 ParOldGen       total 55808K, used 166K [0x00000000c0000000, 0x00000000c3680000, 0x00000000eab00000)
  object space 55808K, 0% used [0x00000000c0000000,0x00000000c0029880,0x00000000c3680000)
 Metaspace       used 3241K, capacity 4944K, committed 5120K, reserved 1056768K
  class space    used 369K, capacity 456K, committed 512K, reserved 1048576K
Event: 0.391 GC heap after
Heap after GC invocations=3 (full 0):
 PSYoungGen      total 1536K, used 490K [0x00000000eab00000, 0x00000000eae00000, 0x0000000100000000)
  eden space 1024K, 0% used [0x00000000eab00000,0x00000000eab00000,0x00000000eac00000)
  from space 512K, 95% used [0x00000000eac00000,0x00000000eac7aa90,0x00000000eac80000)
  to   space 512K, 0% used [0x00000000ead80000,0x00000000ead80000,0x00000000eae00000)
 ParOldGen       total 55808K, used 539K [0x00000000c0000000, 0x00000000c3680000, 0x00000000eab00000)
  object space 55808K, 0% used [0x00000000c0000000,0x00000000c0086c58,0x00000000c3680000)
 Metaspace       used 3241K, capacity 4944K, committed 5120K, reserved 1056768K
  class space    used 369K, capacity 456K, committed 512K, reserved 1048576K
}
Event: 0.491 GC heap before
{Heap before GC invocations=4 (full 0):
 PSYoungGen      total 1536K, used 1514K [0x00000000eab00000, 0x00000000eae00000, 0x0000000100000000)
  eden space 1024K, 100% used [0x00000000eab00000,0x00000000eac00000,0x00000000eac00000)
  from space 512K, 95% used [0x00000000eac00000,0x00000000eac7aa90,0x00000000eac80000)
  to   space 512K, 0% used [0x00000000ead80000,0x00000000ead80000,0x00000000eae00000)
 ParOldGen       total 55808K, used 539K [0x00000000c0000000, 0x00000000c3680000, 0x00000000eab00000)
  object space 55808K, 0% used [0x00000000c0000000,0x00000000c0086c58,0x00000000c3680000)
 Metaspace       used 3582K, capacity 5232K, committed 5376K, reserved 1056768K
  class space    used 413K, capacity 488K, committed 512K, reserved 1048576K
Event: 0.495 GC heap after
Heap after GC invocations=4 (full 0):
 PSYoungGen      total 2560K, used 483K [0x00000000eab00000, 0x00000000eae00000, 0x0000000100000000)
  eden space 2048K, 0% used [0x00000000eab00000,0x00000000eab00000,0x00000000ead00000)
  from space 512K, 94% used [0x00000000ead80000,0x00000000eadf8e40,0x00000000eae00000)
  to   space 512K, 0% used [0x00000000ead00000,0x00000000ead00000,0x00000000ead80000)
 ParOldGen       total 55808K, used 854K [0x00000000c0000000, 0x00000000c3680000, 0x00000000eab00000)
  object space 55808K, 1% used [0x00000000c0000000,0x00000000c00d5a20,0x00000000c3680000)
 Metaspace       used 3582K, capacity 5232K, committed 5376K, reserved 1056768K
  class space    used 413K, capacity 488K, committed 512K, reserved 1048576K
}
Event: 0.708 GC heap before
{Heap before GC invocations=5 (full 0):
 PSYoungGen      total 2560K, used 2531K [0x00000000eab00000, 0x00000000eae00000, 0x0000000100000000)
  eden space 2048K, 100% used [0x00000000eab00000,0x00000000ead00000,0x00000000ead00000)
  from space 512K, 94% used [0x00000000ead80000,0x00000000eadf8e40,0x00000000eae00000)
  to   space 512K, 0% used [0x00000000ead00000,0x00000000ead00000,0x00000000ead80000)
 ParOldGen       total 55808K, used 854K [0x00000000c0000000, 0x00000000c3680000, 0x00000000eab00000)
  object space 55808K, 1% used [0x00000000c0000000,0x00000000c00d5a20,0x00000000c3680000)
 Metaspace       used 4362K, capacity 5904K, committed 6016K, reserved 1056768K
  class space    used 506K, capacity 584K, committed 640K, reserved 1048576K
Event: 0.751 GC heap after
Heap after GC invocations=5 (full 0):
 PSYoungGen      total 2560K, used 499K [0x00000000eab00000, 0x00000000eb200000, 0x0000000100000000)
  eden space 2048K, 0% used [0x00000000eab00000,0x00000000eab00000,0x00000000ead00000)
  from space 512K, 97% used [0x00000000ead00000,0x00000000ead7ce50,0x00000000ead80000)
  to   space 1536K, 0% used [0x00000000eb080000,0x00000000eb080000,0x00000000eb200000)
 ParOldGen       total 55808K, used 1437K [0x00000000c0000000, 0x00000000c3680000, 0x00000000eab00000)
  object space 55808K, 2% used [0x00000000c0000000,0x00000000c0167698,0x00000000c3680000)
 Metaspace       used 4362K, capacity 5904K, committed 6016K, reserved 1056768K
  class space    used 506K, capacity 584K, committed 640K, reserved 1048576K
}
Event: 1.118 GC heap before
{Heap before GC invocations=6 (full 0):
 PSYoungGen      total 2560K, used 2547K [0x00000000eab00000, 0x00000000eb200000, 0x0000000100000000)
  eden space 2048K, 100% used [0x00000000eab00000,0x00000000ead00000,0x00000000ead00000)
  from space 512K, 97% used [0x00000000ead00000,0x00000000ead7ce50,0x00000000ead80000)
  to   space 1536K, 0% used [0x00000000eb080000,0x00000000eb080000,0x00000000eb200000)
 ParOldGen       total 55808K, used 1437K [0x00000000c0000000, 0x00000000c3680000, 0x00000000eab00000)
  object space 55808K, 2% used [0x00000000c0000000,0x00000000c0167698,0x00000000c3680000)
 Metaspace       used 4658K, capacity 6192K, committed 6272K, reserved 1056768K
  class space    used 526K, capacity 616K, committed 640K, reserved 1048576K
Event: 1.151 GC heap after
Heap after GC invocations=6 (full 0):
 PSYoungGen      total 5632K, used 1280K [0x00000000eab00000, 0x00000000eb200000, 0x0000000100000000)
  eden space 4096K, 0% used [0x00000000eab00000,0x00000000eab00000,0x00000000eaf00000)
  from space 1536K, 83% used [0x00000000eb080000,0x00000000eb1c0018,0x00000000eb200000)
  to   space 1536K, 0% used [0x00000000eaf00000,0x00000000eaf00000,0x00000000eb080000)
 ParOldGen       total 55808K, used 1445K [0x00000000c0000000, 0x00000000c3680000, 0x00000000eab00000)
  object space 55808K, 2% used [0x00000000c0000000,0x00000000c0169698,0x00000000c3680000)
 Metaspace       used 4658K, capacity 6192K, committed 6272K, reserved 1056768K
  class space    used 526K, capacity 616K, committed 640K, reserved 1048576K
}
Event: 2.028 GC heap before
{Heap before GC invocations=7 (full 0):
 PSYoungGen      total 5632K, used 5376K [0x00000000eab00000, 0x00000000eb200000, 0x0000000100000000)
  eden space 4096K, 100% used [0x00000000eab00000,0x00000000eaf00000,0x00000000eaf00000)
  from space 1536K, 83% used [0x00000000eb080000,0x00000000eb1c0018,0x00000000eb200000)
  to   space 1536K, 0% used [0x00000000eaf00000,0x00000000eaf00000,0x00000000eb080000)
 ParOldGen       total 55808K, used 1445K [0x00000000c0000000, 0x00000000c3680000, 0x00000000eab00000)
  object space 55808K, 2% used [0x00000000c0000000,0x00000000c0169698,0x00000000c3680000)
 Metaspace       used 4910K, capacity 6384K, committed 6528K, reserved 1056768K
  class space    used 532K, capacity 616K, committed 640K, reserved 1048576K
Event: 2.103 GC heap after
Heap after GC invocations=7 (full 0):
 PSYoungGen      total 5632K, used 1376K [0x00000000eab00000, 0x00000000eb200000, 0x0000000100000000)
  eden space 4096K, 0% used [0x00000000eab00000,0x00000000eab00000,0x00000000eaf00000)
  from space 1536K, 89% used [0x00000000eaf00000,0x00000000eb058018,0x00000000eb080000)
  to   space 1536K, 0% used [0x00000000eb080000,0x00000000eb080000,0x00000000eb200000)
 ParOldGen       total 55808K, used 1741K [0x00000000c0000000, 0x00000000c3680000, 0x00000000eab00000)
  object space 55808K, 3% used [0x00000000c0000000,0x00000000c01b36e8,0x00000000c3680000)
 Metaspace       used 4910K, capacity 6384K, committed 6528K, reserved 1056768K
  class space    used 532K, capacity 616K, committed 640K, reserved 1048576K
}

Deoptimization events (8 events):
Event: 1.420 Thread 0x00000000028d2800 Uncommon trap: reason=bimorphic action=maybe_recompile pc=0x0000000002c89130 method=com.android.dx.rop.code.RegisterSpec.getCategory()I @ 4
Event: 1.420 Thread 0x00000000028d2800 Uncommon trap: reason=bimorphic action=maybe_recompile pc=0x0000000002c89130 method=com.android.dx.rop.code.RegisterSpec.getCategory()I @ 4
Event: 1.420 Thread 0x00000000028d2800 Uncommon trap: reason=bimorphic action=maybe_recompile pc=0x0000000002c89130 method=com.android.dx.rop.code.RegisterSpec.getCategory()I @ 4
Event: 1.421 Thread 0x00000000028d2800 Uncommon trap: reason=bimorphic action=maybe_recompile pc=0x0000000002c89130 method=com.android.dx.rop.code.RegisterSpec.getCategory()I @ 4
Event: 1.575 Thread 0x00000000028d2800 Uncommon trap: reason=null_check action=make_not_entrant pc=0x0000000002ce67d8 method=com.android.dx.ssa.SsaRenamer.getLocalForNewReg(I)Lcom/android/dx/rop/code/LocalItem; @ 19
Event: 2.282 Thread 0x00000000028d2800 Uncommon trap: reason=unreached action=reinterpret pc=0x0000000002d6c9d4 method=com.android.dx.rop.code.LocalItem.hashCode()I @ 25
Event: 2.282 Thread 0x00000000028d2800 Uncommon trap: reason=unreached action=reinterpret pc=0x0000000002cee18c method=com.android.dx.rop.code.LocalItem.hashCode()I @ 25
Event: 2.283 Thread 0x00000000028d2800 Uncommon trap: reason=unreached action=reinterpret pc=0x0000000002d6d28c method=com.android.dx.rop.code.LocalItem.hashCode()I @ 25

Internal exceptions (3 events):
Event: 0.044 Thread 0x00000000028d2800 Exception <a 'java/lang/NoSuchMethodError': Method sun.misc.Unsafe.defineClass(Ljava/lang/String;[BII)Ljava/lang/Class; name or signature does not match> (0x00000000eab0ef50) thrown at [D:\re\workspace\8-2-build-windows-amd64-cygwin\jdk8u5\2488\hotspot\srcC8Z€¦?
Event: 0.044 Thread 0x00000000028d2800 Exception <a 'java/lang/NoSuchMethodError': Method sun.misc.Unsafe.prefetchRead(Ljava/lang/Object;J)V name or signature does not match> (0x00000000eab0f1e0) thrown at [D:\re\workspace\8-2-build-windows-amd64-cygwin\jdk8u5\2488\hotspot\src\share\vm\prims\jn.qþïM1ù?
Event: 1.575 Thread 0x00000000028d2800 Implicit null exception at 0x0000000002ce47dc to 0x0000000002ce67b1

Events (10 events):
Event: 2.282 Thread 0x00000000028d2800 DEOPT UNPACKING pc=0x0000000002a155af sp=0x000000000286e5f8 mode 2
Event: 2.283 Thread 0x00000000028d2800 Uncommon trap: trap_request=0xffffffad fr.pc=0x0000000002d6d28c
Event: 2.283 Thread 0x00000000028d2800 DEOPT PACKING pc=0x0000000002d6d28c sp=0x000000000286e1e0
Event: 2.283 Thread 0x00000000028d2800 DEOPT UNPACKING pc=0x0000000002a155af sp=0x000000000286e0c8 mode 2
Event: 2.284 loading class com/android/dx/dex/file/MethodAnnotationStruct
Event: 2.284 loading class com/android/dx/dex/file/MethodAnnotationStruct done
Event: 2.286 loading class com/android/dx/dex/file/FieldAnnotationStruct
Event: 2.286 loading class com/android/dx/dex/file/FieldAnnotationStruct done
Event: 2.445 loading class com/android/dx/cf/attrib/AttExceptions
Event: 2.445 loading class com/android/dx/cf/attrib/AttExceptions done


Dynamic libraries:
0x00007ff711e90000 - 0x00007ff711ec4000 	C:\PROGRA~1\Java\JDK18~1.0_0\bin\java.exe
0x00007ffcf8410000 - 0x00007ffcf85ba000 	C:\WINDOWS\SYSTEM32\ntdll.dll
0x00007ffcf62d0000 - 0x00007ffcf640a000 	C:\WINDOWS\system32\KERNEL32.DLL
0x00007ffcf5950000 - 0x00007ffcf5a5f000 	C:\WINDOWS\system32\KERNELBASE.dll
0x00007ffcf4210000 - 0x00007ffcf4298000 	C:\WINDOWS\system32\apphelp.dll
0x00007ffcecf80000 - 0x00007ffcecfcf000 	C:\WINDOWS\AppPatch\AppPatch64\AcGenral.DLL
0x00007ffcf7e70000 - 0x00007ffcf7f17000 	C:\WINDOWS\system32\msvcrt.dll
0x00007ffcf55c0000 - 0x00007ffcf55eb000 	C:\WINDOWS\SYSTEM32\SspiCli.dll
0x00007ffcf7f20000 - 0x00007ffcf7f71000 	C:\WINDOWS\system32\SHLWAPI.dll
0x00007ffcf5d00000 - 0x00007ffcf5e71000 	C:\WINDOWS\system32\USER32.dll
0x00007ffcf7f80000 - 0x00007ffcf80f8000 	C:\WINDOWS\system32\ole32.dll
0x00007ffcf69b0000 - 0x00007ffcf7dd0000 	C:\WINDOWS\system32\SHELL32.dll
0x00007ffcf4df0000 - 0x00007ffcf4e0e000 	C:\WINDOWS\SYSTEM32\USERENV.dll
0x00007ffcf82b0000 - 0x00007ffcf8355000 	C:\WINDOWS\system32\ADVAPI32.dll
0x00007ffce65b0000 - 0x00007ffce65cb000 	C:\WINDOWS\SYSTEM32\MPR.dll
0x00007ffcf8170000 - 0x00007ffcf82a7000 	C:\WINDOWS\system32\RPCRT4.dll
0x00007ffcf6040000 - 0x00007ffcf6097000 	C:\WINDOWS\SYSTEM32\sechost.dll
0x00007ffcf6480000 - 0x00007ffcf6656000 	C:\WINDOWS\SYSTEM32\combase.dll
0x00007ffcf6660000 - 0x00007ffcf67a4000 	C:\WINDOWS\system32\GDI32.dll
0x00007ffcf5780000 - 0x00007ffcf5794000 	C:\WINDOWS\SYSTEM32\profapi.dll
0x00007ffcf39f0000 - 0x00007ffcf3a8f000 	C:\WINDOWS\SYSTEM32\SHCORE.dll
0x00007ffcf6290000 - 0x00007ffcf62c4000 	C:\WINDOWS\system32\IMM32.DLL
0x00007ffcf6870000 - 0x00007ffcf69a9000 	C:\WINDOWS\system32\MSCTF.dll
0x00007ffcf32a0000 - 0x00007ffcf34fa000 	C:\WINDOWS\WinSxS\amd64_microsoft.windows.common-controls_6595b64144ccf1df_6.0.9600.17031_none_6242a4b3ecbb55a1\COMCTL32.dll
0x000000005c890000 - 0x000000005c962000 	C:\PROGRA~1\Java\JDK18~1.0_0\jre\bin\msvcr100.dll
0x000000005cd10000 - 0x000000005d53a000 	C:\PROGRA~1\Java\JDK18~1.0_0\jre\bin\server\jvm.dll
0x00007ffcee330000 - 0x00007ffcee339000 	C:\WINDOWS\SYSTEM32\WSOCK32.dll
0x00007ffcef430000 - 0x00007ffcef44f000 	C:\WINDOWS\SYSTEM32\WINMM.dll
0x00007ffcf6470000 - 0x00007ffcf6477000 	C:\WINDOWS\system32\PSAPI.DLL
0x00007ffcf8100000 - 0x00007ffcf8158000 	C:\WINDOWS\system32\WS2_32.dll
0x00007ffcef400000 - 0x00007ffcef42a000 	C:\WINDOWS\SYSTEM32\WINMMBASE.dll
0x00007ffcf60a0000 - 0x00007ffcf60a9000 	C:\WINDOWS\system32\NSI.dll
0x00007ffcf5c40000 - 0x00007ffcf5c8a000 	C:\WINDOWS\SYSTEM32\cfgmgr32.dll
0x00007ffcf4610000 - 0x00007ffcf4636000 	C:\WINDOWS\SYSTEM32\DEVOBJ.dll
0x000000005cd00000 - 0x000000005cd0f000 	C:\PROGRA~1\Java\JDK18~1.0_0\jre\bin\verify.dll
0x000000005ccd0000 - 0x000000005ccf8000 	C:\PROGRA~1\Java\JDK18~1.0_0\jre\bin\java.dll
0x000000005ccb0000 - 0x000000005ccc6000 	C:\PROGRA~1\Java\JDK18~1.0_0\jre\bin\zip.dll

VM Arguments:
jvm_args: -Xmx1024M -Xss1m -Djava.ext.dirs=C:\Users\Tanmay\AppData\Local\Android\android-sdk\build-tools\20.0.0\lib 
java_command: C:\Users\Tanmay\AppData\Local\Android\android-sdk\build-tools\20.0.0\lib\dx.jar --dex --output C:\Users\Tanmay\Desktop\Code\Projects\InforMeRyerson\app\build\intermediates\pre-dexed\debug\internal_impl-20.0.0-c96ec0b8db7a895e90284744f9d52813cb83073a.jar C:\Users\Tanmay\Desktop\Code\Projects\InforMeRyerson\app\build\intermediates\exploded-aar\com.android.support\support-v4\20.0.0\libs\internal_impl-20.0.0.jar
java_class_path (initial): C:\Users\Tanmay\AppData\Local\Android\android-sdk\build-tools\20.0.0\lib\dx.jar
Launcher Type: SUN_STANDARD

Environment Variables:
JAVA_HOME=C:\Program Files\Java\jdk1.8.0_05
CLASSPATH=.;C:\Program Files (x86)\Java\jre7\lib\ext\QTJava.zip
PATH=C:\WINDOWS\system32;C:\WINDOWS;C:\WINDOWS\System32\Wbem;C:\WINDOWS\System32\WindowsPowerShell\v1.0\;C:\Program Files\Intel\WiFi\bin\;C:\Program Files\Common Files\Intel\WirelessCommon\;C:\Program Files (x86)\QuickTime\QTSystem\;C:\Program Files\Java\jdk1.8.0_05\bin
USERNAME=Tanmay
OS=Windows_NT
PROCESSOR_IDENTIFIER=Intel64 Family 6 Model 58 Stepping 9, GenuineIntel



---------------  S Y S T E M  ---------------

OS: Windows 8.1 , 64 bit Build 9600 

CPU:total 4 (2 cores per cpu, 2 threads per core) family 6 model 58 stepping 9, cmov, cx8, fxsr, mmx, sse, sse2, sse3, ssse3, sse4.1, sse4.2, popcnt, avx, aes, clmul, erms, ht, tsc, tscinvbit

Memory: 4k page, physical 3618732k(76876k free), swap 7813036k(5104k free)

vm_info: Java HotSpot(TM) 64-Bit Server VM (25.5-b02) for windows-amd64 JRE (1.8.0_05-b13), built on Mar 18 2014 01:08:39 by "java_re" with MS VC++ 10.0 (VS2010)

time: Wed Aug 27 01:52:23 2014
elapsed time: 2 seconds

