#
# There is insufficient memory for the Java Runtime Environment to continue.
# Native memory allocation (malloc) failed to allocate 32784 bytes for Chunk::new
# Possible reasons:
#   The system is out of physical RAM or swap space
#   In 32 bit mode, the process size limit was hit
# Possible solutions:
#   Reduce memory load on the system
#   Increase physical memory or swap space
#   Check if swap backing store is full
#   Use 64 bit Java on a 64 bit OS
#   Decrease Java heap size (-Xmx/-Xms)
#   Decrease number of Java threads
#   Decrease Java thread stack sizes (-Xss)
#   Set larger code cache with -XX:ReservedCodeCacheSize=
# This output file may be truncated or incomplete.
#
#  Out of Memory Error (allocation.cpp:388), pid=2616, tid=9584
#
# JRE version: Java(TM) SE Runtime Environment (8.0_05-b13) (build 1.8.0_05-b13)
# Java VM: Java HotSpot(TM) 64-Bit Server VM (25.5-b02 mixed mode windows-amd64 compressed oops)
# Failed to write core dump. Minidumps are not enabled by default on client versions of Windows
#

---------------  T H R E A D  ---------------

Current thread (0x0000000014a31000):  JavaThread "C2 CompilerThread1" daemon [_thread_in_native, id=9584, stack(0x0000000016080000,0x0000000016180000)]

Stack: [0x0000000016080000,0x0000000016180000]
Native frames: (J=compiled Java code, j=interpreted, Vv=VM code, C=native code)
V  [jvm.dll+0x308dea]
V  [jvm.dll+0x25def1]
V  [jvm.dll+0x25eb0f]
V  [jvm.dll+0x2564e5]
V  [jvm.dll+0xbcfc5]
V  [jvm.dll+0xbd45c]
V  [jvm.dll+0xbd704]
V  [jvm.dll+0x4bea70]
V  [jvm.dll+0x4d56c0]
V  [jvm.dll+0x442279]
V  [jvm.dll+0x44366b]
V  [jvm.dll+0x427532]
V  [jvm.dll+0x96702]
V  [jvm.dll+0x96ef3]
V  [jvm.dll+0x2232c4]
V  [jvm.dll+0x27baca]
C  [msvcr100.dll+0x21d9f]
C  [msvcr100.dll+0x21e3b]
C  [KERNEL32.DLL+0x16ad]
C  [ntdll.dll+0x734a5]


Current CompileTask:
C2:   4915 1311       4       com.android.dx.ssa.SsaMethod::computeReachability (131 bytes)


---------------  P R O C E S S  ---------------

Java Threads: ( => current thread )
  0x0000000014a81000 JavaThread "Service Thread" daemon [_thread_blocked, id=2788, stack(0x0000000016280000,0x0000000016380000)]
  0x0000000014a7b000 JavaThread "C1 CompilerThread2" daemon [_thread_blocked, id=7280, stack(0x0000000016180000,0x0000000016280000)]
=>0x0000000014a31000 JavaThread "C2 CompilerThread1" daemon [_thread_in_native, id=9584, stack(0x0000000016080000,0x0000000016180000)]
  0x0000000014a2b800 JavaThread "C2 CompilerThread0" daemon [_thread_blocked, id=10096, stack(0x0000000015f80000,0x0000000016080000)]
  0x0000000014a2a000 JavaThread "Attach Listener" daemon [_thread_blocked, id=7016, stack(0x0000000015e80000,0x0000000015f80000)]
  0x0000000014a29000 JavaThread "Signal Dispatcher" daemon [_thread_blocked, id=5552, stack(0x0000000015d80000,0x0000000015e80000)]
  0x0000000002355800 JavaThread "Finalizer" daemon [_thread_blocked, id=9716, stack(0x0000000015c80000,0x0000000015d80000)]
  0x00000000149f7800 JavaThread "Reference Handler" daemon [_thread_blocked, id=9868, stack(0x0000000015b80000,0x0000000015c80000)]
  0x0000000002260800 JavaThread "main" [_thread_in_Java, id=7388, stack(0x0000000002160000,0x0000000002260000)]

Other Threads:
  0x00000000149f6800 VMThread [stack: 0x0000000015a80000,0x0000000015b80000] [id=3956]
  0x0000000014a84000 WatcherThread [stack: 0x0000000016380000,0x0000000016480000] [id=7476]

VM state:not at safepoint (normal execution)

VM Mutex/Monitor currently owned by a thread: None

Heap:
 PSYoungGen      total 7680K, used 4252K [0x00000000eab00000, 0x00000000eb500000, 0x0000000100000000)
  eden space 5120K, 64% used [0x00000000eab00000,0x00000000eae370c0,0x00000000eb000000)
  from space 2560K, 37% used [0x00000000eb000000,0x00000000eb0f0000,0x00000000eb280000)
  to   space 2560K, 0% used [0x00000000eb280000,0x00000000eb280000,0x00000000eb500000)
 ParOldGen       total 55808K, used 5011K [0x00000000c0000000, 0x00000000c3680000, 0x00000000eab00000)
  object space 55808K, 8% used [0x00000000c0000000,0x00000000c04e4e98,0x00000000c3680000)
 Metaspace       used 5153K, capacity 6576K, committed 6784K, reserved 1056768K
  class space    used 539K, capacity 616K, committed 640K, reserved 1048576K

Card table byte_map: [0x0000000011720000,0x0000000011930000] byte_map_base: 0x0000000011120000

Marking Bits: (ParMarkBitMap*) 0x000000005d4c13b0
 Begin Bits: [0x0000000011e90000, 0x0000000012e90000)
 End Bits:   [0x0000000012e90000, 0x0000000013e90000)

Polling page: 0x0000000000670000

CodeCache: size=245760Kb used=5451Kb max_used=5462Kb free=240308Kb
 bounds [0x0000000002360000, 0x00000000028c0000, 0x0000000011360000]
 total_blobs=1590 nmethods=1331 adapters=173
 compilation: enabled

Compilation events (10 events):
Event: 4.864 Thread 0x0000000014a7b000 nmethod 1319 0x000000000289cb50 code [0x000000000289cca0, 0x000000000289ced0]
Event: 4.867 Thread 0x0000000014a7b000 1320       1       com.android.dx.ssa.back.FirstFitLocalCombiningAllocator$Multiset::getSize (5 bytes)
Event: 4.867 Thread 0x0000000014a7b000 nmethod 1320 0x000000000289c890 code [0x000000000289c9e0, 0x000000000289caf0]
Event: 4.870 Thread 0x0000000014a7b000 1322       3       com.android.dx.cf.code.LocalVariableList::concat (97 bytes)
Event: 4.872 Thread 0x0000000014a7b000 nmethod 1322 0x00000000028a5050 code [0x00000000028a5360, 0x00000000028a6ee8]
Event: 4.874 Thread 0x0000000014a31000 nmethod 1295 0x00000000028ab150 code [0x00000000028ab3e0, 0x00000000028acbf0]
Event: 4.875 Thread 0x0000000014a31000 1311       4       com.android.dx.ssa.SsaMethod::computeReachability (131 bytes)
Event: 4.884 Thread 0x0000000014a7b000 1324       3       com.android.dx.rop.type.Type::isReference (15 bytes)
Event: 4.885 Thread 0x0000000014a7b000 nmethod 1324 0x000000000289c4d0 code [0x000000000289c620, 0x000000000289c7d0]
Event: 4.887 Thread 0x0000000014a7b000 1325       3       sun.misc.SharedSecrets::getJavaLangAccess (4 bytes)

GC Heap History (10 events):
Event: 1.895 GC heap before
{Heap before GC invocations=7 (full 0):
 PSYoungGen      total 5632K, used 5360K [0x00000000eab00000, 0x00000000eb200000, 0x0000000100000000)
  eden space 4096K, 100% used [0x00000000eab00000,0x00000000eaf00000,0x00000000eaf00000)
  from space 1536K, 82% used [0x00000000eb080000,0x00000000eb1bc028,0x00000000eb200000)
  to   space 1536K, 0% used [0x00000000eaf00000,0x00000000eaf00000,0x00000000eb080000)
 ParOldGen       total 55808K, used 1451K [0x00000000c0000000, 0x00000000c3680000, 0x00000000eab00000)
  object space 55808K, 2% used [0x00000000c0000000,0x00000000c016ad68,0x00000000c3680000)
 Metaspace       used 4928K, capacity 6384K, committed 6528K, reserved 1056768K
  class space    used 536K, capacity 616K, committed 640K, reserved 1048576K
Event: 1.933 GC heap after
Heap after GC invocations=7 (full 0):
 PSYoungGen      total 5632K, used 1504K [0x00000000eab00000, 0x00000000eb200000, 0x0000000100000000)
  eden space 4096K, 0% used [0x00000000eab00000,0x00000000eab00000,0x00000000eaf00000)
  from space 1536K, 97% used [0x00000000eaf00000,0x00000000eb078018,0x00000000eb080000)
  to   space 1536K, 0% used [0x00000000eb080000,0x00000000eb080000,0x00000000eb200000)
 ParOldGen       total 55808K, used 1843K [0x00000000c0000000, 0x00000000c3680000, 0x00000000eab00000)
  object space 55808K, 3% used [0x00000000c0000000,0x00000000c01ccdd0,0x00000000c3680000)
 Metaspace       used 4928K, capacity 6384K, committed 6528K, reserved 1056768K
  class space    used 536K, capacity 616K, committed 640K, reserved 1048576K
}
Event: 2.335 GC heap before
{Heap before GC invocations=8 (full 0):
 PSYoungGen      total 5632K, used 5600K [0x00000000eab00000, 0x00000000eb200000, 0x0000000100000000)
  eden space 4096K, 100% used [0x00000000eab00000,0x00000000eaf00000,0x00000000eaf00000)
  from space 1536K, 97% used [0x00000000eaf00000,0x00000000eb078018,0x00000000eb080000)
  to   space 1536K, 0% used [0x00000000eb080000,0x00000000eb080000,0x00000000eb200000)
 ParOldGen       total 55808K, used 1843K [0x00000000c0000000, 0x00000000c3680000, 0x00000000eab00000)
  object space 55808K, 3% used [0x00000000c0000000,0x00000000c01ccdd0,0x00000000c3680000)
 Metaspace       used 5031K, capacity 6512K, committed 6784K, reserved 1056768K
  class space    used 536K, capacity 616K, committed 640K, reserved 1048576K
Event: 2.411 GC heap after
Heap after GC invocations=8 (full 0):
 PSYoungGen      total 4608K, used 1504K [0x00000000eab00000, 0x00000000eb800000, 0x0000000100000000)
  eden space 3072K, 0% used [0x00000000eab00000,0x00000000eab00000,0x00000000eae00000)
  from space 1536K, 97% used [0x00000000eb080000,0x00000000eb1f8018,0x00000000eb200000)
  to   space 2560K, 0% used [0x00000000eae00000,0x00000000eae00000,0x00000000eb080000)
 ParOldGen       total 55808K, used 2546K [0x00000000c0000000, 0x00000000c3680000, 0x00000000eab00000)
  object space 55808K, 4% used [0x00000000c0000000,0x00000000c027c920,0x00000000c3680000)
 Metaspace       used 5031K, capacity 6512K, committed 6784K, reserved 1056768K
  class space    used 536K, capacity 616K, committed 640K, reserved 1048576K
}
Event: 2.612 GC heap before
{Heap before GC invocations=9 (full 0):
 PSYoungGen      total 4608K, used 4576K [0x00000000eab00000, 0x00000000eb800000, 0x0000000100000000)
  eden space 3072K, 100% used [0x00000000eab00000,0x00000000eae00000,0x00000000eae00000)
  from space 1536K, 97% used [0x00000000eb080000,0x00000000eb1f8018,0x00000000eb200000)
  to   space 2560K, 0% used [0x00000000eae00000,0x00000000eae00000,0x00000000eb080000)
 ParOldGen       total 55808K, used 2546K [0x00000000c0000000, 0x00000000c3680000, 0x00000000eab00000)
  object space 55808K, 4% used [0x00000000c0000000,0x00000000c027c920,0x00000000c3680000)
 Metaspace       used 5088K, capacity 6512K, committed 6784K, reserved 1056768K
  class space    used 537K, capacity 616K, committed 640K, reserved 1048576K
Event: 2.696 GC heap after
Heap after GC invocations=9 (full 0):
 PSYoungGen      total 5632K, used 1536K [0x00000000eab00000, 0x00000000eb500000, 0x0000000100000000)
  eden space 3072K, 0% used [0x00000000eab00000,0x00000000eab00000,0x00000000eae00000)
  from space 2560K, 60% used [0x00000000eae00000,0x00000000eaf80000,0x00000000eb080000)
  to   space 2560K, 0% used [0x00000000eb280000,0x00000000eb280000,0x00000000eb500000)
 ParOldGen       total 55808K, used 3082K [0x00000000c0000000, 0x00000000c3680000, 0x00000000eab00000)
  object space 55808K, 5% used [0x00000000c0000000,0x00000000c0302938,0x00000000c3680000)
 Metaspace       used 5088K, capacity 6512K, committed 6784K, reserved 1056768K
  class space    used 537K, capacity 616K, committed 640K, reserved 1048576K
}
Event: 3.104 GC heap before
{Heap before GC invocations=10 (full 0):
 PSYoungGen      total 5632K, used 4608K [0x00000000eab00000, 0x00000000eb500000, 0x0000000100000000)
  eden space 3072K, 100% used [0x00000000eab00000,0x00000000eae00000,0x00000000eae00000)
  from space 2560K, 60% used [0x00000000eae00000,0x00000000eaf80000,0x00000000eb080000)
  to   space 2560K, 0% used [0x00000000eb280000,0x00000000eb280000,0x00000000eb500000)
 ParOldGen       total 55808K, used 3082K [0x00000000c0000000, 0x00000000c3680000, 0x00000000eab00000)
  object space 55808K, 5% used [0x00000000c0000000,0x00000000c0302938,0x00000000c3680000)
 Metaspace       used 5106K, capacity 6576K, committed 6784K, reserved 1056768K
  class space    used 537K, capacity 616K, committed 640K, reserved 1048576K
Event: 3.118 GC heap after
Heap after GC invocations=10 (full 0):
 PSYoungGen      total 7680K, used 1216K [0x00000000eab00000, 0x00000000eb500000, 0x0000000100000000)
  eden space 5120K, 0% used [0x00000000eab00000,0x00000000eab00000,0x00000000eb000000)
  from space 2560K, 47% used [0x00000000eb280000,0x00000000eb3b0010,0x00000000eb500000)
  to   space 2560K, 0% used [0x00000000eb000000,0x00000000eb000000,0x00000000eb280000)
 ParOldGen       total 55808K, used 3889K [0x00000000c0000000, 0x00000000c3680000, 0x00000000eab00000)
  object space 55808K, 6% used [0x00000000c0000000,0x00000000c03cc480,0x00000000c3680000)
 Metaspace       used 5106K, capacity 6576K, committed 6784K, reserved 1056768K
  class space    used 537K, capacity 616K, committed 640K, reserved 1048576K
}
Event: 4.746 GC heap before
{Heap before GC invocations=11 (full 0):
 PSYoungGen      total 7680K, used 6336K [0x00000000eab00000, 0x00000000eb500000, 0x0000000100000000)
  eden space 5120K, 100% used [0x00000000eab00000,0x00000000eb000000,0x00000000eb000000)
  from space 2560K, 47% used [0x00000000eb280000,0x00000000eb3b0010,0x00000000eb500000)
  to   space 2560K, 0% used [0x00000000eb000000,0x00000000eb000000,0x00000000eb280000)
 ParOldGen       total 55808K, used 3889K [0x00000000c0000000, 0x00000000c3680000, 0x00000000eab00000)
  object space 55808K, 6% used [0x00000000c0000000,0x00000000c03cc480,0x00000000c3680000)
 Metaspace       used 5136K, capacity 6576K, committed 6784K, reserved 1056768K
  class space    used 539K, capacity 616K, committed 640K, reserved 1048576K
Event: 4.819 GC heap after
Heap after GC invocations=11 (full 0):
 PSYoungGen      total 7680K, used 960K [0x00000000eab00000, 0x00000000eb500000, 0x0000000100000000)
  eden space 5120K, 0% used [0x00000000eab00000,0x00000000eab00000,0x00000000eb000000)
  from space 2560K, 37% used [0x00000000eb000000,0x00000000eb0f0000,0x00000000eb280000)
  to   space 2560K, 0% used [0x00000000eb280000,0x00000000eb280000,0x00000000eb500000)
 ParOldGen       total 55808K, used 5011K [0x00000000c0000000, 0x00000000c3680000, 0x00000000eab00000)
  object space 55808K, 8% used [0x00000000c0000000,0x00000000c04e4e98,0x00000000c3680000)
 Metaspace       used 5136K, capacity 6576K, committed 6784K, reserved 1056768K
  class space    used 539K, capacity 616K, committed 640K, reserved 1048576K
}

Deoptimization events (10 events):
Event: 1.663 Thread 0x0000000002260800 Uncommon trap: reason=bimorphic action=maybe_recompile pc=0x00000000025e4ba0 method=java.util.HashMap.getNode(ILjava/lang/Object;)Ljava/util/HashMap$Node; @ 126
Event: 1.663 Thread 0x0000000002260800 Uncommon trap: reason=bimorphic action=maybe_recompile pc=0x00000000025e4ba0 method=java.util.HashMap.getNode(ILjava/lang/Object;)Ljava/util/HashMap$Node; @ 126
Event: 1.666 Thread 0x0000000002260800 Uncommon trap: reason=bimorphic action=maybe_recompile pc=0x00000000025e4ba0 method=java.util.HashMap.getNode(ILjava/lang/Object;)Ljava/util/HashMap$Node; @ 126
Event: 1.666 Thread 0x0000000002260800 Uncommon trap: reason=bimorphic action=maybe_recompile pc=0x00000000025e4ba0 method=java.util.HashMap.getNode(ILjava/lang/Object;)Ljava/util/HashMap$Node; @ 126
Event: 1.666 Thread 0x0000000002260800 Uncommon trap: reason=bimorphic action=maybe_recompile pc=0x000000000258d110 method=java.util.HashMap.getNode(ILjava/lang/Object;)Ljava/util/HashMap$Node; @ 126
Event: 1.840 Thread 0x0000000002260800 Uncommon trap: reason=class_check action=maybe_recompile pc=0x00000000026b10d0 method=com.android.dx.ssa.NormalSsaInsn.accept(Lcom/android/dx/ssa/SsaInsn$Visitor;)V @ 9
Event: 1.893 Thread 0x0000000002260800 Uncommon trap: reason=class_check action=maybe_recompile pc=0x00000000026b10d0 method=com.android.dx.ssa.NormalSsaInsn.accept(Lcom/android/dx/ssa/SsaInsn$Visitor;)V @ 9
Event: 1.893 Thread 0x0000000002260800 Uncommon trap: reason=class_check action=maybe_recompile pc=0x00000000026b10d0 method=com.android.dx.ssa.NormalSsaInsn.accept(Lcom/android/dx/ssa/SsaInsn$Visitor;)V @ 9
Event: 1.893 Thread 0x0000000002260800 Uncommon trap: reason=class_check action=maybe_recompile pc=0x00000000026b10d0 method=com.android.dx.ssa.NormalSsaInsn.accept(Lcom/android/dx/ssa/SsaInsn$Visitor;)V @ 9
Event: 1.894 Thread 0x0000000002260800 Uncommon trap: reason=class_check action=maybe_recompile pc=0x000000000261c1f0 method=com.android.dx.ssa.NormalSsaInsn.accept(Lcom/android/dx/ssa/SsaInsn$Visitor;)V @ 9

Internal exceptions (2 events):
Event: 0.047 Thread 0x0000000002260800 Exception <a 'java/lang/NoSuchMethodError': Method sun.misc.Unsafe.defineClass(Ljava/lang/String;[BII)Ljava/lang/Class; name or signature does not match> (0x00000000eab0eef0) thrown at [D:\re\workspace\8-2-build-windows-amd64-cygwin\jdk8u5\2488\hotspot\srccx'$ì=¨?
Event: 0.047 Thread 0x0000000002260800 Exception <a 'java/lang/NoSuchMethodError': Method sun.misc.Unsafe.prefetchRead(Ljava/lang/Object;J)V name or signature does not match> (0x00000000eab0f180) thrown at [D:\re\workspace\8-2-build-windows-amd64-cygwin\jdk8u5\2488\hotspot\src\share\vm\prims\jn

Events (10 events):
Event: 3.123 loading class java/util/TreeMap$EntrySet
Event: 3.124 loading class java/util/TreeMap$EntrySet done
Event: 3.124 loading class java/util/TreeMap$EntryIterator
Event: 3.124 loading class java/util/TreeMap$EntryIterator done
Event: 3.124 Executing VM operation: Deoptimize
Event: 3.124 Executing VM operation: Deoptimize done
Event: 4.644 Executing VM operation: EnableBiasedLocking
Event: 4.644 Executing VM operation: EnableBiasedLocking done
Event: 4.746 Executing VM operation: ParallelGCFailedAllocation
Event: 4.819 Executing VM operation: ParallelGCFailedAllocation done


Dynamic libraries:
0x00007ff711e90000 - 0x00007ff711ec4000 	C:\PROGRA~1\Java\JDK18~1.0_0\bin\java.exe
0x00007ffcf8410000 - 0x00007ffcf85ba000 	C:\WINDOWS\SYSTEM32\ntdll.dll
0x00007ffcf62d0000 - 0x00007ffcf640a000 	C:\WINDOWS\system32\KERNEL32.DLL
0x00007ffcf5950000 - 0x00007ffcf5a5f000 	C:\WINDOWS\system32\KERNELBASE.dll
0x00007ffcf4210000 - 0x00007ffcf4298000 	C:\WINDOWS\system32\apphelp.dll
0x00007ffcecf80000 - 0x00007ffcecfcf000 	C:\WINDOWS\AppPatch\AppPatch64\AcGenral.DLL
0x00007ffcf7e70000 - 0x00007ffcf7f17000 	C:\WINDOWS\system32\msvcrt.dll
0x00007ffcf55c0000 - 0x00007ffcf55eb000 	C:\WINDOWS\SYSTEM32\SspiCli.dll
0x00007ffcf7f20000 - 0x00007ffcf7f71000 	C:\WINDOWS\system32\SHLWAPI.dll
0x00007ffcf5d00000 - 0x00007ffcf5e71000 	C:\WINDOWS\system32\USER32.dll
0x00007ffcf7f80000 - 0x00007ffcf80f8000 	C:\WINDOWS\system32\ole32.dll
0x00007ffcf69b0000 - 0x00007ffcf7dd0000 	C:\WINDOWS\system32\SHELL32.dll
0x00007ffcf4df0000 - 0x00007ffcf4e0e000 	C:\WINDOWS\SYSTEM32\USERENV.dll
0x00007ffcf82b0000 - 0x00007ffcf8355000 	C:\WINDOWS\system32\ADVAPI32.dll
0x00007ffce65b0000 - 0x00007ffce65cb000 	C:\WINDOWS\SYSTEM32\MPR.dll
0x00007ffcf8170000 - 0x00007ffcf82a7000 	C:\WINDOWS\system32\RPCRT4.dll
0x00007ffcf6040000 - 0x00007ffcf6097000 	C:\WINDOWS\SYSTEM32\sechost.dll
0x00007ffcf6480000 - 0x00007ffcf6656000 	C:\WINDOWS\SYSTEM32\combase.dll
0x00007ffcf6660000 - 0x00007ffcf67a4000 	C:\WINDOWS\system32\GDI32.dll
0x00007ffcf5780000 - 0x00007ffcf5794000 	C:\WINDOWS\SYSTEM32\profapi.dll
0x00007ffcf39f0000 - 0x00007ffcf3a8f000 	C:\WINDOWS\SYSTEM32\SHCORE.dll
0x00007ffcf6290000 - 0x00007ffcf62c4000 	C:\WINDOWS\system32\IMM32.DLL
0x00007ffcf6870000 - 0x00007ffcf69a9000 	C:\WINDOWS\system32\MSCTF.dll
0x00007ffcf32a0000 - 0x00007ffcf34fa000 	C:\WINDOWS\WinSxS\amd64_microsoft.windows.common-controls_6595b64144ccf1df_6.0.9600.17031_none_6242a4b3ecbb55a1\COMCTL32.dll
0x000000005c890000 - 0x000000005c962000 	C:\PROGRA~1\Java\JDK18~1.0_0\jre\bin\msvcr100.dll
0x000000005cd10000 - 0x000000005d53a000 	C:\PROGRA~1\Java\JDK18~1.0_0\jre\bin\server\jvm.dll
0x00007ffcee330000 - 0x00007ffcee339000 	C:\WINDOWS\SYSTEM32\WSOCK32.dll
0x00007ffcef430000 - 0x00007ffcef44f000 	C:\WINDOWS\SYSTEM32\WINMM.dll
0x00007ffcf6470000 - 0x00007ffcf6477000 	C:\WINDOWS\system32\PSAPI.DLL
0x00007ffcf8100000 - 0x00007ffcf8158000 	C:\WINDOWS\system32\WS2_32.dll
0x00007ffcef400000 - 0x00007ffcef42a000 	C:\WINDOWS\SYSTEM32\WINMMBASE.dll
0x00007ffcf60a0000 - 0x00007ffcf60a9000 	C:\WINDOWS\system32\NSI.dll
0x00007ffcf5c40000 - 0x00007ffcf5c8a000 	C:\WINDOWS\SYSTEM32\cfgmgr32.dll
0x00007ffcf4610000 - 0x00007ffcf4636000 	C:\WINDOWS\SYSTEM32\DEVOBJ.dll
0x000000005cd00000 - 0x000000005cd0f000 	C:\PROGRA~1\Java\JDK18~1.0_0\jre\bin\verify.dll
0x000000005ccd0000 - 0x000000005ccf8000 	C:\PROGRA~1\Java\JDK18~1.0_0\jre\bin\java.dll
0x000000005ccb0000 - 0x000000005ccc6000 	C:\PROGRA~1\Java\JDK18~1.0_0\jre\bin\zip.dll
0x00007ffcdf550000 - 0x00007ffcdf6d8000 	C:\WINDOWS\SYSTEM32\dbghelp.dll

VM Arguments:
jvm_args: -Xmx1024M -Xss1m -Djava.ext.dirs=C:\Users\Tanmay\AppData\Local\Android\android-sdk\build-tools\20.0.0\lib 
java_command: C:\Users\Tanmay\AppData\Local\Android\android-sdk\build-tools\20.0.0\lib\dx.jar --dex --output C:\Users\Tanmay\Desktop\Code\Projects\InforMeRyerson\app\build\intermediates\pre-dexed\debug\classes-eb92cc5d571ad4b72dace4e51752421470e88ed8.jar C:\Users\Tanmay\Desktop\Code\Projects\InforMeRyerson\app\build\intermediates\exploded-aar\com.android.support\support-v4\20.0.0\classes.jar
java_class_path (initial): C:\Users\Tanmay\AppData\Local\Android\android-sdk\build-tools\20.0.0\lib\dx.jar
Launcher Type: SUN_STANDARD

Environment Variables:
JAVA_HOME=C:\Program Files\Java\jdk1.8.0_05
CLASSPATH=.;C:\Program Files (x86)\Java\jre7\lib\ext\QTJava.zip
PATH=C:\WINDOWS\system32;C:\WINDOWS;C:\WINDOWS\System32\Wbem;C:\WINDOWS\System32\WindowsPowerShell\v1.0\;C:\Program Files\Intel\WiFi\bin\;C:\Program Files\Common Files\Intel\WirelessCommon\;C:\Program Files (x86)\QuickTime\QTSystem\;C:\Program Files\Java\jdk1.8.0_05\bin
USERNAME=Tanmay
OS=Windows_NT
PROCESSOR_IDENTIFIER=Intel64 Family 6 Model 58 Stepping 9, GenuineIntel



---------------  S Y S T E M  ---------------

OS: Windows 8.1 , 64 bit Build 9600 

CPU:total 4 (2 cores per cpu, 2 threads per core) family 6 model 58 stepping 9, cmov, cx8, fxsr, mmx, sse, sse2, sse3, ssse3, sse4.1, sse4.2, popcnt, avx, aes, clmul, erms, ht, tsc, tscinvbit

Memory: 4k page, physical 3618732k(105456k free), swap 7813036k(5360k free)

vm_info: Java HotSpot(TM) 64-Bit Server VM (25.5-b02) for windows-amd64 JRE (1.8.0_05-b13), built on Mar 18 2014 01:08:39 by "java_re" with MS VC++ 10.0 (VS2010)

time: Wed Aug 27 01:52:30 2014
elapsed time: 4 seconds

